mode=eqr_probe
run_dir=/huyang2/double-loop/runs/eqr-solid-combo-s52-20260604T043657Z-66ff740
git_sha=66ff74066cab22774c03310a20e7bcdf25311f2b
git_dirty=0
device=cuda torch=2.7.0+cu126 params=962692 eqr_dir=/huyang2/double-loop/repos/eqr
[eqr_nohydra stage=1:4-8] step=0050 ce=0.8477 loop1=1.0312 sec=70.3
[eqr_nohydra stage=1:4-8] step=0100 ce=0.4414 loop1=0.8672 sec=140.1
[eqr_nohydra stage=1:4-8] step=0150 ce=0.0908 loop1=0.6211 sec=209.9
[eqr_nohydra stage=1:4-8] step=0200 ce=0.0422 loop1=0.4531 sec=232.1
[eqr_nohydra stage=2:8-12] step=0250 ce=0.0273 loop1=0.6250 sec=250.3
[eqr_nohydra stage=2:8-12] step=0300 ce=0.0039 loop1=0.6289 sec=267.8
[eqr_nohydra stage=2:8-12] step=0350 ce=0.0052 loop1=0.5859 sec=285.1
[eqr_nohydra stage=2:8-12] step=0400 ce=0.0022 loop1=0.6484 sec=302.5
[eqr_nohydra stage=2:8-12] step=0450 ce=0.0028 loop1=0.5352 sec=320.1
[eqr_nohydra stage=2:8-12] step=0500 ce=0.0123 loop1=0.5430 sec=338.2
[eqr_nohydra stage=2:8-12] step=0550 ce=0.0008 loop1=0.5312 sec=356.1
[eqr_nohydra stage=2:8-12] step=0600 ce=0.0005 loop1=0.4844 sec=375.2
primary holes8 loop4 exact=1.0000 blank=1.0000 gain=0.9297
decision=Continue: EqR benefits from deeper recurrent refinement with FutureSeed/feature-diff enabled.
wrote /huyang2/double-loop/runs/eqr-solid-combo-s52-20260604T043657Z-66ff740/output/eqr_probe_seed52.json
wrote /huyang2/double-loop/runs/eqr-solid-combo-s52-20260604T043657Z-66ff740/output/eqr_probe_seed52.md
