nohup: ignoring input
mode=eqr_probe
run_dir=/huyang2/double-loop/runs/eqr-loopbudget-ext-20260604T061410Z-0cc0d1b-loop2_base-s56
git_sha=0cc0d1bedf69e1f0aef8fa7a3ab3d4a61e0666e1
git_dirty=1
device=cuda torch=2.7.0+cu126 params=888962 eqr_dir=/huyang2/double-loop/repos/eqr
[eqr_nohydra stage=1:8-16] step=0100 ce=0.2988 loop1=0.8945 sec=45.9
[eqr_nohydra stage=1:8-16] step=0200 ce=0.0330 loop1=0.5703 sec=91.5
[eqr_nohydra stage=1:8-16] step=0300 ce=0.0039 loop1=0.2061 sec=137.0
[eqr_nohydra stage=2:16-24] step=0400 ce=0.0184 loop1=0.2812 sec=182.5
[eqr_nohydra stage=2:16-24] step=0500 ce=0.0186 loop1=0.2217 sec=228.2
[eqr_nohydra stage=2:16-24] step=0600 ce=0.0082 loop1=0.1973 sec=272.2
[eqr_nohydra stage=2:16-24] step=0700 ce=0.0039 loop1=0.1484 sec=290.3
[eqr_nohydra stage=2:16-24] step=0800 ce=0.0063 loop1=0.1670 sec=306.2
[eqr_nohydra stage=2:16-24] step=0900 ce=0.0055 loop1=0.1660 sec=322.1
primary holes16 loop2 exact=0.9941 blank=0.9991 gain=0.3066
decision=Continue: EqR benefits from deeper recurrent refinement with FutureSeed/feature-diff enabled.
wrote /huyang2/double-loop/runs/eqr-loopbudget-ext-20260604T061410Z-0cc0d1b-loop2_base-s56/output/eqr_probe_seed56.json
wrote /huyang2/double-loop/runs/eqr-loopbudget-ext-20260604T061410Z-0cc0d1b-loop2_base-s56/output/eqr_probe_seed56.md
recorded run=eqr-loopbudget-ext-20260604T061410Z-0cc0d1b-loop2_base-s56 score=0.994140625 key=metrics.eval_clean.loop2.label_exact
completed run_dir=/huyang2/double-loop/runs/eqr-loopbudget-ext-20260604T061410Z-0cc0d1b-loop2_base-s56
