mode=full
run_dir=/huyang2/double-loop/.worktrees/looptime-h96-20260611T093013Z-cddd449/runs/looptime-h96-12x12-d256-l12-loop5-s3400-20260611T093013Z-cddd449
git_sha=cddd449cc1cc8b8270559aa8cf7c59b301c27bfc
git_dirty=0
device=cuda torch=2.7.0+cu126 board=12x12 box=3x4 mainline=future_seed_loop rwkv_kernel=auto forward_dtype=bfloat16
/opt/conda/lib/python3.10/site-packages/torch/utils/cpp_extension.py:2356: UserWarning: TORCH_CUDA_ARCH_LIST is not set, all archs for visible cards are included for compilation. 
If this is not desired, please set os.environ['TORCH_CUDA_ARCH_LIST'].
  warnings.warn(
[future_seed_loop stage=1:16-36] step=0100 ce=1.5847 total=1.5847 loop1=1.5856 loop_last=1.5847
[future_seed_loop stage=1:16-36] step=0200 ce=1.3209 total=1.3209 loop1=1.3203 loop_last=1.3209
[future_seed_loop stage=2:36-60] step=0300 ce=1.4657 total=1.4657 loop1=1.4677 loop_last=1.4657
[future_seed_loop stage=2:36-60] step=0400 ce=1.1771 total=1.1771 loop1=1.2128 loop_last=1.1771
[future_seed_loop stage=2:36-60] step=0500 ce=0.7079 total=0.7079 loop1=0.8567 loop_last=0.7079
[future_seed_loop stage=3:60-72] step=0600 ce=0.6563 total=0.6563 loop1=0.9893 loop_last=0.6563
[future_seed_loop stage=3:60-72] step=0700 ce=0.3218 total=0.3218 loop1=0.7373 loop_last=0.3218
[future_seed_loop stage=3:60-72] step=0800 ce=0.2362 total=0.2362 loop1=0.7176 loop_last=0.2362
[future_seed_loop stage=3:60-72] step=0900 ce=0.1421 total=0.1421 loop1=0.6225 loop_last=0.1421
[future_seed_loop stage=4:72-84] step=1000 ce=0.3530 total=0.3530 loop1=1.0457 loop_last=0.3530
[future_seed_loop stage=4:72-84] step=1100 ce=0.2837 total=0.2837 loop1=0.9326 loop_last=0.2837
[future_seed_loop stage=4:72-84] step=1200 ce=0.2510 total=0.2510 loop1=0.8799 loop_last=0.2510
[future_seed_loop stage=4:72-84] step=1300 ce=0.2490 total=0.2490 loop1=0.9217 loop_last=0.2490
[future_seed_loop stage=4:72-84] step=1400 ce=0.2175 total=0.2175 loop1=0.9780 loop_last=0.2175
[future_seed_loop stage=4:72-84] step=1500 ce=0.2471 total=0.2471 loop1=0.9779 loop_last=0.2471
[future_seed_loop stage=4:72-84] step=1600 ce=0.1875 total=0.1875 loop1=0.8628 loop_last=0.1875
[future_seed_loop stage=4:72-84] step=1700 ce=0.2106 total=0.2106 loop1=0.9072 loop_last=0.2106
[future_seed_loop stage=4:72-84] step=1800 ce=0.2027 total=0.2027 loop1=0.8945 loop_last=0.2027
[future_seed_loop stage=4:72-84] step=1900 ce=0.1398 total=0.1398 loop1=0.9293 loop_last=0.1398
[future_seed_loop stage=5:84-96] step=2000 ce=0.4882 total=0.4882 loop1=1.3732 loop_last=0.4882
[future_seed_loop stage=5:84-96] step=2100 ce=0.5648 total=0.5648 loop1=1.4941 loop_last=0.5648
[future_seed_loop stage=5:84-96] step=2200 ce=0.4802 total=0.4802 loop1=1.3114 loop_last=0.4802
[future_seed_loop stage=5:84-96] step=2300 ce=0.4500 total=0.4500 loop1=1.2626 loop_last=0.4500
[future_seed_loop stage=5:84-96] step=2400 ce=0.5061 total=0.5061 loop1=1.3604 loop_last=0.5061
[future_seed_loop stage=5:84-96] step=2500 ce=0.4348 total=0.4348 loop1=1.2825 loop_last=0.4348
[future_seed_loop stage=5:84-96] step=2600 ce=0.4111 total=0.4111 loop1=1.2373 loop_last=0.4111
[future_seed_loop stage=5:84-96] step=2700 ce=0.4571 total=0.4571 loop1=1.2680 loop_last=0.4571
[future_seed_loop stage=5:84-96] step=2800 ce=0.4250 total=0.4250 loop1=1.2622 loop_last=0.4250
[future_seed_loop stage=5:84-96] step=2900 ce=0.4612 total=0.4612 loop1=1.2683 loop_last=0.4612
[future_seed_loop stage=5:84-96] step=3000 ce=0.4507 total=0.4507 loop1=1.2997 loop_last=0.4507
[future_seed_loop stage=5:84-96] step=3100 ce=0.4478 total=0.4478 loop1=1.2696 loop_last=0.4478
[future_seed_loop stage=5:84-96] step=3200 ce=0.3843 total=0.3843 loop1=1.1906 loop_last=0.3843
[future_seed_loop stage=5:84-96] step=3300 ce=0.3973 total=0.3973 loop1=1.2386 loop_last=0.3973
[future_seed_loop stage=5:84-96] step=3400 ce=0.3667 total=0.3667 loop1=1.2383 loop_last=0.3667

full-board metrics
loop=1 exact=0.0000, valid=0.0000, solved=0.0000, blank_acc=0.5102
        fs_gate=0.567, fs_update=1.000, fs_state_norm=9.074, fs_decay=0.00, fb_in=0.000, fb_next=0.000, loop_time=2.012
loop=2 exact=0.0000, valid=0.0000, solved=0.0000, blank_acc=0.6538
        fs_gate=0.567, fs_update=1.000, fs_state_norm=9.074, fs_decay=0.00, fb_in=0.000, fb_next=0.000, loop_time=1.729
loop=3 exact=0.0000, valid=0.0000, solved=0.0000, blank_acc=0.7373
        fs_gate=0.567, fs_update=1.000, fs_state_norm=9.074, fs_decay=0.00, fb_in=0.000, fb_next=0.000, loop_time=1.099
loop=4 exact=0.0026, valid=0.0052, solved=0.0052, blank_acc=0.7527
        fs_gate=0.567, fs_update=1.000, fs_state_norm=9.074, fs_decay=0.00, fb_in=0.000, fb_next=0.000, loop_time=1.076
loop=5 exact=0.0052, valid=0.0104, solved=0.0104, blank_acc=0.7549
        fs_gate=0.567, fs_update=1.000, fs_state_norm=9.074, fs_decay=0.00, fb_in=0.000, fb_next=0.000, loop_time=1.706

stochastic rollout metrics
K1 oracle_exact=0.0052 oracle_solved=0.0104 disagree=0.0000
  confidence exact=0.0052, valid=0.0104, solved=0.0104, blank_acc=0.7549; gap=0.0000
  consistency exact=0.0052, valid=0.0104, solved=0.0104, blank_acc=0.7549; gap=0.0000
  residual    exact=0.0052, valid=0.0104, solved=0.0104, blank_acc=0.7549; gap=0.0000
  majority    exact=0.0052, valid=0.0104, solved=0.0104, blank_acc=0.7549; gap=0.0000

compute-scaling rollout metrics
loop1
  K1 oracle_exact=0.0000 confidence_exact=0.0000 residual_exact=0.0000 disagree=0.0000
loop3
  K1 oracle_exact=0.0000 confidence_exact=0.0000 residual_exact=0.0000 disagree=0.0000
loop5
  K1 oracle_exact=0.0052 confidence_exact=0.0052 residual_exact=0.0052 disagree=0.0000

hole-transfer metrics
holes=96 exact=0.0052, valid=0.0104, solved=0.0104, blank_acc=0.7549; indep=0.0000, exact/indep=2736954759.20
holes=72 exact=0.8542, valid=0.9453, solved=0.9453, blank_acc=0.9868; indep=0.3841, exact/indep=2.22
holes=84 exact=0.4115, valid=0.4714, solved=0.4714, blank_acc=0.9397; indep=0.0054, exact/indep=76.20
holes=108 exact=0.0000, valid=0.0000, solved=0.0000, blank_acc=0.4698; indep=0.0000, exact/indep=0.00

case-bank artifacts
h96 exact=0.0059 blank_acc=0.7490 selected={'solved_by_loop': 6, 'almost_solved': 8, 'hard_failure': 8}
  index=/huyang2/double-loop/.worktrees/looptime-h96-20260611T093013Z-cddd449/runs/looptime-h96-12x12-d256-l12-loop5-s3400-20260611T093013Z-cddd449/output/case_bank/h96/index.html
  cases=/huyang2/double-loop/.worktrees/looptime-h96-20260611T093013Z-cddd449/runs/looptime-h96-12x12-d256-l12-loop5-s3400-20260611T093013Z-cddd449/output/case_bank/h96/cases.json
Depth loop adds useful full-board refinement.
wrote /huyang2/double-loop/.worktrees/looptime-h96-20260611T093013Z-cddd449/runs/looptime-h96-12x12-d256-l12-loop5-s3400-20260611T093013Z-cddd449/output/futureseed_loop_seed52.json
wrote /huyang2/double-loop/.worktrees/looptime-h96-20260611T093013Z-cddd449/runs/looptime-h96-12x12-d256-l12-loop5-s3400-20260611T093013Z-cddd449/output/futureseed_loop_seed52.md
wrote /huyang2/double-loop/.worktrees/looptime-h96-20260611T093013Z-cddd449/runs/looptime-h96-12x12-d256-l12-loop5-s3400-20260611T093013Z-cddd449/output/futureseed_loop_case_seed52.html
recorded run=looptime-h96-12x12-d256-l12-loop5-s3400-20260611T093013Z-cddd449 score=0.0052083334885537624 key=metrics.eval_clean.loop5.label_exact
completed run_dir=/huyang2/double-loop/.worktrees/looptime-h96-20260611T093013Z-cddd449/runs/looptime-h96-12x12-d256-l12-loop5-s3400-20260611T093013Z-cddd449
