EqR FutureSeed/feature-noise patch already applied at /huyang2/double-loop/repos/eqr
EqR ready: base=aba94e9cde0f273ce644db5261cd6915ba6561f0 dir=/huyang2/double-loop/repos/eqr
No external data or model download is required for the current Sudoku probe.
mode=eqr_probe
run_dir=/huyang2/double-loop/runs/eqr-solid-hard_base-s52-20260604T044639Z-66ff740
git_sha=66ff74066cab22774c03310a20e7bcdf25311f2b
git_dirty=0
device=cuda torch=2.7.0+cu126 params=888962 eqr_dir=/huyang2/double-loop/repos/eqr
[eqr_nohydra stage=1:8-16] step=0100 ce=0.6992 loop1=1.3281 sec=39.5
[eqr_nohydra stage=1:8-16] step=0200 ce=0.0183 loop1=0.7383 sec=74.1
[eqr_nohydra stage=1:8-16] step=0300 ce=0.0132 loop1=0.8164 sec=108.6
[eqr_nohydra stage=2:16-24] step=0400 ce=0.0415 loop1=0.8633 sec=143.1
[eqr_nohydra stage=2:16-24] step=0500 ce=0.0181 loop1=0.7500 sec=177.8
[eqr_nohydra stage=2:16-24] step=0600 ce=0.0100 loop1=0.7891 sec=212.3
[eqr_nohydra stage=2:16-24] step=0700 ce=0.0027 loop1=0.6836 sec=236.0
[eqr_nohydra stage=2:16-24] step=0800 ce=0.0078 loop1=0.6133 sec=257.8
[eqr_nohydra stage=2:16-24] step=0900 ce=0.0061 loop1=0.6445 sec=279.8
primary holes16 loop4 exact=1.0000 blank=1.0000 gain=0.9727
decision=Continue: EqR benefits from deeper recurrent refinement with FutureSeed/feature-diff enabled.
wrote /huyang2/double-loop/runs/eqr-solid-hard_base-s52-20260604T044639Z-66ff740/output/eqr_probe_seed52.json
wrote /huyang2/double-loop/runs/eqr-solid-hard_base-s52-20260604T044639Z-66ff740/output/eqr_probe_seed52.md
recorded run=eqr-solid-hard_base-s52-20260604T044639Z-66ff740 score=1.0 key=metrics.eval_clean.loop4.label_exact
completed run_dir=/huyang2/double-loop/runs/eqr-solid-hard_base-s52-20260604T044639Z-66ff740
