EqR FutureSeed/feature-noise patch already applied at /huyang2/double-loop/repos/eqr
EqR ready: base=aba94e9cde0f273ce644db5261cd6915ba6561f0 dir=/huyang2/double-loop/repos/eqr
No external data or model download is required for the current Sudoku probe.
mode=eqr_probe
run_dir=/huyang2/double-loop/runs/eqr-solid-hardrep_combo-s54-20260604T045905Z-66ff740
git_sha=66ff74066cab22774c03310a20e7bcdf25311f2b
git_dirty=0
device=cuda torch=2.7.0+cu126 params=962692 eqr_dir=/huyang2/double-loop/repos/eqr
[eqr_nohydra stage=1:8-16] step=0100 ce=0.4219 loop1=1.0625 sec=140.8
[eqr_nohydra stage=1:8-16] step=0200 ce=0.0128 loop1=0.6289 sec=281.3
[eqr_nohydra stage=1:8-16] step=0300 ce=0.0017 loop1=0.5664 sec=341.0
[eqr_nohydra stage=2:16-24] step=0400 ce=0.0115 loop1=0.7148 sec=376.7
[eqr_nohydra stage=2:16-24] step=0500 ce=0.0036 loop1=0.6992 sec=412.9
[eqr_nohydra stage=2:16-24] step=0600 ce=0.0104 loop1=0.5430 sec=449.0
[eqr_nohydra stage=2:16-24] step=0700 ce=0.0120 loop1=0.5703 sec=484.8
[eqr_nohydra stage=2:16-24] step=0800 ce=0.0094 loop1=0.5391 sec=520.4
[eqr_nohydra stage=2:16-24] step=0900 ce=0.0129 loop1=0.5156 sec=555.1
primary holes16 loop4 exact=0.9980 blank=0.9993 gain=0.9355
decision=Continue: EqR benefits from deeper recurrent refinement with FutureSeed/feature-diff enabled.
wrote /huyang2/double-loop/runs/eqr-solid-hardrep_combo-s54-20260604T045905Z-66ff740/output/eqr_probe_seed54.json
wrote /huyang2/double-loop/runs/eqr-solid-hardrep_combo-s54-20260604T045905Z-66ff740/output/eqr_probe_seed54.md
recorded run=eqr-solid-hardrep_combo-s54-20260604T045905Z-66ff740 score=0.998046875 key=metrics.eval_clean.loop4.label_exact
completed run_dir=/huyang2/double-loop/runs/eqr-solid-hardrep_combo-s54-20260604T045905Z-66ff740
