mode=full
run_dir=/huyang2/double-loop/.worktrees/h96frontier-12x12-20260611T075445Z-be4046b/runs/h96frontier-12x12-d256-l12-loop5-s3400-20260611T075445Z-be4046b
git_sha=be4046be273f07267edbc98a60d3164d13436c32
git_dirty=0
device=cuda torch=2.7.0+cu126 board=12x12 box=3x4 mainline=future_seed_loop rwkv_kernel=auto forward_dtype=bfloat16
/opt/conda/lib/python3.10/site-packages/torch/utils/cpp_extension.py:2356: UserWarning: TORCH_CUDA_ARCH_LIST is not set, all archs for visible cards are included for compilation. 
If this is not desired, please set os.environ['TORCH_CUDA_ARCH_LIST'].
  warnings.warn(
[future_seed_loop stage=1:16-36] step=0100 ce=1.5464 total=1.5464 loop1=1.5470 loop_last=1.5464
[future_seed_loop stage=1:16-36] step=0200 ce=1.2694 total=1.2694 loop1=1.2706 loop_last=1.2694
[future_seed_loop stage=2:36-60] step=0300 ce=1.3935 total=1.3935 loop1=1.4087 loop_last=1.3935
[future_seed_loop stage=2:36-60] step=0400 ce=0.9626 total=0.9626 loop1=1.0846 loop_last=0.9626
[future_seed_loop stage=2:36-60] step=0500 ce=0.5030 total=0.5030 loop1=0.7954 loop_last=0.5030
[future_seed_loop stage=3:60-72] step=0600 ce=0.4638 total=0.4638 loop1=0.9659 loop_last=0.4638
[future_seed_loop stage=3:60-72] step=0700 ce=0.2980 total=0.2980 loop1=0.8700 loop_last=0.2980
[future_seed_loop stage=3:60-72] step=0800 ce=0.2534 total=0.2534 loop1=1.0100 loop_last=0.2534
[future_seed_loop stage=3:60-72] step=0900 ce=0.1666 total=0.1666 loop1=0.9003 loop_last=0.1666
[future_seed_loop stage=4:72-84] step=1000 ce=0.3859 total=0.3859 loop1=1.2340 loop_last=0.3859
[future_seed_loop stage=4:72-84] step=1100 ce=0.3447 total=0.3447 loop1=1.2121 loop_last=0.3447
[future_seed_loop stage=4:72-84] step=1200 ce=0.2662 total=0.2662 loop1=1.1871 loop_last=0.2662
[future_seed_loop stage=4:72-84] step=1300 ce=0.2965 total=0.2965 loop1=1.2464 loop_last=0.2965
[future_seed_loop stage=4:72-84] step=1400 ce=0.2526 total=0.2526 loop1=1.1983 loop_last=0.2526
[future_seed_loop stage=4:72-84] step=1500 ce=0.2395 total=0.2395 loop1=1.2537 loop_last=0.2395
[future_seed_loop stage=4:72-84] step=1600 ce=0.2173 total=0.2173 loop1=1.2231 loop_last=0.2173
[future_seed_loop stage=4:72-84] step=1700 ce=0.2264 total=0.2264 loop1=1.2471 loop_last=0.2264
[future_seed_loop stage=4:72-84] step=1800 ce=0.1898 total=0.1898 loop1=1.2359 loop_last=0.1898
[future_seed_loop stage=4:72-84] step=1900 ce=0.1545 total=0.1545 loop1=1.1835 loop_last=0.1545
[future_seed_loop stage=5:84-96] step=2000 ce=0.4962 total=0.4962 loop1=1.5867 loop_last=0.4962
[future_seed_loop stage=5:84-96] step=2100 ce=0.5354 total=0.5354 loop1=1.6471 loop_last=0.5354
[future_seed_loop stage=5:84-96] step=2200 ce=0.4724 total=0.4724 loop1=1.5161 loop_last=0.4724
[future_seed_loop stage=5:84-96] step=2300 ce=0.4194 total=0.4194 loop1=1.4760 loop_last=0.4194
[future_seed_loop stage=5:84-96] step=2400 ce=0.4888 total=0.4888 loop1=1.4610 loop_last=0.4888
[future_seed_loop stage=5:84-96] step=2500 ce=0.4225 total=0.4225 loop1=1.5448 loop_last=0.4225
[future_seed_loop stage=5:84-96] step=2600 ce=0.4215 total=0.4215 loop1=1.4621 loop_last=0.4215
[future_seed_loop stage=5:84-96] step=2700 ce=0.4180 total=0.4180 loop1=1.4983 loop_last=0.4180
[future_seed_loop stage=5:84-96] step=2800 ce=0.3443 total=0.3443 loop1=1.4930 loop_last=0.3443
[future_seed_loop stage=5:84-96] step=2900 ce=0.4177 total=0.4177 loop1=1.5767 loop_last=0.4177
[future_seed_loop stage=5:84-96] step=3000 ce=0.4090 total=0.4090 loop1=1.6048 loop_last=0.4090
[future_seed_loop stage=5:84-96] step=3100 ce=0.4344 total=0.4344 loop1=1.6018 loop_last=0.4344
[future_seed_loop stage=5:84-96] step=3200 ce=0.3788 total=0.3788 loop1=1.5840 loop_last=0.3788
[future_seed_loop stage=5:84-96] step=3300 ce=0.4000 total=0.4000 loop1=1.5384 loop_last=0.4000
[future_seed_loop stage=5:84-96] step=3400 ce=0.3931 total=0.3931 loop1=1.6003 loop_last=0.3931

full-board metrics
loop=1 exact=0.0000, valid=0.0000, solved=0.0000, blank_acc=0.4211
        fs_gate=0.582, fs_update=1.000, fs_state_norm=9.316, fs_decay=0.00, fb_in=0.000, fb_next=0.000
loop=2 exact=0.0000, valid=0.0000, solved=0.0000, blank_acc=0.6319
        fs_gate=0.582, fs_update=1.000, fs_state_norm=9.316, fs_decay=0.00, fb_in=0.000, fb_next=0.000
loop=3 exact=0.0000, valid=0.0000, solved=0.0000, blank_acc=0.7414
        fs_gate=0.582, fs_update=1.000, fs_state_norm=9.316, fs_decay=0.00, fb_in=0.000, fb_next=0.000
loop=4 exact=0.0078, valid=0.0078, solved=0.0078, blank_acc=0.7732
        fs_gate=0.582, fs_update=1.000, fs_state_norm=9.316, fs_decay=0.00, fb_in=0.000, fb_next=0.000
loop=5 exact=0.0104, valid=0.0104, solved=0.0104, blank_acc=0.7769
        fs_gate=0.582, fs_update=1.000, fs_state_norm=9.316, fs_decay=0.00, fb_in=0.000, fb_next=0.000

stochastic rollout metrics
K1 oracle_exact=0.0104 oracle_solved=0.0104 disagree=0.0000
  confidence exact=0.0104, valid=0.0104, solved=0.0104, blank_acc=0.7769; gap=0.0000
  consistency exact=0.0104, valid=0.0104, solved=0.0104, blank_acc=0.7769; gap=0.0000
  residual    exact=0.0104, valid=0.0104, solved=0.0104, blank_acc=0.7769; gap=0.0000
  majority    exact=0.0104, valid=0.0104, solved=0.0104, blank_acc=0.7769; gap=0.0000

compute-scaling rollout metrics
loop1
  K1 oracle_exact=0.0000 confidence_exact=0.0000 residual_exact=0.0000 disagree=0.0000
loop3
  K1 oracle_exact=0.0000 confidence_exact=0.0000 residual_exact=0.0000 disagree=0.0000
loop5
  K1 oracle_exact=0.0104 confidence_exact=0.0104 residual_exact=0.0104 disagree=0.0000

hole-transfer metrics
holes=96 exact=0.0104, valid=0.0104, solved=0.0104, blank_acc=0.7769; indep=0.0000, exact/indep=350805953.39
holes=72 exact=0.8750, valid=0.9323, solved=0.9323, blank_acc=0.9889; indep=0.4487, exact/indep=1.95
holes=84 exact=0.4740, valid=0.5469, solved=0.5469, blank_acc=0.9515; indep=0.0154, exact/indep=30.83
holes=108 exact=0.0000, valid=0.0000, solved=0.0000, blank_acc=0.4829; indep=0.0000, exact/indep=0.00

case-bank artifacts
h96 exact=0.0068 blank_acc=0.7652 selected={'solved_by_loop': 7, 'almost_solved': 8, 'hard_failure': 8}
  index=/huyang2/double-loop/.worktrees/h96frontier-12x12-20260611T075445Z-be4046b/runs/h96frontier-12x12-d256-l12-loop5-s3400-20260611T075445Z-be4046b/output/case_bank/h96/index.html
  cases=/huyang2/double-loop/.worktrees/h96frontier-12x12-20260611T075445Z-be4046b/runs/h96frontier-12x12-d256-l12-loop5-s3400-20260611T075445Z-be4046b/output/case_bank/h96/cases.json
Depth loop adds useful full-board refinement.
wrote /huyang2/double-loop/.worktrees/h96frontier-12x12-20260611T075445Z-be4046b/runs/h96frontier-12x12-d256-l12-loop5-s3400-20260611T075445Z-be4046b/output/futureseed_loop_seed52.json
wrote /huyang2/double-loop/.worktrees/h96frontier-12x12-20260611T075445Z-be4046b/runs/h96frontier-12x12-d256-l12-loop5-s3400-20260611T075445Z-be4046b/output/futureseed_loop_seed52.md
wrote /huyang2/double-loop/.worktrees/h96frontier-12x12-20260611T075445Z-be4046b/runs/h96frontier-12x12-d256-l12-loop5-s3400-20260611T075445Z-be4046b/output/futureseed_loop_case_seed52.html
recorded run=h96frontier-12x12-d256-l12-loop5-s3400-20260611T075445Z-be4046b score=0.010416666977107525 key=metrics.eval_clean.loop5.label_exact
completed run_dir=/huyang2/double-loop/.worktrees/h96frontier-12x12-20260611T075445Z-be4046b/runs/h96frontier-12x12-d256-l12-loop5-s3400-20260611T075445Z-be4046b
