EqR FutureSeed/feature-noise patch already applied at /huyang2/double-loop/repos/eqr
EqR ready: base=aba94e9cde0f273ce644db5261cd6915ba6561f0 dir=/huyang2/double-loop/repos/eqr
No external data or model download is required for the current Sudoku probe.
mode=eqr_probe
run_dir=/huyang2/double-loop/runs/eqr-solid-fs_only-s53-20260604T043657Z-66ff740
git_sha=66ff74066cab22774c03310a20e7bcdf25311f2b
git_dirty=0
device=cuda torch=2.7.0+cu126 params=962692 eqr_dir=/huyang2/double-loop/repos/eqr
[eqr_nohydra stage=1:4-8] step=0050 ce=0.8789 loop1=1.0547 sec=18.2
[eqr_nohydra stage=1:4-8] step=0100 ce=0.3398 loop1=1.0234 sec=35.9
[eqr_nohydra stage=1:4-8] step=0150 ce=0.0688 loop1=0.5586 sec=53.7
[eqr_nohydra stage=1:4-8] step=0200 ce=0.0374 loop1=0.6367 sec=71.4
[eqr_nohydra stage=2:8-12] step=0250 ce=0.0225 loop1=0.6836 sec=89.0
[eqr_nohydra stage=2:8-12] step=0300 ce=0.0200 loop1=0.6914 sec=106.8
[eqr_nohydra stage=2:8-12] step=0350 ce=0.0168 loop1=0.6016 sec=124.5
[eqr_nohydra stage=2:8-12] step=0400 ce=0.0063 loop1=0.6016 sec=142.3
[eqr_nohydra stage=2:8-12] step=0450 ce=0.0037 loop1=0.5195 sec=160.0
[eqr_nohydra stage=2:8-12] step=0500 ce=0.0012 loop1=0.5000 sec=177.8
[eqr_nohydra stage=2:8-12] step=0550 ce=0.0038 loop1=0.6406 sec=195.5
[eqr_nohydra stage=2:8-12] step=0600 ce=0.0040 loop1=0.5859 sec=212.8
primary holes8 loop4 exact=1.0000 blank=1.0000 gain=0.9512
decision=Continue: EqR benefits from deeper recurrent refinement with FutureSeed/feature-diff enabled.
wrote /huyang2/double-loop/runs/eqr-solid-fs_only-s53-20260604T043657Z-66ff740/output/eqr_probe_seed53.json
wrote /huyang2/double-loop/runs/eqr-solid-fs_only-s53-20260604T043657Z-66ff740/output/eqr_probe_seed53.md
recorded run=eqr-solid-fs_only-s53-20260604T043657Z-66ff740 score=1.0 key=metrics.eval_clean.loop4.label_exact
completed run_dir=/huyang2/double-loop/runs/eqr-solid-fs_only-s53-20260604T043657Z-66ff740
