nohup: ignoring input
mode=full
run_dir=/huyang2/double-loop/.worktrees/scratchpad-code-20260612T1012Z-b03829b/runs/scratchpad-gated-h120-step6800-d256-l12-loop6-20260613T0238Z-b03829b
git_sha=b03829be2b4ec387f4bf772e5144b6c5dab7af74
git_dirty=0
device=cuda torch=2.7.0+cu126 board=12x12 box=3x4 mainline=future_seed_loop rwkv_kernel=statepassing forward_dtype=bfloat16
checkpoint_eval steps=6800 holes=96,108,120,132
[future_seed_loop stage=1:16-36] step=0100 ce=1.5808 total=1.5800 loop1=1.5781 loop_last=1.5808 scratch_delta=0.374 scratch_gauss=0.0000
[future_seed_loop stage=1:16-36] step=0200 ce=1.2777 total=1.2781 loop1=1.2806 loop_last=1.2777 scratch_delta=0.287 scratch_gauss=0.0000
[future_seed_loop stage=2:36-60] step=0300 ce=1.4425 total=1.4414 loop1=1.4396 loop_last=1.4425 scratch_delta=0.263 scratch_gauss=0.0000
[future_seed_loop stage=2:36-60] step=0400 ce=1.1068 total=1.1185 loop1=1.1681 loop_last=1.1068 scratch_delta=0.293 scratch_gauss=0.0000
[future_seed_loop stage=2:36-60] step=0500 ce=0.5536 total=0.5794 loop1=0.6907 loop_last=0.5536 scratch_delta=0.470 scratch_gauss=0.0000
[future_seed_loop stage=3:60-72] step=0600 ce=0.4337 total=0.4912 loop1=0.7378 loop_last=0.4337 scratch_delta=0.794 scratch_gauss=0.0000
[future_seed_loop stage=3:60-72] step=0700 ce=0.1654 total=0.2217 loop1=0.4668 loop_last=0.1654 scratch_delta=0.959 scratch_gauss=0.0000
[future_seed_loop stage=3:60-72] step=0800 ce=0.1352 total=0.1855 loop1=0.4091 loop_last=0.1352 scratch_delta=1.062 scratch_gauss=0.0000
[future_seed_loop stage=3:60-72] step=0900 ce=0.1359 total=0.1787 loop1=0.3692 loop_last=0.1359 scratch_delta=1.187 scratch_gauss=0.0000
[future_seed_loop stage=3:60-72] step=1000 ce=0.0863 total=0.1309 loop1=0.3267 loop_last=0.0863 scratch_delta=1.295 scratch_gauss=0.0000
[future_seed_loop stage=4:72-84] step=1100 ce=0.2959 total=0.3556 loop1=0.6067 loop_last=0.2959 scratch_delta=1.464 scratch_gauss=0.0000
[future_seed_loop stage=4:72-84] step=1200 ce=0.2452 total=0.3041 loop1=0.5507 loop_last=0.2452 scratch_delta=1.528 scratch_gauss=0.0000
[future_seed_loop stage=4:72-84] step=1300 ce=0.2151 total=0.2717 loop1=0.5207 loop_last=0.2151 scratch_delta=1.564 scratch_gauss=0.0000
[future_seed_loop stage=4:72-84] step=1400 ce=0.1941 total=0.2476 loop1=0.4757 loop_last=0.1941 scratch_delta=1.649 scratch_gauss=0.0000
[future_seed_loop stage=4:72-84] step=1500 ce=0.2270 total=0.2755 loop1=0.4868 loop_last=0.2270 scratch_delta=1.722 scratch_gauss=0.0000
[future_seed_loop stage=4:72-84] step=1600 ce=0.1825 total=0.2323 loop1=0.4470 loop_last=0.1825 scratch_delta=1.853 scratch_gauss=0.0000
[future_seed_loop stage=4:72-84] step=1700 ce=0.1642 total=0.2101 loop1=0.4124 loop_last=0.1642 scratch_delta=1.930 scratch_gauss=0.0000
[future_seed_loop stage=4:72-84] step=1800 ce=0.1792 total=0.2303 loop1=0.4524 loop_last=0.1792 scratch_delta=1.928 scratch_gauss=0.0000
[future_seed_loop stage=4:72-84] step=1900 ce=0.1591 total=0.2105 loop1=0.4276 loop_last=0.1591 scratch_delta=1.951 scratch_gauss=0.0000
[future_seed_loop stage=4:72-84] step=2000 ce=0.1336 total=0.1757 loop1=0.3603 loop_last=0.1336 scratch_delta=1.961 scratch_gauss=0.0000
[future_seed_loop stage=4:72-84] step=2100 ce=0.1170 total=0.1689 loop1=0.3935 loop_last=0.1170 scratch_delta=2.033 scratch_gauss=0.0000
[future_seed_loop stage=4:72-84] step=2200 ce=0.1365 total=0.1805 loop1=0.3708 loop_last=0.1365 scratch_delta=2.163 scratch_gauss=0.0000
[future_seed_loop stage=5:84-96] step=2300 ce=0.4273 total=0.4928 loop1=0.7571 loop_last=0.4273 scratch_delta=2.228 scratch_gauss=0.0000
[future_seed_loop stage=5:84-96] step=2400 ce=0.4529 total=0.5149 loop1=0.7779 loop_last=0.4529 scratch_delta=2.386 scratch_gauss=0.0000
[future_seed_loop stage=5:84-96] step=2500 ce=0.3194 total=0.3932 loop1=0.6873 loop_last=0.3194 scratch_delta=2.470 scratch_gauss=0.0000
[future_seed_loop stage=5:84-96] step=2600 ce=0.3672 total=0.4329 loop1=0.7040 loop_last=0.3672 scratch_delta=2.602 scratch_gauss=0.0000
[future_seed_loop stage=5:84-96] step=2700 ce=0.3790 total=0.4532 loop1=0.7424 loop_last=0.3790 scratch_delta=2.682 scratch_gauss=0.0000
[future_seed_loop stage=5:84-96] step=2800 ce=0.3536 total=0.4223 loop1=0.7040 loop_last=0.3536 scratch_delta=2.747 scratch_gauss=0.0000
[future_seed_loop stage=5:84-96] step=2900 ce=0.3920 total=0.4582 loop1=0.7215 loop_last=0.3920 scratch_delta=2.885 scratch_gauss=0.0000
[future_seed_loop stage=5:84-96] step=3000 ce=0.3195 total=0.3896 loop1=0.6725 loop_last=0.3195 scratch_delta=2.944 scratch_gauss=0.0000
[future_seed_loop stage=5:84-96] step=3100 ce=0.2792 total=0.3506 loop1=0.6351 loop_last=0.2792 scratch_delta=2.847 scratch_gauss=0.0000
[future_seed_loop stage=5:84-96] step=3200 ce=0.2525 total=0.3278 loop1=0.6303 loop_last=0.2525 scratch_delta=2.973 scratch_gauss=0.0000
[future_seed_loop stage=5:84-96] step=3300 ce=0.2445 total=0.3228 loop1=0.6262 loop_last=0.2445 scratch_delta=3.205 scratch_gauss=0.0000
[future_seed_loop stage=5:84-96] step=3400 ce=0.2631 total=0.3449 loop1=0.6634 loop_last=0.2631 scratch_delta=3.221 scratch_gauss=0.0000
[future_seed_loop stage=5:84-96] step=3500 ce=0.1968 total=0.2816 loop1=0.6175 loop_last=0.1968 scratch_delta=3.194 scratch_gauss=0.0000
[future_seed_loop stage=5:84-96] step=3600 ce=0.1353 total=0.2257 loop1=0.5857 loop_last=0.1353 scratch_delta=3.289 scratch_gauss=0.0000
[future_seed_loop stage=5:84-96] step=3700 ce=0.0914 total=0.1958 loop1=0.6225 loop_last=0.0914 scratch_delta=3.333 scratch_gauss=0.0000
[future_seed_loop stage=5:84-96] step=3800 ce=0.0528 total=0.1376 loop1=0.5024 loop_last=0.0528 scratch_delta=3.304 scratch_gauss=0.0000
[future_seed_loop stage=5:84-96] step=3900 ce=0.0422 total=0.1143 loop1=0.4412 loop_last=0.0422 scratch_delta=3.249 scratch_gauss=0.0000
[future_seed_loop stage=5:84-96] step=4000 ce=0.0485 total=0.1083 loop1=0.3888 loop_last=0.0485 scratch_delta=3.160 scratch_gauss=0.0000
[future_seed_loop stage=6:96-108] step=4100 ce=0.2584 total=0.4160 loop1=1.0197 loop_last=0.2584 scratch_delta=3.637 scratch_gauss=0.0000
[future_seed_loop stage=6:96-108] step=4200 ce=0.2196 total=0.3617 loop1=0.9410 loop_last=0.2196 scratch_delta=3.752 scratch_gauss=0.0000
[future_seed_loop stage=6:96-108] step=4300 ce=0.2298 total=0.3677 loop1=0.9091 loop_last=0.2298 scratch_delta=3.839 scratch_gauss=0.0000
[future_seed_loop stage=6:96-108] step=4400 ce=0.1509 total=0.2928 loop1=0.8637 loop_last=0.1509 scratch_delta=3.891 scratch_gauss=0.0000
[future_seed_loop stage=6:96-108] step=4500 ce=0.1081 total=0.2489 loop1=0.8215 loop_last=0.1081 scratch_delta=4.067 scratch_gauss=0.0000
[future_seed_loop stage=6:96-108] step=4600 ce=0.0764 total=0.1974 loop1=0.7245 loop_last=0.0764 scratch_delta=3.919 scratch_gauss=0.0000
[future_seed_loop stage=6:96-108] step=4700 ce=0.0728 total=0.1884 loop1=0.6838 loop_last=0.0728 scratch_delta=4.167 scratch_gauss=0.0000
[future_seed_loop stage=6:96-108] step=4800 ce=0.0957 total=0.2128 loop1=0.7231 loop_last=0.0957 scratch_delta=4.213 scratch_gauss=0.0000
[future_seed_loop stage=6:96-108] step=4900 ce=0.0704 total=0.1824 loop1=0.6798 loop_last=0.0704 scratch_delta=4.130 scratch_gauss=0.0000
[future_seed_loop stage=6:96-108] step=5000 ce=0.1192 total=0.2401 loop1=0.7326 loop_last=0.1192 scratch_delta=4.104 scratch_gauss=0.0000
[future_seed_loop stage=6:96-108] step=5100 ce=0.0703 total=0.1697 loop1=0.6092 loop_last=0.0703 scratch_delta=4.223 scratch_gauss=0.0000
[future_seed_loop stage=6:96-108] step=5200 ce=0.0371 total=0.1453 loop1=0.6195 loop_last=0.0371 scratch_delta=4.033 scratch_gauss=0.0000
[future_seed_loop stage=6:96-108] step=5300 ce=0.0425 total=0.1402 loop1=0.5778 loop_last=0.0425 scratch_delta=4.248 scratch_gauss=0.0000
[future_seed_loop stage=6:96-108] step=5400 ce=0.0531 total=0.1550 loop1=0.5976 loop_last=0.0531 scratch_delta=4.317 scratch_gauss=0.0000
[future_seed_loop stage=6:96-108] step=5500 ce=0.0436 total=0.1293 loop1=0.5182 loop_last=0.0436 scratch_delta=4.253 scratch_gauss=0.0000
[future_seed_loop stage=6:96-108] step=5600 ce=0.0520 total=0.1539 loop1=0.5940 loop_last=0.0520 scratch_delta=4.328 scratch_gauss=0.0000
[future_seed_loop stage=6:96-108] step=5700 ce=0.0495 total=0.1547 loop1=0.6157 loop_last=0.0495 scratch_delta=4.311 scratch_gauss=0.0000
[future_seed_loop stage=6:96-108] step=5800 ce=0.0491 total=0.1400 loop1=0.5353 loop_last=0.0491 scratch_delta=4.469 scratch_gauss=0.0000
[future_seed_loop stage=7:108-120] step=5900 ce=0.7288 total=0.8847 loop1=1.4317 loop_last=0.7288 scratch_delta=4.661 scratch_gauss=0.0000
[future_seed_loop stage=7:108-120] step=6000 ce=0.7456 total=0.8814 loop1=1.3883 loop_last=0.7456 scratch_delta=4.899 scratch_gauss=0.0000
[future_seed_loop stage=7:108-120] step=6100 ce=0.7738 total=0.9040 loop1=1.3883 loop_last=0.7738 scratch_delta=4.921 scratch_gauss=0.0000
[future_seed_loop stage=7:108-120] step=6200 ce=0.6503 total=0.8149 loop1=1.4035 loop_last=0.6503 scratch_delta=5.139 scratch_gauss=0.0000
[future_seed_loop stage=7:108-120] step=6300 ce=0.6141 total=0.7786 loop1=1.3625 loop_last=0.6141 scratch_delta=5.180 scratch_gauss=0.0000
[future_seed_loop stage=7:108-120] step=6400 ce=0.7225 total=0.8898 loop1=1.4769 loop_last=0.7225 scratch_delta=5.391 scratch_gauss=0.0000
[future_seed_loop stage=7:108-120] step=6500 ce=0.4609 total=0.6374 loop1=1.2852 loop_last=0.4609 scratch_delta=5.296 scratch_gauss=0.0000
[future_seed_loop stage=7:108-120] step=6600 ce=0.6227 total=0.7911 loop1=1.3917 loop_last=0.6227 scratch_delta=5.209 scratch_gauss=0.0000
[future_seed_loop stage=7:108-120] step=6700 ce=0.6594 total=0.8414 loop1=1.4642 loop_last=0.6594 scratch_delta=5.461 scratch_gauss=0.0000
[future_seed_loop stage=7:108-120] step=6800 ce=0.5035 total=0.6647 loop1=1.2699 loop_last=0.5035 scratch_delta=5.434 scratch_gauss=0.0000
[checkpoint_eval step=6800 holes120] loop6 exact=0.0039 blank=0.5460

full-board metrics
loop=1 exact=0.0000, valid=0.0000, solved=0.0000, blank_acc=0.3231
        fs_gate=0.637, fs_update=1.000, fs_state_norm=20.375, fs_decay=0.00, fb_in=0.000, fb_next=0.000, loop_time=0.000, scratch_gate=0.233, scratch_decay=0.426, scratch_delta=34.473, scratch_resid=13.454
loop=2 exact=0.0000, valid=0.0000, solved=0.0000, blank_acc=0.4507
        fs_gate=0.637, fs_update=1.000, fs_state_norm=20.375, fs_decay=0.00, fb_in=0.000, fb_next=0.000, loop_time=0.000, scratch_gate=0.240, scratch_decay=0.271, scratch_delta=23.700, scratch_resid=13.356
loop=3 exact=0.0059, valid=0.0059, solved=0.0059, blank_acc=0.5130
        fs_gate=0.637, fs_update=1.000, fs_state_norm=20.375, fs_decay=0.00, fb_in=0.000, fb_next=0.000, loop_time=0.000, scratch_gate=0.243, scratch_decay=0.243, scratch_delta=15.711, scratch_resid=13.267
loop=4 exact=0.0059, valid=0.0078, solved=0.0078, blank_acc=0.5237
        fs_gate=0.637, fs_update=1.000, fs_state_norm=20.375, fs_decay=0.00, fb_in=0.000, fb_next=0.000, loop_time=0.000, scratch_gate=0.244, scratch_decay=0.238, scratch_delta=10.234, scratch_resid=13.245
loop=5 exact=0.0059, valid=0.0098, solved=0.0098, blank_acc=0.5264
        fs_gate=0.637, fs_update=1.000, fs_state_norm=20.375, fs_decay=0.00, fb_in=0.000, fb_next=0.000, loop_time=0.000, scratch_gate=0.245, scratch_decay=0.238, scratch_delta=7.465, scratch_resid=13.242
loop=6 exact=0.0059, valid=0.0117, solved=0.0117, blank_acc=0.5265
        fs_gate=0.637, fs_update=1.000, fs_state_norm=20.375, fs_decay=0.00, fb_in=0.000, fb_next=0.000, loop_time=0.000, scratch_gate=0.245, scratch_decay=0.237, scratch_delta=5.787, scratch_resid=13.241

stochastic rollout metrics
K1 oracle_exact=0.0059 oracle_solved=0.0117 disagree=0.0000
  confidence exact=0.0059, valid=0.0117, solved=0.0117, blank_acc=0.5265; gap=0.0000
  consistency exact=0.0059, valid=0.0117, solved=0.0117, blank_acc=0.5265; gap=0.0000
  residual    exact=0.0059, valid=0.0117, solved=0.0117, blank_acc=0.5265; gap=0.0000
  majority    exact=0.0059, valid=0.0117, solved=0.0117, blank_acc=0.5265; gap=0.0000

hole-transfer metrics
holes=120 exact=0.0059, valid=0.0117, solved=0.0117, blank_acc=0.5265; indep=0.0000, exact/indep=15742727188219944206614988324864.00
holes=96 exact=0.9883, valid=0.9922, solved=0.9922, blank_acc=0.9987; indep=0.8842, exact/indep=1.12
holes=108 exact=0.8438, valid=0.8496, solved=0.8496, blank_acc=0.9835; indep=0.1663, exact/indep=5.07
holes=132 exact=0.0000, valid=0.0000, solved=0.0000, blank_acc=0.1516; indep=0.0000, exact/indep=0.00
Depth loop adds useful full-board refinement.
wrote /huyang2/double-loop/.worktrees/scratchpad-code-20260612T1012Z-b03829b/runs/scratchpad-gated-h120-step6800-d256-l12-loop6-20260613T0238Z-b03829b/output/futureseed_loop_seed52.json
wrote /huyang2/double-loop/.worktrees/scratchpad-code-20260612T1012Z-b03829b/runs/scratchpad-gated-h120-step6800-d256-l12-loop6-20260613T0238Z-b03829b/output/futureseed_loop_seed52.md
wrote /huyang2/double-loop/.worktrees/scratchpad-code-20260612T1012Z-b03829b/runs/scratchpad-gated-h120-step6800-d256-l12-loop6-20260613T0238Z-b03829b/output/futureseed_loop_case_seed52.html
recorded run=scratchpad-gated-h120-step6800-d256-l12-loop6-20260613T0238Z-b03829b score=0.005859375 key=metrics.eval_clean.loop6.label_exact
completed run_dir=/huyang2/double-loop/.worktrees/scratchpad-code-20260612T1012Z-b03829b/runs/scratchpad-gated-h120-step6800-d256-l12-loop6-20260613T0238Z-b03829b
