mode=full
run_dir=/huyang2/double-loop/.worktrees/d320-h120-capacity-code-20260613T1340Z-b03829b/runs/capprobe-d320-h120-step6800-d320-l12-loop6-b48-20260613T1522Z-b03829b
git_sha=b03829be2b4ec387f4bf772e5144b6c5dab7af74
git_dirty=0
device=cuda torch=2.7.0+cu126 board=12x12 box=3x4 mainline=future_seed_loop rwkv_kernel=statepassing forward_dtype=bfloat16
checkpoint_eval steps=6800 holes=96,108,120,132
[future_seed_loop stage=1:16-36] step=0100 ce=1.6067 total=1.6071 loop1=1.6090 loop_last=1.6067 scratch_delta=0.000 scratch_gauss=0.0000
[future_seed_loop stage=1:16-36] step=0200 ce=1.3284 total=1.3283 loop1=1.3288 loop_last=1.3284 scratch_delta=0.000 scratch_gauss=0.0000
[future_seed_loop stage=2:36-60] step=0300 ce=1.5224 total=1.5217 loop1=1.5206 loop_last=1.5224 scratch_delta=0.000 scratch_gauss=0.0000
[future_seed_loop stage=2:36-60] step=0400 ce=1.4321 total=1.4325 loop1=1.4348 loop_last=1.4321 scratch_delta=0.000 scratch_gauss=0.0000
[future_seed_loop stage=2:36-60] step=0500 ce=1.2350 total=1.2356 loop1=1.2396 loop_last=1.2350 scratch_delta=0.000 scratch_gauss=0.0000
[future_seed_loop stage=3:60-72] step=0600 ce=1.1464 total=1.1561 loop1=1.1972 loop_last=1.1464 scratch_delta=0.000 scratch_gauss=0.0000
[future_seed_loop stage=3:60-72] step=0700 ce=0.8194 total=0.8398 loop1=0.9299 loop_last=0.8194 scratch_delta=0.000 scratch_gauss=0.0000
[future_seed_loop stage=3:60-72] step=0800 ce=0.5429 total=0.5729 loop1=0.6968 loop_last=0.5429 scratch_delta=0.000 scratch_gauss=0.0000
[future_seed_loop stage=3:60-72] step=0900 ce=0.2153 total=0.2525 loop1=0.4096 loop_last=0.2153 scratch_delta=0.000 scratch_gauss=0.0000
[future_seed_loop stage=3:60-72] step=1000 ce=0.1507 total=0.1886 loop1=0.3466 loop_last=0.1507 scratch_delta=0.000 scratch_gauss=0.0000
[future_seed_loop stage=4:72-84] step=1100 ce=0.3349 total=0.3884 loop1=0.6089 loop_last=0.3349 scratch_delta=0.000 scratch_gauss=0.0000
[future_seed_loop stage=4:72-84] step=1200 ce=0.2855 total=0.3520 loop1=0.6232 loop_last=0.2855 scratch_delta=0.000 scratch_gauss=0.0000
[future_seed_loop stage=4:72-84] step=1300 ce=0.2504 total=0.3104 loop1=0.5594 loop_last=0.2504 scratch_delta=0.000 scratch_gauss=0.0000
[future_seed_loop stage=4:72-84] step=1400 ce=0.2121 total=0.2640 loop1=0.4854 loop_last=0.2121 scratch_delta=0.000 scratch_gauss=0.0000
[future_seed_loop stage=4:72-84] step=1500 ce=0.2904 total=0.3538 loop1=0.6078 loop_last=0.2904 scratch_delta=0.000 scratch_gauss=0.0000
[future_seed_loop stage=4:72-84] step=1600 ce=0.1970 total=0.2549 loop1=0.4912 loop_last=0.1970 scratch_delta=0.000 scratch_gauss=0.0000
[future_seed_loop stage=4:72-84] step=1700 ce=0.2251 total=0.2760 loop1=0.4896 loop_last=0.2251 scratch_delta=0.000 scratch_gauss=0.0000
[future_seed_loop stage=4:72-84] step=1800 ce=0.2173 total=0.2740 loop1=0.5076 loop_last=0.2173 scratch_delta=0.000 scratch_gauss=0.0000
[future_seed_loop stage=4:72-84] step=1900 ce=0.1756 total=0.2257 loop1=0.4383 loop_last=0.1756 scratch_delta=0.000 scratch_gauss=0.0000
[future_seed_loop stage=4:72-84] step=2000 ce=0.1258 total=0.1758 loop1=0.3922 loop_last=0.1258 scratch_delta=0.000 scratch_gauss=0.0000
[future_seed_loop stage=4:72-84] step=2100 ce=0.1824 total=0.2349 loop1=0.4565 loop_last=0.1824 scratch_delta=0.000 scratch_gauss=0.0000
[future_seed_loop stage=4:72-84] step=2200 ce=0.1466 total=0.1998 loop1=0.4223 loop_last=0.1466 scratch_delta=0.000 scratch_gauss=0.0000
[future_seed_loop stage=5:84-96] step=2300 ce=0.4844 total=0.5527 loop1=0.8160 loop_last=0.4844 scratch_delta=0.000 scratch_gauss=0.0000
[future_seed_loop stage=5:84-96] step=2400 ce=0.4491 total=0.5187 loop1=0.7925 loop_last=0.4491 scratch_delta=0.000 scratch_gauss=0.0000
[future_seed_loop stage=5:84-96] step=2500 ce=0.4852 total=0.5506 loop1=0.8080 loop_last=0.4852 scratch_delta=0.000 scratch_gauss=0.0000
[future_seed_loop stage=5:84-96] step=2600 ce=0.4346 total=0.5137 loop1=0.8098 loop_last=0.4346 scratch_delta=0.000 scratch_gauss=0.0000
[future_seed_loop stage=5:84-96] step=2700 ce=0.4005 total=0.4775 loop1=0.7699 loop_last=0.4005 scratch_delta=0.000 scratch_gauss=0.0000
[future_seed_loop stage=5:84-96] step=2800 ce=0.3493 total=0.4260 loop1=0.7253 loop_last=0.3493 scratch_delta=0.000 scratch_gauss=0.0000
[future_seed_loop stage=5:84-96] step=2900 ce=0.4063 total=0.4848 loop1=0.7782 loop_last=0.4063 scratch_delta=0.000 scratch_gauss=0.0000
[future_seed_loop stage=5:84-96] step=3000 ce=0.3700 total=0.4474 loop1=0.7480 loop_last=0.3700 scratch_delta=0.000 scratch_gauss=0.0000
[future_seed_loop stage=5:84-96] step=3100 ce=0.3977 total=0.4712 loop1=0.7611 loop_last=0.3977 scratch_delta=0.000 scratch_gauss=0.0000
[future_seed_loop stage=5:84-96] step=3200 ce=0.3166 total=0.4007 loop1=0.7244 loop_last=0.3166 scratch_delta=0.000 scratch_gauss=0.0000
[future_seed_loop stage=5:84-96] step=3300 ce=0.3140 total=0.3830 loop1=0.6645 loop_last=0.3140 scratch_delta=0.000 scratch_gauss=0.0000
[future_seed_loop stage=5:84-96] step=3400 ce=0.2598 total=0.3454 loop1=0.6721 loop_last=0.2598 scratch_delta=0.000 scratch_gauss=0.0000
[future_seed_loop stage=5:84-96] step=3500 ce=0.2560 total=0.3180 loop1=0.5742 loop_last=0.2560 scratch_delta=0.000 scratch_gauss=0.0000
[future_seed_loop stage=5:84-96] step=3600 ce=0.2641 total=0.3362 loop1=0.6278 loop_last=0.2641 scratch_delta=0.000 scratch_gauss=0.0000
[future_seed_loop stage=5:84-96] step=3700 ce=0.2635 total=0.3459 loop1=0.6662 loop_last=0.2635 scratch_delta=0.000 scratch_gauss=0.0000
[future_seed_loop stage=5:84-96] step=3800 ce=0.2286 total=0.2911 loop1=0.5498 loop_last=0.2286 scratch_delta=0.000 scratch_gauss=0.0000
[future_seed_loop stage=5:84-96] step=3900 ce=0.2214 total=0.2943 loop1=0.5847 loop_last=0.2214 scratch_delta=0.000 scratch_gauss=0.0000
[future_seed_loop stage=5:84-96] step=4000 ce=0.2307 total=0.3015 loop1=0.5850 loop_last=0.2307 scratch_delta=0.000 scratch_gauss=0.0000
[future_seed_loop stage=6:96-108] step=4100 ce=0.7485 total=0.8257 loop1=1.1060 loop_last=0.7485 scratch_delta=0.000 scratch_gauss=0.0000
[future_seed_loop stage=6:96-108] step=4200 ce=0.8067 total=0.8809 loop1=1.1514 loop_last=0.8067 scratch_delta=0.000 scratch_gauss=0.0000
[future_seed_loop stage=6:96-108] step=4300 ce=0.6729 total=0.7561 loop1=1.0599 loop_last=0.6729 scratch_delta=0.000 scratch_gauss=0.0000
[future_seed_loop stage=6:96-108] step=4400 ce=0.6675 total=0.7566 loop1=1.0896 loop_last=0.6675 scratch_delta=0.000 scratch_gauss=0.0000
[future_seed_loop stage=6:96-108] step=4500 ce=0.5706 total=0.6651 loop1=1.0230 loop_last=0.5706 scratch_delta=0.000 scratch_gauss=0.0000
[future_seed_loop stage=6:96-108] step=4600 ce=0.4568 total=0.5760 loop1=1.0347 loop_last=0.4568 scratch_delta=0.000 scratch_gauss=0.0000
[future_seed_loop stage=6:96-108] step=4700 ce=0.4080 total=0.5198 loop1=0.9575 loop_last=0.4080 scratch_delta=0.000 scratch_gauss=0.0000
[future_seed_loop stage=6:96-108] step=4800 ce=0.4464 total=0.5438 loop1=0.9445 loop_last=0.4464 scratch_delta=0.000 scratch_gauss=0.0000
[future_seed_loop stage=6:96-108] step=4900 ce=0.3198 total=0.4178 loop1=0.8234 loop_last=0.3198 scratch_delta=0.000 scratch_gauss=0.0000
[future_seed_loop stage=6:96-108] step=5000 ce=0.3174 total=0.4080 loop1=0.7834 loop_last=0.3174 scratch_delta=0.000 scratch_gauss=0.0000
[future_seed_loop stage=6:96-108] step=5100 ce=0.2835 total=0.3628 loop1=0.6957 loop_last=0.2835 scratch_delta=0.000 scratch_gauss=0.0000
[future_seed_loop stage=6:96-108] step=5200 ce=0.3448 total=0.4147 loop1=0.7026 loop_last=0.3448 scratch_delta=0.000 scratch_gauss=0.0000
[future_seed_loop stage=6:96-108] step=5300 ce=0.2643 total=0.3334 loop1=0.6478 loop_last=0.2643 scratch_delta=0.000 scratch_gauss=0.0000
[future_seed_loop stage=6:96-108] step=5400 ce=0.1851 total=0.2468 loop1=0.5192 loop_last=0.1851 scratch_delta=0.000 scratch_gauss=0.0000
[future_seed_loop stage=6:96-108] step=5500 ce=0.2124 total=0.2767 loop1=0.5495 loop_last=0.2124 scratch_delta=0.000 scratch_gauss=0.0000
[future_seed_loop stage=6:96-108] step=5600 ce=0.2473 total=0.3124 loop1=0.5907 loop_last=0.2473 scratch_delta=0.000 scratch_gauss=0.0000
[future_seed_loop stage=6:96-108] step=5700 ce=0.2358 total=0.2984 loop1=0.5571 loop_last=0.2358 scratch_delta=0.000 scratch_gauss=0.0000
[future_seed_loop stage=6:96-108] step=5800 ce=0.1673 total=0.2255 loop1=0.4796 loop_last=0.1673 scratch_delta=0.000 scratch_gauss=0.0000
[future_seed_loop stage=7:108-120] step=5900 ce=0.8240 total=0.9263 loop1=1.3115 loop_last=0.8240 scratch_delta=0.000 scratch_gauss=0.0000
[future_seed_loop stage=7:108-120] step=6000 ce=0.7781 total=0.8570 loop1=1.1763 loop_last=0.7781 scratch_delta=0.000 scratch_gauss=0.0000
[future_seed_loop stage=7:108-120] step=6100 ce=0.8462 total=0.9201 loop1=1.2216 loop_last=0.8462 scratch_delta=0.000 scratch_gauss=0.0000
[future_seed_loop stage=7:108-120] step=6200 ce=0.9378 total=0.9923 loop1=1.2440 loop_last=0.9378 scratch_delta=0.000 scratch_gauss=0.0000
[future_seed_loop stage=7:108-120] step=6300 ce=0.9345 total=1.0014 loop1=1.2773 loop_last=0.9345 scratch_delta=0.000 scratch_gauss=0.0000
[future_seed_loop stage=7:108-120] step=6400 ce=0.6024 total=0.6868 loop1=1.0276 loop_last=0.6024 scratch_delta=0.000 scratch_gauss=0.0000
[future_seed_loop stage=7:108-120] step=6500 ce=0.7141 total=0.8067 loop1=1.1714 loop_last=0.7141 scratch_delta=0.000 scratch_gauss=0.0000
[future_seed_loop stage=7:108-120] step=6600 ce=0.6704 total=0.7577 loop1=1.1052 loop_last=0.6704 scratch_delta=0.000 scratch_gauss=0.0000
[future_seed_loop stage=7:108-120] step=6700 ce=0.7039 total=0.7921 loop1=1.1273 loop_last=0.7039 scratch_delta=0.000 scratch_gauss=0.0000
[future_seed_loop stage=7:108-120] step=6800 ce=0.7799 total=0.8532 loop1=1.1548 loop_last=0.7799 scratch_delta=0.000 scratch_gauss=0.0000
[checkpoint_eval step=6800 holes120] loop6 exact=0.0000 blank=0.5000

full-board metrics
loop=1 exact=0.0000, valid=0.0000, solved=0.0000, blank_acc=0.3858
        fs_gate=0.598, fs_update=1.000, fs_state_norm=23.925, fs_decay=0.00, fb_in=0.000, fb_next=0.000, loop_time=0.000, scratch_gate=0.000, scratch_decay=0.000, scratch_delta=0.000, scratch_resid=0.000
loop=2 exact=0.0000, valid=0.0000, solved=0.0000, blank_acc=0.4781
        fs_gate=0.598, fs_update=1.000, fs_state_norm=23.925, fs_decay=0.00, fb_in=0.000, fb_next=0.000, loop_time=0.000, scratch_gate=0.000, scratch_decay=0.000, scratch_delta=0.000, scratch_resid=0.000
loop=3 exact=0.0000, valid=0.0000, solved=0.0000, blank_acc=0.5028
        fs_gate=0.598, fs_update=1.000, fs_state_norm=23.925, fs_decay=0.00, fb_in=0.000, fb_next=0.000, loop_time=0.000, scratch_gate=0.000, scratch_decay=0.000, scratch_delta=0.000, scratch_resid=0.000
loop=4 exact=0.0000, valid=0.0000, solved=0.0000, blank_acc=0.5055
        fs_gate=0.598, fs_update=1.000, fs_state_norm=23.925, fs_decay=0.00, fb_in=0.000, fb_next=0.000, loop_time=0.000, scratch_gate=0.000, scratch_decay=0.000, scratch_delta=0.000, scratch_resid=0.000
loop=5 exact=0.0000, valid=0.0000, solved=0.0000, blank_acc=0.5059
        fs_gate=0.598, fs_update=1.000, fs_state_norm=23.925, fs_decay=0.00, fb_in=0.000, fb_next=0.000, loop_time=0.000, scratch_gate=0.000, scratch_decay=0.000, scratch_delta=0.000, scratch_resid=0.000
loop=6 exact=0.0000, valid=0.0000, solved=0.0000, blank_acc=0.5058
        fs_gate=0.598, fs_update=1.000, fs_state_norm=23.925, fs_decay=0.00, fb_in=0.000, fb_next=0.000, loop_time=0.000, scratch_gate=0.000, scratch_decay=0.000, scratch_delta=0.000, scratch_resid=0.000

stochastic rollout metrics
K1 oracle_exact=0.0000 oracle_solved=0.0000 disagree=0.0000
  confidence exact=0.0000, valid=0.0000, solved=0.0000, blank_acc=0.5058; gap=0.0000
  consistency exact=0.0000, valid=0.0000, solved=0.0000, blank_acc=0.5058; gap=0.0000
  residual    exact=0.0000, valid=0.0000, solved=0.0000, blank_acc=0.5058; gap=0.0000
  majority    exact=0.0000, valid=0.0000, solved=0.0000, blank_acc=0.5058; gap=0.0000

compute-scaling rollout metrics
loop1
  K1 oracle_exact=0.0000 confidence_exact=0.0000 residual_exact=0.0000 disagree=0.0000
loop3
  K1 oracle_exact=0.0000 confidence_exact=0.0000 residual_exact=0.0000 disagree=0.0000
loop6
  K1 oracle_exact=0.0000 confidence_exact=0.0000 residual_exact=0.0000 disagree=0.0000
Depth loop is neutral on full-board exact in this run.
wrote /huyang2/double-loop/.worktrees/d320-h120-capacity-code-20260613T1340Z-b03829b/runs/capprobe-d320-h120-step6800-d320-l12-loop6-b48-20260613T1522Z-b03829b/output/futureseed_loop_seed52.json
wrote /huyang2/double-loop/.worktrees/d320-h120-capacity-code-20260613T1340Z-b03829b/runs/capprobe-d320-h120-step6800-d320-l12-loop6-b48-20260613T1522Z-b03829b/output/futureseed_loop_seed52.md
wrote /huyang2/double-loop/.worktrees/d320-h120-capacity-code-20260613T1340Z-b03829b/runs/capprobe-d320-h120-step6800-d320-l12-loop6-b48-20260613T1522Z-b03829b/output/futureseed_loop_case_seed52.html
