mode=full
run_dir=/huyang2/double-loop/.worktrees/scratchpad-noisygauss-code-20260613T0520Z-b03829b/runs/scratchpad-noisygauss-h120-step6800-d256-l12-loop6-20260613T0638Z-b03829b
git_sha=b03829be2b4ec387f4bf772e5144b6c5dab7af74
git_dirty=0
device=cuda torch=2.7.0+cu126 board=12x12 box=3x4 mainline=future_seed_loop rwkv_kernel=statepassing forward_dtype=bfloat16
checkpoint_eval steps=6800 holes=96,108,120,132
[future_seed_loop stage=1:16-36] step=0100 ce=1.5572 total=1.5566 loop1=1.5555 loop_last=1.5572 scratch_delta=0.370 scratch_gauss=0.2583
[future_seed_loop stage=1:16-36] step=0200 ce=1.2754 total=1.2754 loop1=1.2767 loop_last=1.2754 scratch_delta=0.296 scratch_gauss=0.0663
[future_seed_loop stage=2:36-60] step=0300 ce=1.4438 total=1.4445 loop1=1.4483 loop_last=1.4438 scratch_delta=0.268 scratch_gauss=0.0482
[future_seed_loop stage=2:36-60] step=0400 ce=1.1278 total=1.1360 loop1=1.1702 loop_last=1.1278 scratch_delta=0.236 scratch_gauss=0.0471
[future_seed_loop stage=2:36-60] step=0500 ce=0.4947 total=0.5113 loop1=0.5812 loop_last=0.4947 scratch_delta=0.334 scratch_gauss=0.1117
[future_seed_loop stage=3:60-72] step=0600 ce=0.3728 total=0.4033 loop1=0.5339 loop_last=0.3728 scratch_delta=0.634 scratch_gauss=0.1912
[future_seed_loop stage=3:60-72] step=0700 ce=0.2011 total=0.2331 loop1=0.3718 loop_last=0.2011 scratch_delta=0.988 scratch_gauss=0.1756
[future_seed_loop stage=3:60-72] step=0800 ce=0.1760 total=0.2079 loop1=0.3522 loop_last=0.1760 scratch_delta=1.199 scratch_gauss=0.1789
[future_seed_loop stage=3:60-72] step=0900 ce=0.1403 total=0.1736 loop1=0.3191 loop_last=0.1403 scratch_delta=1.432 scratch_gauss=0.1818
[future_seed_loop stage=3:60-72] step=1000 ce=0.1209 total=0.1500 loop1=0.2855 loop_last=0.1209 scratch_delta=1.773 scratch_gauss=0.1270
[future_seed_loop stage=4:72-84] step=1100 ce=0.2770 total=0.3254 loop1=0.5405 loop_last=0.2770 scratch_delta=1.917 scratch_gauss=0.1300
[future_seed_loop stage=4:72-84] step=1200 ce=0.2480 total=0.2965 loop1=0.5036 loop_last=0.2480 scratch_delta=2.204 scratch_gauss=0.1462
[future_seed_loop stage=4:72-84] step=1300 ce=0.2165 total=0.2659 loop1=0.4825 loop_last=0.2165 scratch_delta=2.171 scratch_gauss=0.1086
[future_seed_loop stage=4:72-84] step=1400 ce=0.2304 total=0.2703 loop1=0.4496 loop_last=0.2304 scratch_delta=2.205 scratch_gauss=0.1107
[future_seed_loop stage=4:72-84] step=1500 ce=0.2004 total=0.2506 loop1=0.4632 loop_last=0.2004 scratch_delta=2.296 scratch_gauss=0.0990
[future_seed_loop stage=4:72-84] step=1600 ce=0.1771 total=0.2187 loop1=0.4048 loop_last=0.1771 scratch_delta=2.423 scratch_gauss=0.0896
[future_seed_loop stage=4:72-84] step=1700 ce=0.2000 total=0.2433 loop1=0.4356 loop_last=0.2000 scratch_delta=2.397 scratch_gauss=0.0924
[future_seed_loop stage=4:72-84] step=1800 ce=0.1519 total=0.1973 loop1=0.3976 loop_last=0.1519 scratch_delta=2.439 scratch_gauss=0.0745
[future_seed_loop stage=4:72-84] step=1900 ce=0.1670 total=0.2098 loop1=0.3944 loop_last=0.1670 scratch_delta=2.481 scratch_gauss=0.0791
[future_seed_loop stage=4:72-84] step=2000 ce=0.1455 total=0.1786 loop1=0.3311 loop_last=0.1455 scratch_delta=2.465 scratch_gauss=0.0712
[future_seed_loop stage=4:72-84] step=2100 ce=0.1049 total=0.1477 loop1=0.3341 loop_last=0.1049 scratch_delta=2.603 scratch_gauss=0.0597
[future_seed_loop stage=4:72-84] step=2200 ce=0.1292 total=0.1705 loop1=0.3491 loop_last=0.1292 scratch_delta=2.620 scratch_gauss=0.0617
[future_seed_loop stage=5:84-96] step=2300 ce=0.4462 total=0.5090 loop1=0.7678 loop_last=0.4462 scratch_delta=2.634 scratch_gauss=0.0973
[future_seed_loop stage=5:84-96] step=2400 ce=0.4318 total=0.4967 loop1=0.7552 loop_last=0.4318 scratch_delta=2.898 scratch_gauss=0.0724
[future_seed_loop stage=5:84-96] step=2500 ce=0.3463 total=0.4129 loop1=0.6770 loop_last=0.3463 scratch_delta=2.871 scratch_gauss=0.0848
[future_seed_loop stage=5:84-96] step=2600 ce=0.3909 total=0.4534 loop1=0.7097 loop_last=0.3909 scratch_delta=3.048 scratch_gauss=0.0860
[future_seed_loop stage=5:84-96] step=2700 ce=0.3460 total=0.4190 loop1=0.7088 loop_last=0.3460 scratch_delta=3.073 scratch_gauss=0.0870
[future_seed_loop stage=5:84-96] step=2800 ce=0.3264 total=0.3928 loop1=0.6607 loop_last=0.3264 scratch_delta=3.079 scratch_gauss=0.0839
[future_seed_loop stage=5:84-96] step=2900 ce=0.3218 total=0.3945 loop1=0.6809 loop_last=0.3218 scratch_delta=3.071 scratch_gauss=0.0746
[future_seed_loop stage=5:84-96] step=3000 ce=0.3247 total=0.3845 loop1=0.6339 loop_last=0.3247 scratch_delta=3.114 scratch_gauss=0.0857
[future_seed_loop stage=5:84-96] step=3100 ce=0.2371 total=0.3090 loop1=0.5981 loop_last=0.2371 scratch_delta=3.153 scratch_gauss=0.0753
[future_seed_loop stage=5:84-96] step=3200 ce=0.2641 total=0.3336 loop1=0.6155 loop_last=0.2641 scratch_delta=3.183 scratch_gauss=0.0767
[future_seed_loop stage=5:84-96] step=3300 ce=0.2899 total=0.3549 loop1=0.6206 loop_last=0.2899 scratch_delta=3.262 scratch_gauss=0.0837
[future_seed_loop stage=5:84-96] step=3400 ce=0.2614 total=0.3330 loop1=0.6242 loop_last=0.2614 scratch_delta=3.187 scratch_gauss=0.0651
[future_seed_loop stage=5:84-96] step=3500 ce=0.2312 total=0.3060 loop1=0.6025 loop_last=0.2312 scratch_delta=3.278 scratch_gauss=0.0786
[future_seed_loop stage=5:84-96] step=3600 ce=0.1992 total=0.2691 loop1=0.5489 loop_last=0.1992 scratch_delta=3.408 scratch_gauss=0.0755
[future_seed_loop stage=5:84-96] step=3700 ce=0.3234 total=0.3984 loop1=0.6890 loop_last=0.3234 scratch_delta=3.274 scratch_gauss=0.0720
[future_seed_loop stage=5:84-96] step=3800 ce=0.1968 total=0.2725 loop1=0.5641 loop_last=0.1968 scratch_delta=3.208 scratch_gauss=0.0760
[future_seed_loop stage=5:84-96] step=3900 ce=0.2112 total=0.2799 loop1=0.5625 loop_last=0.2112 scratch_delta=3.275 scratch_gauss=0.0762
[future_seed_loop stage=5:84-96] step=4000 ce=0.1798 total=0.2569 loop1=0.5605 loop_last=0.1798 scratch_delta=3.256 scratch_gauss=0.0858
[future_seed_loop stage=6:96-108] step=4100 ce=0.6577 total=0.7454 loop1=1.0627 loop_last=0.6577 scratch_delta=3.603 scratch_gauss=0.1173
[future_seed_loop stage=6:96-108] step=4200 ce=0.5263 total=0.6428 loop1=1.0656 loop_last=0.5263 scratch_delta=3.467 scratch_gauss=0.1280
[future_seed_loop stage=6:96-108] step=4300 ce=0.5161 total=0.6255 loop1=1.0506 loop_last=0.5161 scratch_delta=3.258 scratch_gauss=0.1410
[future_seed_loop stage=6:96-108] step=4400 ce=0.4432 total=0.5679 loop1=1.0440 loop_last=0.4432 scratch_delta=3.387 scratch_gauss=0.1523
[future_seed_loop stage=6:96-108] step=4500 ce=0.3782 total=0.5054 loop1=0.9989 loop_last=0.3782 scratch_delta=3.522 scratch_gauss=0.1488
[future_seed_loop stage=6:96-108] step=4600 ce=0.3577 total=0.4821 loop1=0.9545 loop_last=0.3577 scratch_delta=3.656 scratch_gauss=0.1419
[future_seed_loop stage=6:96-108] step=4700 ce=0.2969 total=0.4182 loop1=0.9068 loop_last=0.2969 scratch_delta=3.710 scratch_gauss=0.1428
[future_seed_loop stage=6:96-108] step=4800 ce=0.2016 total=0.3283 loop1=0.8284 loop_last=0.2016 scratch_delta=3.647 scratch_gauss=0.1398
[future_seed_loop stage=6:96-108] step=4900 ce=0.2450 total=0.3667 loop1=0.8605 loop_last=0.2450 scratch_delta=3.599 scratch_gauss=0.1472
[future_seed_loop stage=6:96-108] step=5000 ce=0.2373 total=0.3591 loop1=0.8477 loop_last=0.2373 scratch_delta=3.814 scratch_gauss=0.1580
[future_seed_loop stage=6:96-108] step=5100 ce=0.1942 total=0.3002 loop1=0.7471 loop_last=0.1942 scratch_delta=3.773 scratch_gauss=0.1375
[future_seed_loop stage=6:96-108] step=5200 ce=0.1636 total=0.2653 loop1=0.6938 loop_last=0.1636 scratch_delta=3.702 scratch_gauss=0.1274
[future_seed_loop stage=6:96-108] step=5300 ce=0.2280 total=0.3184 loop1=0.7153 loop_last=0.2280 scratch_delta=3.710 scratch_gauss=0.1248
[future_seed_loop stage=6:96-108] step=5400 ce=0.1596 total=0.2576 loop1=0.6677 loop_last=0.1596 scratch_delta=3.819 scratch_gauss=0.1331
[future_seed_loop stage=6:96-108] step=5500 ce=0.1382 total=0.2303 loop1=0.6084 loop_last=0.1382 scratch_delta=3.731 scratch_gauss=0.1348
[future_seed_loop stage=6:96-108] step=5600 ce=0.2034 total=0.2850 loop1=0.6534 loop_last=0.2034 scratch_delta=3.948 scratch_gauss=0.1113
[future_seed_loop stage=6:96-108] step=5700 ce=0.1644 total=0.2511 loop1=0.6213 loop_last=0.1644 scratch_delta=3.986 scratch_gauss=0.1179
[future_seed_loop stage=6:96-108] step=5800 ce=0.1857 total=0.2637 loop1=0.6125 loop_last=0.1857 scratch_delta=3.836 scratch_gauss=0.1213
[future_seed_loop stage=7:108-120] step=5900 ce=0.7047 total=0.8430 loop1=1.3671 loop_last=0.7047 scratch_delta=3.954 scratch_gauss=0.1501
[future_seed_loop stage=7:108-120] step=6000 ce=0.6401 total=0.7769 loop1=1.3076 loop_last=0.6401 scratch_delta=4.139 scratch_gauss=0.1513
[future_seed_loop stage=7:108-120] step=6100 ce=0.6436 total=0.7830 loop1=1.3128 loop_last=0.6436 scratch_delta=4.179 scratch_gauss=0.1512
[future_seed_loop stage=7:108-120] step=6200 ce=0.5475 total=0.6980 loop1=1.2802 loop_last=0.5475 scratch_delta=4.262 scratch_gauss=0.1495
[future_seed_loop stage=7:108-120] step=6300 ce=0.5833 total=0.7158 loop1=1.2700 loop_last=0.5833 scratch_delta=4.198 scratch_gauss=0.1470
[future_seed_loop stage=7:108-120] step=6400 ce=0.5912 total=0.7383 loop1=1.3050 loop_last=0.5912 scratch_delta=4.199 scratch_gauss=0.1292
[future_seed_loop stage=7:108-120] step=6500 ce=0.4691 total=0.6191 loop1=1.2098 loop_last=0.4691 scratch_delta=4.362 scratch_gauss=0.1624
[future_seed_loop stage=7:108-120] step=6600 ce=0.6020 total=0.7459 loop1=1.2963 loop_last=0.6020 scratch_delta=4.418 scratch_gauss=0.1339
[future_seed_loop stage=7:108-120] step=6700 ce=0.4797 total=0.6355 loop1=1.2207 loop_last=0.4797 scratch_delta=4.389 scratch_gauss=0.1450
[future_seed_loop stage=7:108-120] step=6800 ce=0.5760 total=0.7021 loop1=1.1920 loop_last=0.5760 scratch_delta=4.334 scratch_gauss=0.1493
[checkpoint_eval step=6800 holes120] loop6 exact=0.0000 blank=0.6056

full-board metrics
loop=1 exact=0.0000, valid=0.0000, solved=0.0000, blank_acc=0.3810
        fs_gate=0.637, fs_update=1.000, fs_state_norm=20.373, fs_decay=0.00, fb_in=0.000, fb_next=0.000, loop_time=0.000, scratch_gate=0.201, scratch_decay=0.418, scratch_delta=37.004, scratch_resid=13.333, scratch_var=0.512, scratch_rank=61.8
loop=2 exact=0.0000, valid=0.0000, solved=0.0000, blank_acc=0.5376
        fs_gate=0.637, fs_update=1.000, fs_state_norm=20.373, fs_decay=0.00, fb_in=0.000, fb_next=0.000, loop_time=0.000, scratch_gate=0.245, scratch_decay=0.271, scratch_delta=26.356, scratch_resid=12.971, scratch_var=0.793, scratch_rank=62.5
loop=3 exact=0.0000, valid=0.0000, solved=0.0000, blank_acc=0.5897
        fs_gate=0.637, fs_update=1.000, fs_state_norm=20.373, fs_decay=0.00, fb_in=0.000, fb_next=0.000, loop_time=0.000, scratch_gate=0.262, scratch_decay=0.250, scratch_delta=16.189, scratch_resid=12.977, scratch_var=0.820, scratch_rank=62.8
loop=4 exact=0.0000, valid=0.0000, solved=0.0000, blank_acc=0.5965
        fs_gate=0.637, fs_update=1.000, fs_state_norm=20.373, fs_decay=0.00, fb_in=0.000, fb_next=0.000, loop_time=0.000, scratch_gate=0.266, scratch_decay=0.248, scratch_delta=9.446, scratch_resid=12.999, scratch_var=0.816, scratch_rank=62.8
loop=5 exact=0.0000, valid=0.0000, solved=0.0000, blank_acc=0.5975
        fs_gate=0.637, fs_update=1.000, fs_state_norm=20.373, fs_decay=0.00, fb_in=0.000, fb_next=0.000, loop_time=0.000, scratch_gate=0.268, scratch_decay=0.248, scratch_delta=6.207, scratch_resid=13.007, scratch_var=0.816, scratch_rank=62.8
loop=6 exact=0.0000, valid=0.0000, solved=0.0000, blank_acc=0.5977
        fs_gate=0.637, fs_update=1.000, fs_state_norm=20.373, fs_decay=0.00, fb_in=0.000, fb_next=0.000, loop_time=0.000, scratch_gate=0.268, scratch_decay=0.247, scratch_delta=4.423, scratch_resid=13.009, scratch_var=0.816, scratch_rank=62.8

stochastic rollout metrics
K1 oracle_exact=0.0000 oracle_solved=0.0000 disagree=0.0000
  confidence exact=0.0000, valid=0.0000, solved=0.0000, blank_acc=0.5977; gap=0.0000
  consistency exact=0.0000, valid=0.0000, solved=0.0000, blank_acc=0.5977; gap=0.0000
  residual    exact=0.0000, valid=0.0000, solved=0.0000, blank_acc=0.5977; gap=0.0000
  majority    exact=0.0000, valid=0.0000, solved=0.0000, blank_acc=0.5977; gap=0.0000

compute-scaling rollout metrics
loop1
  K1 oracle_exact=0.0000 confidence_exact=0.0000 residual_exact=0.0000 disagree=0.0000
loop3
  K1 oracle_exact=0.0000 confidence_exact=0.0000 residual_exact=0.0000 disagree=0.0000
loop6
  K1 oracle_exact=0.0000 confidence_exact=0.0000 residual_exact=0.0000 disagree=0.0000
Depth loop is neutral on full-board exact in this run.
wrote /huyang2/double-loop/.worktrees/scratchpad-noisygauss-code-20260613T0520Z-b03829b/runs/scratchpad-noisygauss-h120-step6800-d256-l12-loop6-20260613T0638Z-b03829b/output/futureseed_loop_seed52.json
wrote /huyang2/double-loop/.worktrees/scratchpad-noisygauss-code-20260613T0520Z-b03829b/runs/scratchpad-noisygauss-h120-step6800-d256-l12-loop6-20260613T0638Z-b03829b/output/futureseed_loop_seed52.md
wrote /huyang2/double-loop/.worktrees/scratchpad-noisygauss-code-20260613T0520Z-b03829b/runs/scratchpad-noisygauss-h120-step6800-d256-l12-loop6-20260613T0638Z-b03829b/output/futureseed_loop_case_seed52.html
recorded run=scratchpad-noisygauss-h120-step6800-d256-l12-loop6-20260613T0638Z-b03829b score=0.0 key=metrics.eval_clean.loop6.label_exact
completed run_dir=/huyang2/double-loop/.worktrees/scratchpad-noisygauss-code-20260613T0520Z-b03829b/runs/scratchpad-noisygauss-h120-step6800-d256-l12-loop6-20260613T0638Z-b03829b
