EqR FutureSeed/feature-noise patch already applied at /huyang2/double-loop/repos/eqr
EqR ready: base=aba94e9cde0f273ce644db5261cd6915ba6561f0 dir=/huyang2/double-loop/repos/eqr
No external data or model download is required for the current Sudoku probe.
mode=eqr_probe
run_dir=/huyang2/double-loop/runs/eqr-solid-orig_base-s54-20260604T044639Z-66ff740
git_sha=66ff74066cab22774c03310a20e7bcdf25311f2b
git_dirty=0
device=cuda torch=2.7.0+cu126 params=888962 eqr_dir=/huyang2/double-loop/repos/eqr
[eqr_nohydra stage=1:4-8] step=0100 ce=0.2520 loop1=0.8047 sec=35.0
[eqr_nohydra stage=1:4-8] step=0200 ce=0.0128 loop1=0.5508 sec=69.8
[eqr_nohydra stage=2:8-12] step=0300 ce=0.0022 loop1=0.5508 sec=104.4
[eqr_nohydra stage=2:8-12] step=0400 ce=0.0086 loop1=0.5742 sec=139.1
[eqr_nohydra stage=2:8-12] step=0500 ce=0.0032 loop1=0.6055 sec=173.7
[eqr_nohydra stage=2:8-12] step=0600 ce=0.0005 loop1=0.4844 sec=208.4
primary holes8 loop4 exact=1.0000 blank=1.0000 gain=0.9434
decision=Continue: EqR benefits from deeper recurrent refinement with FutureSeed/feature-diff enabled.
wrote /huyang2/double-loop/runs/eqr-solid-orig_base-s54-20260604T044639Z-66ff740/output/eqr_probe_seed54.json
wrote /huyang2/double-loop/runs/eqr-solid-orig_base-s54-20260604T044639Z-66ff740/output/eqr_probe_seed54.md
recorded run=eqr-solid-orig_base-s54-20260604T044639Z-66ff740 score=1.0 key=metrics.eval_clean.loop4.label_exact
completed run_dir=/huyang2/double-loop/runs/eqr-solid-orig_base-s54-20260604T044639Z-66ff740
