mode=full
run_dir=/huyang2/double-loop/.worktrees/h120-loop8-scale-code-20260614T0008Z-48af54d/runs/h120loop8-d256-l12-loop8-s7800-b64-20260614T0243Z-48af54d
git_sha=48af54d007786b85fcb93adabb3244123714991c
git_dirty=0
device=cuda torch=2.7.0+cu126 board=12x12 box=3x4 mainline=future_seed_loop rwkv_kernel=statepassing forward_dtype=bfloat16
checkpoint_eval steps=6800,7800 holes=96,108,120,132
/opt/conda/lib/python3.10/site-packages/torch/utils/cpp_extension.py:2356: UserWarning: TORCH_CUDA_ARCH_LIST is not set, all archs for visible cards are included for compilation.
If this is not desired, please set os.environ['TORCH_CUDA_ARCH_LIST'].
  warnings.warn(
[future_seed_loop stage=1:16-36] step=0100 ce=1.5774 total=1.5771 loop1=1.5759 loop_last=1.5774 scratch_delta=0.000 scratch_gauss=0.0000
[future_seed_loop stage=1:16-36] step=0200 ce=1.3011 total=1.3011 loop1=1.3018 loop_last=1.3011 scratch_delta=0.000 scratch_gauss=0.0000
[future_seed_loop stage=2:36-60] step=0300 ce=1.4637 total=1.4640 loop1=1.4666 loop_last=1.4637 scratch_delta=0.000 scratch_gauss=0.0000
[future_seed_loop stage=2:36-60] step=0400 ce=0.9500 total=0.9563 loop1=0.9965 loop_last=0.9500 scratch_delta=0.000 scratch_gauss=0.0000
[future_seed_loop stage=2:36-60] step=0500 ce=0.5853 total=0.5974 loop1=0.6722 loop_last=0.5853 scratch_delta=0.000 scratch_gauss=0.0000
[future_seed_loop stage=3:60-72] step=0600 ce=0.5531 total=0.5729 loop1=0.6929 loop_last=0.5531 scratch_delta=0.000 scratch_gauss=0.0000
[future_seed_loop stage=3:60-72] step=0700 ce=0.2972 total=0.3233 loop1=0.4800 loop_last=0.2972 scratch_delta=0.000 scratch_gauss=0.0000
[future_seed_loop stage=3:60-72] step=0800 ce=0.2344 total=0.2575 loop1=0.4001 loop_last=0.2344 scratch_delta=0.000 scratch_gauss=0.0000
[future_seed_loop stage=3:60-72] step=0900 ce=0.1933 total=0.2222 loop1=0.4019 loop_last=0.1933 scratch_delta=0.000 scratch_gauss=0.0000
[future_seed_loop stage=3:60-72] step=1000 ce=0.1255 total=0.1466 loop1=0.2794 loop_last=0.1255 scratch_delta=0.000 scratch_gauss=0.0000
[future_seed_loop stage=4:72-84] step=1100 ce=0.3940 total=0.4235 loop1=0.6043 loop_last=0.3940 scratch_delta=0.000 scratch_gauss=0.0000
[future_seed_loop stage=4:72-84] step=1200 ce=0.2913 total=0.3233 loop1=0.5291 loop_last=0.2913 scratch_delta=0.000 scratch_gauss=0.0000
[future_seed_loop stage=4:72-84] step=1300 ce=0.2790 total=0.3125 loop1=0.5181 loop_last=0.2790 scratch_delta=0.000 scratch_gauss=0.0000
[future_seed_loop stage=4:72-84] step=1400 ce=0.2169 total=0.2481 loop1=0.4490 loop_last=0.2169 scratch_delta=0.000 scratch_gauss=0.0000
[future_seed_loop stage=4:72-84] step=1500 ce=0.2036 total=0.2377 loop1=0.4502 loop_last=0.2036 scratch_delta=0.000 scratch_gauss=0.0000
[future_seed_loop stage=4:72-84] step=1600 ce=0.1569 total=0.1905 loop1=0.4026 loop_last=0.1569 scratch_delta=0.000 scratch_gauss=0.0000
[future_seed_loop stage=4:72-84] step=1700 ce=0.1305 total=0.1649 loop1=0.3766 loop_last=0.1305 scratch_delta=0.000 scratch_gauss=0.0000
[future_seed_loop stage=4:72-84] step=1800 ce=0.1921 total=0.2198 loop1=0.3924 loop_last=0.1921 scratch_delta=0.000 scratch_gauss=0.0000
[future_seed_loop stage=4:72-84] step=1900 ce=0.1799 total=0.2096 loop1=0.3988 loop_last=0.1799 scratch_delta=0.000 scratch_gauss=0.0000
[future_seed_loop stage=4:72-84] step=2000 ce=0.1795 total=0.2186 loop1=0.4554 loop_last=0.1795 scratch_delta=0.000 scratch_gauss=0.0000
[future_seed_loop stage=4:72-84] step=2100 ce=0.1899 total=0.2232 loop1=0.4270 loop_last=0.1899 scratch_delta=0.000 scratch_gauss=0.0000
[future_seed_loop stage=4:72-84] step=2200 ce=0.1190 total=0.1562 loop1=0.3823 loop_last=0.1190 scratch_delta=0.000 scratch_gauss=0.0000
[future_seed_loop stage=5:84-96] step=2300 ce=0.4806 total=0.5247 loop1=0.7764 loop_last=0.4806 scratch_delta=0.000 scratch_gauss=0.0000
[future_seed_loop stage=5:84-96] step=2400 ce=0.4465 total=0.4968 loop1=0.7824 loop_last=0.4465 scratch_delta=0.000 scratch_gauss=0.0000
[future_seed_loop stage=5:84-96] step=2500 ce=0.5485 total=0.5884 loop1=0.8241 loop_last=0.5485 scratch_delta=0.000 scratch_gauss=0.0000
[future_seed_loop stage=5:84-96] step=2600 ce=0.4535 total=0.4957 loop1=0.7451 loop_last=0.4535 scratch_delta=0.000 scratch_gauss=0.0000
[future_seed_loop stage=5:84-96] step=2700 ce=0.4073 total=0.4505 loop1=0.7014 loop_last=0.4073 scratch_delta=0.000 scratch_gauss=0.0000
[future_seed_loop stage=5:84-96] step=2800 ce=0.4309 total=0.4777 loop1=0.7394 loop_last=0.4309 scratch_delta=0.000 scratch_gauss=0.0000
[future_seed_loop stage=5:84-96] step=2900 ce=0.3797 total=0.4231 loop1=0.6716 loop_last=0.3797 scratch_delta=0.000 scratch_gauss=0.0000
[future_seed_loop stage=5:84-96] step=3000 ce=0.3642 total=0.4131 loop1=0.6914 loop_last=0.3642 scratch_delta=0.000 scratch_gauss=0.0000
[future_seed_loop stage=5:84-96] step=3100 ce=0.3548 total=0.4030 loop1=0.6737 loop_last=0.3548 scratch_delta=0.000 scratch_gauss=0.0000
[future_seed_loop stage=5:84-96] step=3200 ce=0.2960 total=0.3453 loop1=0.6280 loop_last=0.2960 scratch_delta=0.000 scratch_gauss=0.0000
[future_seed_loop stage=5:84-96] step=3300 ce=0.2276 total=0.2904 loop1=0.6312 loop_last=0.2276 scratch_delta=0.000 scratch_gauss=0.0000
[future_seed_loop stage=5:84-96] step=3400 ce=0.2356 total=0.2997 loop1=0.6725 loop_last=0.2356 scratch_delta=0.000 scratch_gauss=0.0000
[future_seed_loop stage=5:84-96] step=3500 ce=0.1225 total=0.1915 loop1=0.5983 loop_last=0.1225 scratch_delta=0.000 scratch_gauss=0.0000
[future_seed_loop stage=5:84-96] step=3600 ce=0.1164 total=0.1993 loop1=0.6890 loop_last=0.1164 scratch_delta=0.000 scratch_gauss=0.0000
[future_seed_loop stage=5:84-96] step=3700 ce=0.0674 total=0.1435 loop1=0.6105 loop_last=0.0674 scratch_delta=0.000 scratch_gauss=0.0000
[future_seed_loop stage=5:84-96] step=3800 ce=0.0821 total=0.1460 loop1=0.5481 loop_last=0.0821 scratch_delta=0.000 scratch_gauss=0.0000
[future_seed_loop stage=5:84-96] step=3900 ce=0.0085 total=0.0710 loop1=0.4719 loop_last=0.0085 scratch_delta=0.000 scratch_gauss=0.0000
[future_seed_loop stage=5:84-96] step=4000 ce=0.0241 total=0.0853 loop1=0.4727 loop_last=0.0241 scratch_delta=0.000 scratch_gauss=0.0000
[future_seed_loop stage=6:96-108] step=4100 ce=0.2957 total=0.4013 loop1=1.0291 loop_last=0.2957 scratch_delta=0.000 scratch_gauss=0.0000
[future_seed_loop stage=6:96-108] step=4200 ce=0.1806 total=0.3023 loop1=0.9815 loop_last=0.1806 scratch_delta=0.000 scratch_gauss=0.0000
[future_seed_loop stage=6:96-108] step=4300 ce=0.1691 total=0.2833 loop1=0.9431 loop_last=0.1691 scratch_delta=0.000 scratch_gauss=0.0000
[future_seed_loop stage=6:96-108] step=4400 ce=0.0903 total=0.1960 loop1=0.8223 loop_last=0.0903 scratch_delta=0.000 scratch_gauss=0.0000
[future_seed_loop stage=6:96-108] step=4500 ce=0.1385 total=0.2439 loop1=0.8636 loop_last=0.1385 scratch_delta=0.000 scratch_gauss=0.0000
[future_seed_loop stage=6:96-108] step=4600 ce=0.1266 total=0.2360 loop1=0.8902 loop_last=0.1266 scratch_delta=0.000 scratch_gauss=0.0000
[future_seed_loop stage=6:96-108] step=4700 ce=0.0808 total=0.1861 loop1=0.8253 loop_last=0.0808 scratch_delta=0.000 scratch_gauss=0.0000
[future_seed_loop stage=6:96-108] step=4800 ce=0.1559 total=0.2607 loop1=0.8794 loop_last=0.1559 scratch_delta=0.000 scratch_gauss=0.0000
[future_seed_loop stage=6:96-108] step=4900 ce=0.1487 total=0.2536 loop1=0.8632 loop_last=0.1487 scratch_delta=0.000 scratch_gauss=0.0000
[future_seed_loop stage=6:96-108] step=5000 ce=0.1644 total=0.2481 loop1=0.7705 loop_last=0.1644 scratch_delta=0.000 scratch_gauss=0.0000
[future_seed_loop stage=6:96-108] step=5100 ce=0.1145 total=0.2153 loop1=0.8036 loop_last=0.1145 scratch_delta=0.000 scratch_gauss=0.0000
[future_seed_loop stage=6:96-108] step=5200 ce=0.1321 total=0.2353 loop1=0.8342 loop_last=0.1321 scratch_delta=0.000 scratch_gauss=0.0000
[future_seed_loop stage=6:96-108] step=5300 ce=0.0560 total=0.1472 loop1=0.7175 loop_last=0.0560 scratch_delta=0.000 scratch_gauss=0.0000
[future_seed_loop stage=6:96-108] step=5400 ce=0.0834 total=0.1496 loop1=0.5891 loop_last=0.0834 scratch_delta=0.000 scratch_gauss=0.0000
[future_seed_loop stage=6:96-108] step=5500 ce=0.0576 total=0.1369 loop1=0.6237 loop_last=0.0576 scratch_delta=0.000 scratch_gauss=0.0000
[future_seed_loop stage=6:96-108] step=5600 ce=0.1217 total=0.2120 loop1=0.7489 loop_last=0.1217 scratch_delta=0.000 scratch_gauss=0.0000
[future_seed_loop stage=6:96-108] step=5700 ce=0.0884 total=0.1661 loop1=0.6691 loop_last=0.0884 scratch_delta=0.000 scratch_gauss=0.0000
[future_seed_loop stage=6:96-108] step=5800 ce=0.0694 total=0.1398 loop1=0.5798 loop_last=0.0694 scratch_delta=0.000 scratch_gauss=0.0000
[future_seed_loop stage=7:108-120] step=5900 ce=0.7430 total=0.8723 loop1=1.5078 loop_last=0.7430 scratch_delta=0.000 scratch_gauss=0.0000
[future_seed_loop stage=7:108-120] step=6000 ce=0.6773 total=0.8031 loop1=1.4544 loop_last=0.6773 scratch_delta=0.000 scratch_gauss=0.0000
[future_seed_loop stage=7:108-120] step=6100 ce=0.4949 total=0.6391 loop1=1.3764 loop_last=0.4949 scratch_delta=0.000 scratch_gauss=0.0000
[future_seed_loop stage=7:108-120] step=6200 ce=0.5288 total=0.6641 loop1=1.3612 loop_last=0.5288 scratch_delta=0.000 scratch_gauss=0.0000
[future_seed_loop stage=7:108-120] step=6300 ce=0.5837 total=0.7208 loop1=1.4061 loop_last=0.5837 scratch_delta=0.000 scratch_gauss=0.0000
[future_seed_loop stage=7:108-120] step=6400 ce=0.6460 total=0.7786 loop1=1.4415 loop_last=0.6460 scratch_delta=0.000 scratch_gauss=0.0000
[future_seed_loop stage=7:108-120] step=6500 ce=0.4533 total=0.6162 loop1=1.4199 loop_last=0.4533 scratch_delta=0.000 scratch_gauss=0.0000
[future_seed_loop stage=7:108-120] step=6600 ce=0.4849 total=0.6239 loop1=1.3681 loop_last=0.4849 scratch_delta=0.000 scratch_gauss=0.0000
[future_seed_loop stage=7:108-120] step=6700 ce=0.4714 total=0.5971 loop1=1.2799 loop_last=0.4714 scratch_delta=0.000 scratch_gauss=0.0000
[future_seed_loop stage=7:108-120] step=6800 ce=0.5479 total=0.6913 loop1=1.4079 loop_last=0.5479 scratch_delta=0.000 scratch_gauss=0.0000
[checkpoint_eval step=6800 holes120] loop8 exact=0.0059 blank=0.5462
[future_seed_loop stage=7:108-120] step=6900 ce=0.5208 total=0.6661 loop1=1.3973 loop_last=0.5208 scratch_delta=0.000 scratch_gauss=0.0000
[future_seed_loop stage=7:108-120] step=7000 ce=0.5123 total=0.6406 loop1=1.3465 loop_last=0.5123 scratch_delta=0.000 scratch_gauss=0.0000
[future_seed_loop stage=7:108-120] step=7100 ce=0.4069 total=0.5491 loop1=1.2948 loop_last=0.4069 scratch_delta=0.000 scratch_gauss=0.0000
[future_seed_loop stage=7:108-120] step=7200 ce=0.3543 total=0.5085 loop1=1.3154 loop_last=0.3543 scratch_delta=0.000 scratch_gauss=0.0000
[future_seed_loop stage=7:108-120] step=7300 ce=0.3226 total=0.4715 loop1=1.2701 loop_last=0.3226 scratch_delta=0.000 scratch_gauss=0.0000
[future_seed_loop stage=7:108-120] step=7400 ce=0.4302 total=0.5772 loop1=1.3393 loop_last=0.4302 scratch_delta=0.000 scratch_gauss=0.0000
[future_seed_loop stage=7:108-120] step=7500 ce=0.4749 total=0.6201 loop1=1.3694 loop_last=0.4749 scratch_delta=0.000 scratch_gauss=0.0000
[future_seed_loop stage=7:108-120] step=7600 ce=0.4699 total=0.6077 loop1=1.3289 loop_last=0.4699 scratch_delta=0.000 scratch_gauss=0.0000
[future_seed_loop stage=7:108-120] step=7700 ce=0.3888 total=0.5400 loop1=1.3386 loop_last=0.3888 scratch_delta=0.000 scratch_gauss=0.0000
[future_seed_loop stage=7:108-120] step=7800 ce=0.4405 total=0.5916 loop1=1.3535 loop_last=0.4405 scratch_delta=0.000 scratch_gauss=0.0000
[checkpoint_eval step=7800 holes120] loop8 exact=0.0234 blank=0.5986

full-board metrics
loop=1 exact=0.0000, valid=0.0000, solved=0.0000, blank_acc=0.3298
        fs_gate=0.635, fs_update=1.000, fs_state_norm=20.323, fs_decay=0.00, fb_in=0.000, fb_next=0.000, loop_time=0.000, scratch_gate=0.000, scratch_decay=0.000, scratch_delta=0.000, scratch_resid=0.000
loop=2 exact=0.0000, valid=0.0000, solved=0.0000, blank_acc=0.4907
        fs_gate=0.635, fs_update=1.000, fs_state_norm=20.323, fs_decay=0.00, fb_in=0.000, fb_next=0.000, loop_time=0.000, scratch_gate=0.000, scratch_decay=0.000, scratch_delta=0.000, scratch_resid=0.000
loop=3 exact=0.0078, valid=0.0078, solved=0.0078, blank_acc=0.5810
        fs_gate=0.635, fs_update=1.000, fs_state_norm=20.323, fs_decay=0.00, fb_in=0.000, fb_next=0.000, loop_time=0.000, scratch_gate=0.000, scratch_decay=0.000, scratch_delta=0.000, scratch_resid=0.000
loop=4 exact=0.0137, valid=0.0137, solved=0.0137, blank_acc=0.5974
        fs_gate=0.635, fs_update=1.000, fs_state_norm=20.323, fs_decay=0.00, fb_in=0.000, fb_next=0.000, loop_time=0.000, scratch_gate=0.000, scratch_decay=0.000, scratch_delta=0.000, scratch_resid=0.000
loop=5 exact=0.0156, valid=0.0156, solved=0.0156, blank_acc=0.6012
        fs_gate=0.635, fs_update=1.000, fs_state_norm=20.323, fs_decay=0.00, fb_in=0.000, fb_next=0.000, loop_time=0.000, scratch_gate=0.000, scratch_decay=0.000, scratch_delta=0.000, scratch_resid=0.000
loop=6 exact=0.0156, valid=0.0156, solved=0.0156, blank_acc=0.6018
        fs_gate=0.635, fs_update=1.000, fs_state_norm=20.323, fs_decay=0.00, fb_in=0.000, fb_next=0.000, loop_time=0.000, scratch_gate=0.000, scratch_decay=0.000, scratch_delta=0.000, scratch_resid=0.000
loop=7 exact=0.0156, valid=0.0156, solved=0.0156, blank_acc=0.6021
        fs_gate=0.635, fs_update=1.000, fs_state_norm=20.323, fs_decay=0.00, fb_in=0.000, fb_next=0.000, loop_time=0.000, scratch_gate=0.000, scratch_decay=0.000, scratch_delta=0.000, scratch_resid=0.000
loop=8 exact=0.0156, valid=0.0156, solved=0.0156, blank_acc=0.6021
        fs_gate=0.635, fs_update=1.000, fs_state_norm=20.323, fs_decay=0.00, fb_in=0.000, fb_next=0.000, loop_time=0.000, scratch_gate=0.000, scratch_decay=0.000, scratch_delta=0.000, scratch_resid=0.000

stochastic rollout metrics
K1 oracle_exact=0.0156 oracle_solved=0.0156 disagree=0.0000
  confidence exact=0.0156, valid=0.0156, solved=0.0156, blank_acc=0.6021; gap=0.0000
  consistency exact=0.0156, valid=0.0156, solved=0.0156, blank_acc=0.6021; gap=0.0000
  residual    exact=0.0156, valid=0.0156, solved=0.0156, blank_acc=0.6021; gap=0.0000
  majority    exact=0.0156, valid=0.0156, solved=0.0156, blank_acc=0.6021; gap=0.0000

compute-scaling rollout metrics
loop1
  K1 oracle_exact=0.0000 confidence_exact=0.0000 residual_exact=0.0000 disagree=0.0000
loop3
  K1 oracle_exact=0.0078 confidence_exact=0.0078 residual_exact=0.0078 disagree=0.0000
loop6
  K1 oracle_exact=0.0156 confidence_exact=0.0156 residual_exact=0.0156 disagree=0.0000
loop8
  K1 oracle_exact=0.0156 confidence_exact=0.0156 residual_exact=0.0156 disagree=0.0000
Depth loop adds useful full-board refinement.
wrote /huyang2/double-loop/.worktrees/h120-loop8-scale-code-20260614T0008Z-48af54d/runs/h120loop8-d256-l12-loop8-s7800-b64-20260614T0243Z-48af54d/output/futureseed_loop_seed52.json
wrote /huyang2/double-loop/.worktrees/h120-loop8-scale-code-20260614T0008Z-48af54d/runs/h120loop8-d256-l12-loop8-s7800-b64-20260614T0243Z-48af54d/output/futureseed_loop_seed52.md
wrote /huyang2/double-loop/.worktrees/h120-loop8-scale-code-20260614T0008Z-48af54d/runs/h120loop8-d256-l12-loop8-s7800-b64-20260614T0243Z-48af54d/output/futureseed_loop_case_seed52.html
