mode=full
run_dir=/huyang2/double-loop/.worktrees/scratchpad-code-20260612T1012Z-b03829b/runs/scratchpad-gated-h120-d256-l12-loop6-s9000-20260612T1048Z-b03829b
git_sha=b03829be2b4ec387f4bf772e5144b6c5dab7af74
git_dirty=0
device=cuda torch=2.7.0+cu126 board=12x12 box=3x4 mainline=future_seed_loop rwkv_kernel=statepassing forward_dtype=bfloat16
checkpoint_eval steps=6800,7800,8800 holes=96,108,120,132
[future_seed_loop stage=1:16-36] step=0100 ce=1.5808 total=1.5800 loop1=1.5781 loop_last=1.5808 scratch_delta=0.374 scratch_gauss=0.0000
[future_seed_loop stage=1:16-36] step=0200 ce=1.2777 total=1.2781 loop1=1.2806 loop_last=1.2777 scratch_delta=0.287 scratch_gauss=0.0000
[future_seed_loop stage=2:36-60] step=0300 ce=1.4425 total=1.4414 loop1=1.4396 loop_last=1.4425 scratch_delta=0.263 scratch_gauss=0.0000
[future_seed_loop stage=2:36-60] step=0400 ce=1.1068 total=1.1185 loop1=1.1681 loop_last=1.1068 scratch_delta=0.293 scratch_gauss=0.0000
[future_seed_loop stage=2:36-60] step=0500 ce=0.5536 total=0.5794 loop1=0.6907 loop_last=0.5536 scratch_delta=0.470 scratch_gauss=0.0000
[future_seed_loop stage=3:60-72] step=0600 ce=0.4337 total=0.4912 loop1=0.7378 loop_last=0.4337 scratch_delta=0.794 scratch_gauss=0.0000
[future_seed_loop stage=3:60-72] step=0700 ce=0.1654 total=0.2217 loop1=0.4668 loop_last=0.1654 scratch_delta=0.959 scratch_gauss=0.0000
[future_seed_loop stage=3:60-72] step=0800 ce=0.1352 total=0.1855 loop1=0.4091 loop_last=0.1352 scratch_delta=1.062 scratch_gauss=0.0000
[future_seed_loop stage=3:60-72] step=0900 ce=0.1359 total=0.1787 loop1=0.3692 loop_last=0.1359 scratch_delta=1.187 scratch_gauss=0.0000
[future_seed_loop stage=3:60-72] step=1000 ce=0.0863 total=0.1309 loop1=0.3267 loop_last=0.0863 scratch_delta=1.295 scratch_gauss=0.0000
[future_seed_loop stage=4:72-84] step=1100 ce=0.2959 total=0.3556 loop1=0.6067 loop_last=0.2959 scratch_delta=1.464 scratch_gauss=0.0000
[future_seed_loop stage=4:72-84] step=1200 ce=0.2452 total=0.3041 loop1=0.5507 loop_last=0.2452 scratch_delta=1.528 scratch_gauss=0.0000
[future_seed_loop stage=4:72-84] step=1300 ce=0.2151 total=0.2717 loop1=0.5207 loop_last=0.2151 scratch_delta=1.564 scratch_gauss=0.0000
[future_seed_loop stage=4:72-84] step=1400 ce=0.1941 total=0.2476 loop1=0.4757 loop_last=0.1941 scratch_delta=1.649 scratch_gauss=0.0000
[future_seed_loop stage=4:72-84] step=1500 ce=0.2270 total=0.2755 loop1=0.4868 loop_last=0.2270 scratch_delta=1.722 scratch_gauss=0.0000
[future_seed_loop stage=4:72-84] step=1600 ce=0.1825 total=0.2323 loop1=0.4470 loop_last=0.1825 scratch_delta=1.853 scratch_gauss=0.0000
[future_seed_loop stage=4:72-84] step=1700 ce=0.1642 total=0.2101 loop1=0.4124 loop_last=0.1642 scratch_delta=1.930 scratch_gauss=0.0000
[future_seed_loop stage=4:72-84] step=1800 ce=0.1792 total=0.2303 loop1=0.4524 loop_last=0.1792 scratch_delta=1.928 scratch_gauss=0.0000
[future_seed_loop stage=4:72-84] step=1900 ce=0.1591 total=0.2105 loop1=0.4276 loop_last=0.1591 scratch_delta=1.951 scratch_gauss=0.0000
[future_seed_loop stage=4:72-84] step=2000 ce=0.1336 total=0.1757 loop1=0.3603 loop_last=0.1336 scratch_delta=1.961 scratch_gauss=0.0000
[future_seed_loop stage=4:72-84] step=2100 ce=0.1170 total=0.1689 loop1=0.3935 loop_last=0.1170 scratch_delta=2.033 scratch_gauss=0.0000
[future_seed_loop stage=4:72-84] step=2200 ce=0.1365 total=0.1805 loop1=0.3708 loop_last=0.1365 scratch_delta=2.163 scratch_gauss=0.0000
[future_seed_loop stage=5:84-96] step=2300 ce=0.4273 total=0.4928 loop1=0.7571 loop_last=0.4273 scratch_delta=2.228 scratch_gauss=0.0000
[future_seed_loop stage=5:84-96] step=2400 ce=0.4529 total=0.5149 loop1=0.7779 loop_last=0.4529 scratch_delta=2.386 scratch_gauss=0.0000
[future_seed_loop stage=5:84-96] step=2500 ce=0.3194 total=0.3932 loop1=0.6873 loop_last=0.3194 scratch_delta=2.470 scratch_gauss=0.0000
[future_seed_loop stage=5:84-96] step=2600 ce=0.3672 total=0.4329 loop1=0.7040 loop_last=0.3672 scratch_delta=2.602 scratch_gauss=0.0000
[future_seed_loop stage=5:84-96] step=2700 ce=0.3790 total=0.4532 loop1=0.7424 loop_last=0.3790 scratch_delta=2.682 scratch_gauss=0.0000
[future_seed_loop stage=5:84-96] step=2800 ce=0.3536 total=0.4223 loop1=0.7040 loop_last=0.3536 scratch_delta=2.747 scratch_gauss=0.0000
[future_seed_loop stage=5:84-96] step=2900 ce=0.3920 total=0.4582 loop1=0.7215 loop_last=0.3920 scratch_delta=2.885 scratch_gauss=0.0000
[future_seed_loop stage=5:84-96] step=3000 ce=0.3195 total=0.3896 loop1=0.6725 loop_last=0.3195 scratch_delta=2.944 scratch_gauss=0.0000
[future_seed_loop stage=5:84-96] step=3100 ce=0.2792 total=0.3506 loop1=0.6351 loop_last=0.2792 scratch_delta=2.847 scratch_gauss=0.0000
[future_seed_loop stage=5:84-96] step=3200 ce=0.2525 total=0.3278 loop1=0.6303 loop_last=0.2525 scratch_delta=2.973 scratch_gauss=0.0000
[future_seed_loop stage=5:84-96] step=3300 ce=0.2445 total=0.3228 loop1=0.6262 loop_last=0.2445 scratch_delta=3.205 scratch_gauss=0.0000
[future_seed_loop stage=5:84-96] step=3400 ce=0.2631 total=0.3449 loop1=0.6634 loop_last=0.2631 scratch_delta=3.221 scratch_gauss=0.0000
[future_seed_loop stage=5:84-96] step=3500 ce=0.1968 total=0.2816 loop1=0.6175 loop_last=0.1968 scratch_delta=3.194 scratch_gauss=0.0000
[future_seed_loop stage=5:84-96] step=3600 ce=0.1353 total=0.2257 loop1=0.5857 loop_last=0.1353 scratch_delta=3.289 scratch_gauss=0.0000
