EqR FutureSeed/feature-noise patch already applied at /huyang2/double-loop/repos/eqr
EqR ready: base=aba94e9cde0f273ce644db5261cd6915ba6561f0 dir=/huyang2/double-loop/repos/eqr
No external data or model download is required for the current Sudoku probe.
mode=eqr_probe
run_dir=/huyang2/double-loop/runs/eqr-solid-combo-s53-20260604T043657Z-66ff740
git_sha=66ff74066cab22774c03310a20e7bcdf25311f2b
git_dirty=0
device=cuda torch=2.7.0+cu126 params=962692 eqr_dir=/huyang2/double-loop/repos/eqr
[eqr_nohydra stage=1:4-8] step=0050 ce=0.8555 loop1=1.1172 sec=70.2
[eqr_nohydra stage=1:4-8] step=0100 ce=0.5000 loop1=0.8828 sec=140.1
[eqr_nohydra stage=1:4-8] step=0150 ce=0.1143 loop1=0.7773 sec=209.7
[eqr_nohydra stage=1:4-8] step=0200 ce=0.0369 loop1=0.6133 sec=231.2
[eqr_nohydra stage=2:8-12] step=0250 ce=0.0250 loop1=0.9023 sec=249.5
[eqr_nohydra stage=2:8-12] step=0300 ce=0.0050 loop1=0.8438 sec=267.8
[eqr_nohydra stage=2:8-12] step=0350 ce=0.0071 loop1=0.7656 sec=286.1
[eqr_nohydra stage=2:8-12] step=0400 ce=0.0011 loop1=0.7656 sec=303.9
[eqr_nohydra stage=2:8-12] step=0450 ce=0.0004 loop1=0.6328 sec=321.7
[eqr_nohydra stage=2:8-12] step=0500 ce=0.0008 loop1=0.6641 sec=339.5
[eqr_nohydra stage=2:8-12] step=0550 ce=0.0022 loop1=0.6250 sec=357.5
[eqr_nohydra stage=2:8-12] step=0600 ce=0.0004 loop1=0.6641 sec=375.2
primary holes8 loop4 exact=0.9980 blank=0.9998 gain=0.9668
decision=Continue: EqR benefits from deeper recurrent refinement with FutureSeed/feature-diff enabled.
wrote /huyang2/double-loop/runs/eqr-solid-combo-s53-20260604T043657Z-66ff740/output/eqr_probe_seed53.json
wrote /huyang2/double-loop/runs/eqr-solid-combo-s53-20260604T043657Z-66ff740/output/eqr_probe_seed53.md
recorded run=eqr-solid-combo-s53-20260604T043657Z-66ff740 score=0.998046875 key=metrics.eval_clean.loop4.label_exact
completed run_dir=/huyang2/double-loop/runs/eqr-solid-combo-s53-20260604T043657Z-66ff740
