EqR FutureSeed/feature-noise patch already applied at /huyang2/double-loop/repos/eqr
EqR ready: base=aba94e9cde0f273ce644db5261cd6915ba6561f0 dir=/huyang2/double-loop/repos/eqr
No external data or model download is required for the current Sudoku probe.
mode=eqr_probe
run_dir=/huyang2/double-loop/runs/eqr-solid-orig_combo-s54-20260604T044639Z-66ff740
git_sha=66ff74066cab22774c03310a20e7bcdf25311f2b
git_dirty=0
device=cuda torch=2.7.0+cu126 params=962692 eqr_dir=/huyang2/double-loop/repos/eqr
[eqr_nohydra stage=1:4-8] step=0100 ce=0.3457 loop1=0.8086 sec=140.7
[eqr_nohydra stage=1:4-8] step=0200 ce=0.0564 loop1=0.2754 sec=254.9
[eqr_nohydra stage=2:8-12] step=0300 ce=0.0026 loop1=0.4512 sec=305.0
[eqr_nohydra stage=2:8-12] step=0400 ce=0.0038 loop1=0.4766 sec=340.5
[eqr_nohydra stage=2:8-12] step=0500 ce=0.0005 loop1=0.4863 sec=376.5
[eqr_nohydra stage=2:8-12] step=0600 ce=0.0002 loop1=0.4375 sec=412.1
primary holes8 loop4 exact=0.9980 blank=0.9995 gain=0.8867
decision=Continue: EqR benefits from deeper recurrent refinement with FutureSeed/feature-diff enabled.
wrote /huyang2/double-loop/runs/eqr-solid-orig_combo-s54-20260604T044639Z-66ff740/output/eqr_probe_seed54.json
wrote /huyang2/double-loop/runs/eqr-solid-orig_combo-s54-20260604T044639Z-66ff740/output/eqr_probe_seed54.md
recorded run=eqr-solid-orig_combo-s54-20260604T044639Z-66ff740 score=0.998046875 key=metrics.eval_clean.loop4.label_exact
completed run_dir=/huyang2/double-loop/runs/eqr-solid-orig_combo-s54-20260604T044639Z-66ff740
