EqR FutureSeed/feature-noise patch already applied at /huyang2/double-loop/repos/eqr
EqR ready: base=aba94e9cde0f273ce644db5261cd6915ba6561f0 dir=/huyang2/double-loop/repos/eqr
No external data or model download is required for the current Sudoku probe.
mode=eqr_probe
run_dir=/huyang2/double-loop/runs/eqr-solid-hardrep_base-s56-20260604T045905Z-66ff740
git_sha=66ff74066cab22774c03310a20e7bcdf25311f2b
git_dirty=0
device=cuda torch=2.7.0+cu126 params=888962 eqr_dir=/huyang2/double-loop/repos/eqr
[eqr_nohydra stage=1:8-16] step=0100 ce=0.5625 loop1=1.2109 sec=40.3
[eqr_nohydra stage=1:8-16] step=0200 ce=0.0102 loop1=0.7305 sec=74.1
[eqr_nohydra stage=1:8-16] step=0300 ce=0.0040 loop1=0.7812 sec=107.9
[eqr_nohydra stage=2:16-24] step=0400 ce=0.0105 loop1=0.8945 sec=141.8
[eqr_nohydra stage=2:16-24] step=0500 ce=0.0052 loop1=0.7656 sec=175.6
[eqr_nohydra stage=2:16-24] step=0600 ce=0.0038 loop1=0.6680 sec=209.3
[eqr_nohydra stage=2:16-24] step=0700 ce=0.0023 loop1=0.6562 sec=243.1
[eqr_nohydra stage=2:16-24] step=0800 ce=0.0036 loop1=0.6680 sec=277.0
[eqr_nohydra stage=2:16-24] step=0900 ce=0.0099 loop1=0.5977 sec=310.7
primary holes16 loop4 exact=0.9961 blank=0.9994 gain=0.9688
decision=Continue: EqR benefits from deeper recurrent refinement with FutureSeed/feature-diff enabled.
wrote /huyang2/double-loop/runs/eqr-solid-hardrep_base-s56-20260604T045905Z-66ff740/output/eqr_probe_seed56.json
wrote /huyang2/double-loop/runs/eqr-solid-hardrep_base-s56-20260604T045905Z-66ff740/output/eqr_probe_seed56.md
recorded run=eqr-solid-hardrep_base-s56-20260604T045905Z-66ff740 score=0.99609375 key=metrics.eval_clean.loop4.label_exact
completed run_dir=/huyang2/double-loop/runs/eqr-solid-hardrep_base-s56-20260604T045905Z-66ff740
