nohup: ignoring input
mode=eqr_probe
run_dir=/huyang2/double-loop/runs/eqr-loopbudget-20260604T060226Z-0cc0d1b-loop2_fs-s53
git_sha=0cc0d1bedf69e1f0aef8fa7a3ab3d4a61e0666e1
git_dirty=0
device=cuda torch=2.7.0+cu126 params=962692 eqr_dir=/huyang2/double-loop/repos/eqr
[eqr_nohydra stage=1:8-16] step=0100 ce=0.4180 loop1=0.9258 sec=32.2
[eqr_nohydra stage=1:8-16] step=0200 ce=0.0320 loop1=0.3301 sec=64.3
[eqr_nohydra stage=1:8-16] step=0300 ce=0.0133 loop1=0.2383 sec=96.5
[eqr_nohydra stage=2:16-24] step=0400 ce=0.0104 loop1=0.2930 sec=128.6
[eqr_nohydra stage=2:16-24] step=0500 ce=0.0159 loop1=0.2236 sec=160.8
[eqr_nohydra stage=2:16-24] step=0600 ce=0.0162 loop1=0.2158 sec=192.9
[eqr_nohydra stage=2:16-24] step=0700 ce=0.0186 loop1=0.1953 sec=225.0
[eqr_nohydra stage=2:16-24] step=0800 ce=0.0286 loop1=0.1543 sec=257.0
[eqr_nohydra stage=2:16-24] step=0900 ce=0.0084 loop1=0.1338 sec=289.2
primary holes16 loop2 exact=0.9980 blank=0.9999 gain=0.2148
decision=Continue: EqR benefits from deeper recurrent refinement with FutureSeed/feature-diff enabled.
wrote /huyang2/double-loop/runs/eqr-loopbudget-20260604T060226Z-0cc0d1b-loop2_fs-s53/output/eqr_probe_seed53.json
wrote /huyang2/double-loop/runs/eqr-loopbudget-20260604T060226Z-0cc0d1b-loop2_fs-s53/output/eqr_probe_seed53.md
recorded run=eqr-loopbudget-20260604T060226Z-0cc0d1b-loop2_fs-s53 score=0.998046875 key=metrics.eval_clean.loop2.label_exact
completed run_dir=/huyang2/double-loop/runs/eqr-loopbudget-20260604T060226Z-0cc0d1b-loop2_fs-s53
