mode=eqr_probe
run_dir=/huyang2/double-loop/runs/eqr-loopbudget-20260604T060226Z-0cc0d1b-loop2_base-s54
git_sha=0cc0d1bedf69e1f0aef8fa7a3ab3d4a61e0666e1
git_dirty=0
device=cuda torch=2.7.0+cu126 params=888962 eqr_dir=/huyang2/double-loop/repos/eqr
[eqr_nohydra stage=1:8-16] step=0100 ce=0.2217 loop1=0.7227 sec=32.4
[eqr_nohydra stage=1:8-16] step=0200 ce=0.0179 loop1=0.2539 sec=64.5
[eqr_nohydra stage=1:8-16] step=0300 ce=0.0098 loop1=0.2109 sec=96.7
[eqr_nohydra stage=2:16-24] step=0400 ce=0.0352 loop1=0.3066 sec=128.8
[eqr_nohydra stage=2:16-24] step=0500 ce=0.0098 loop1=0.2617 sec=160.9
[eqr_nohydra stage=2:16-24] step=0600 ce=0.0206 loop1=0.1797 sec=193.0
[eqr_nohydra stage=2:16-24] step=0700 ce=0.0160 loop1=0.1982 sec=225.1
[eqr_nohydra stage=2:16-24] step=0800 ce=0.0156 loop1=0.1436 sec=257.4
[eqr_nohydra stage=2:16-24] step=0900 ce=0.0236 loop1=0.1240 sec=289.6
primary holes16 loop2 exact=1.0000 blank=1.0000 gain=0.3711
decision=Continue: EqR benefits from deeper recurrent refinement with FutureSeed/feature-diff enabled.
wrote /huyang2/double-loop/runs/eqr-loopbudget-20260604T060226Z-0cc0d1b-loop2_base-s54/output/eqr_probe_seed54.json
wrote /huyang2/double-loop/runs/eqr-loopbudget-20260604T060226Z-0cc0d1b-loop2_base-s54/output/eqr_probe_seed54.md
recorded run=eqr-loopbudget-20260604T060226Z-0cc0d1b-loop2_base-s54 score=1.0 key=metrics.eval_clean.loop2.label_exact
completed run_dir=/huyang2/double-loop/runs/eqr-loopbudget-20260604T060226Z-0cc0d1b-loop2_base-s54
