mode=eqr_probe
run_dir=/huyang2/double-loop/runs/eqr-solid-fd_only-s53-20260604T043657Z-66ff740
git_sha=66ff74066cab22774c03310a20e7bcdf25311f2b
git_dirty=0
device=cuda torch=2.7.0+cu126 params=888962 eqr_dir=/huyang2/double-loop/repos/eqr
[eqr_nohydra stage=1:4-8] step=0050 ce=0.8281 loop1=1.0625 sec=70.2
[eqr_nohydra stage=1:4-8] step=0100 ce=0.3379 loop1=0.9062 sec=140.0
[eqr_nohydra stage=1:4-8] step=0150 ce=0.0811 loop1=0.6172 sec=209.9
[eqr_nohydra stage=1:4-8] step=0200 ce=0.0144 loop1=0.6289 sec=232.1
[eqr_nohydra stage=2:8-12] step=0250 ce=0.0095 loop1=0.8594 sec=250.1
[eqr_nohydra stage=2:8-12] step=0300 ce=0.0052 loop1=0.9336 sec=267.6
[eqr_nohydra stage=2:8-12] step=0350 ce=0.0047 loop1=0.8086 sec=285.0
[eqr_nohydra stage=2:8-12] step=0400 ce=0.0013 loop1=0.7852 sec=303.3
[eqr_nohydra stage=2:8-12] step=0450 ce=0.0049 loop1=0.8359 sec=321.3
[eqr_nohydra stage=2:8-12] step=0500 ce=0.0008 loop1=0.9219 sec=338.9
[eqr_nohydra stage=2:8-12] step=0550 ce=0.0027 loop1=0.8672 sec=356.4
[eqr_nohydra stage=2:8-12] step=0600 ce=0.0006 loop1=0.6641 sec=373.9
primary holes8 loop4 exact=1.0000 blank=1.0000 gain=0.9961
decision=Continue: EqR benefits from deeper recurrent refinement with FutureSeed/feature-diff enabled.
wrote /huyang2/double-loop/runs/eqr-solid-fd_only-s53-20260604T043657Z-66ff740/output/eqr_probe_seed53.json
wrote /huyang2/double-loop/runs/eqr-solid-fd_only-s53-20260604T043657Z-66ff740/output/eqr_probe_seed53.md
