mode=full
run_dir=/huyang2/double-loop/.worktrees/loopfeedback-fsgate-20260609T0534Z-5ec9129/runs/loopfeedback-fsgate16x16-d256-l12-loop8-h24-s600-20260609T0539Z-5ec9129
git_sha=5ec9129db2ffe486f388b25f10be491097a1af38
git_dirty=0
device=cuda torch=2.7.0+cu126 board=16x16 box=4x4 mainline=future_seed_loop rwkv_kernel=cuda
/opt/conda/lib/python3.10/site-packages/torch/utils/cpp_extension.py:2356: UserWarning: TORCH_CUDA_ARCH_LIST is not set, all archs for visible cards are included for compilation. 
If this is not desired, please set os.environ['TORCH_CUDA_ARCH_LIST'].
  warnings.warn(
[future_seed_loop stage=1:8-16] step=0100 ce=1.1880 total=1.1880 loop1=1.1880 loop_last=1.1880
[future_seed_loop stage=1:8-16] step=0200 ce=1.1215 total=1.1217 loop1=1.1263 loop_last=1.1215
[future_seed_loop stage=1:8-16] step=0300 ce=1.0158 total=1.0157 loop1=1.0150 loop_last=1.0158
[future_seed_loop stage=2:16-24] step=0400 ce=1.2196 total=1.2198 loop1=1.2252 loop_last=1.2196
[future_seed_loop stage=2:16-24] step=0500 ce=1.2250 total=1.2253 loop1=1.2340 loop_last=1.2250
[future_seed_loop stage=2:16-24] step=0600 ce=0.9810 total=0.9809 loop1=0.9815 loop_last=0.9810

full-board metrics
loop=1 exact=0.0000, valid=0.0000, solved=0.0000, blank_acc=0.3249
        fs_gate=0.498, fs_update=0.543, fs_state_norm=15.942, fs_decay=0.50, fb_in=0.000, fb_next=1.537
loop=2 exact=0.0000, valid=0.0000, solved=0.0000, blank_acc=0.3270
        fs_gate=0.498, fs_update=0.543, fs_state_norm=15.942, fs_decay=0.50, fb_in=1.537, fb_next=1.540
loop=3 exact=0.0000, valid=0.0000, solved=0.0000, blank_acc=0.3265
        fs_gate=0.498, fs_update=0.543, fs_state_norm=15.942, fs_decay=0.50, fb_in=1.540, fb_next=1.541
loop=4 exact=0.0000, valid=0.0000, solved=0.0000, blank_acc=0.3265
        fs_gate=0.498, fs_update=0.543, fs_state_norm=15.942, fs_decay=0.50, fb_in=1.541, fb_next=1.541
loop=5 exact=0.0000, valid=0.0000, solved=0.0000, blank_acc=0.3267
        fs_gate=0.498, fs_update=0.543, fs_state_norm=15.942, fs_decay=0.50, fb_in=1.541, fb_next=1.541
loop=6 exact=0.0000, valid=0.0000, solved=0.0000, blank_acc=0.3268
        fs_gate=0.498, fs_update=0.543, fs_state_norm=15.942, fs_decay=0.50, fb_in=1.541, fb_next=1.541
loop=7 exact=0.0000, valid=0.0000, solved=0.0000, blank_acc=0.3270
        fs_gate=0.498, fs_update=0.543, fs_state_norm=15.942, fs_decay=0.50, fb_in=1.541, fb_next=1.541
loop=8 exact=0.0000, valid=0.0000, solved=0.0000, blank_acc=0.3270
        fs_gate=0.498, fs_update=0.543, fs_state_norm=15.942, fs_decay=0.50, fb_in=1.541, fb_next=1.541

stochastic rollout metrics
K1 oracle_exact=0.0000 oracle_solved=0.0000 disagree=0.0000
  confidence exact=0.0000, valid=0.0000, solved=0.0000, blank_acc=0.3270; gap=0.0000
  consistency exact=0.0000, valid=0.0000, solved=0.0000, blank_acc=0.3270; gap=0.0000
  residual    exact=0.0000, valid=0.0000, solved=0.0000, blank_acc=0.3270; gap=0.0000
  majority    exact=0.0000, valid=0.0000, solved=0.0000, blank_acc=0.3270; gap=0.0000

compute-scaling rollout metrics
loop1
  K1 oracle_exact=0.0000 confidence_exact=0.0000 residual_exact=0.0000 disagree=0.0000
loop3
  K1 oracle_exact=0.0000 confidence_exact=0.0000 residual_exact=0.0000 disagree=0.0000
loop5
  K1 oracle_exact=0.0000 confidence_exact=0.0000 residual_exact=0.0000 disagree=0.0000
loop8
  K1 oracle_exact=0.0000 confidence_exact=0.0000 residual_exact=0.0000 disagree=0.0000

hole-transfer metrics
holes=24 exact=0.0000, valid=0.0000, solved=0.0000, blank_acc=0.3270; indep=0.0000, exact/indep=0.00
holes=16 exact=0.0000, valid=0.0000, solved=0.0000, blank_acc=0.3501; indep=0.0000, exact/indep=0.00
holes=32 exact=0.0000, valid=0.0000, solved=0.0000, blank_acc=0.2990; indep=0.0000, exact/indep=0.00
Depth loop is neutral on full-board exact in this run.
wrote /huyang2/double-loop/.worktrees/loopfeedback-fsgate-20260609T0534Z-5ec9129/runs/loopfeedback-fsgate16x16-d256-l12-loop8-h24-s600-20260609T0539Z-5ec9129/output/futureseed_loop_seed52.json
wrote /huyang2/double-loop/.worktrees/loopfeedback-fsgate-20260609T0534Z-5ec9129/runs/loopfeedback-fsgate16x16-d256-l12-loop8-h24-s600-20260609T0539Z-5ec9129/output/futureseed_loop_seed52.md
wrote /huyang2/double-loop/.worktrees/loopfeedback-fsgate-20260609T0534Z-5ec9129/runs/loopfeedback-fsgate16x16-d256-l12-loop8-h24-s600-20260609T0539Z-5ec9129/output/futureseed_loop_case_seed52.html
recorded run=loopfeedback-fsgate16x16-d256-l12-loop8-h24-s600-20260609T0539Z-5ec9129 score=0.0 key=metrics.eval_clean.loop8.label_exact
completed run_dir=/huyang2/double-loop/.worktrees/loopfeedback-fsgate-20260609T0534Z-5ec9129/runs/loopfeedback-fsgate16x16-d256-l12-loop8-h24-s600-20260609T0539Z-5ec9129
