mode=eqr_probe
run_dir=/huyang2/double-loop/runs/eqr-fs-featurediff-9x9-clean-20260604T041335Z-cbbfbe9
git_sha=cbbfbe9e1401b1cf3521f4aaf3e36e11cacbe2a3
git_dirty=0
device=cuda torch=2.7.0+cu126 params=962692 eqr_dir=/huyang2/double-loop/repos/eqr
[eqr_nohydra stage=1:4-8] step=0025 ce=1.2500 loop1=1.4375 sec=4.0
[eqr_nohydra stage=1:4-8] step=0050 ce=0.8477 loop1=1.0312 sec=7.4
[eqr_nohydra stage=1:4-8] step=0075 ce=0.7266 loop1=1.0078 sec=10.8
[eqr_nohydra stage=1:4-8] step=0100 ce=0.4414 loop1=0.8672 sec=14.6
[eqr_nohydra stage=1:4-8] step=0125 ce=0.2578 loop1=0.7070 sec=18.0
[eqr_nohydra stage=1:4-8] step=0150 ce=0.0908 loop1=0.6211 sec=21.2
[eqr_nohydra stage=1:4-8] step=0175 ce=0.0588 loop1=0.6445 sec=24.4
[eqr_nohydra stage=1:4-8] step=0200 ce=0.0422 loop1=0.4531 sec=27.6
[eqr_nohydra stage=2:8-12] step=0225 ce=0.0439 loop1=0.6875 sec=30.9
[eqr_nohydra stage=2:8-12] step=0250 ce=0.0273 loop1=0.6250 sec=34.4
[eqr_nohydra stage=2:8-12] step=0275 ce=0.0140 loop1=0.6250 sec=37.7
[eqr_nohydra stage=2:8-12] step=0300 ce=0.0039 loop1=0.6289 sec=40.9
[eqr_nohydra stage=2:8-12] step=0325 ce=0.0080 loop1=0.5117 sec=44.4
[eqr_nohydra stage=2:8-12] step=0350 ce=0.0052 loop1=0.5859 sec=47.9
[eqr_nohydra stage=2:8-12] step=0375 ce=0.0067 loop1=0.5000 sec=51.3
[eqr_nohydra stage=2:8-12] step=0400 ce=0.0022 loop1=0.6484 sec=54.7
[eqr_nohydra stage=2:8-12] step=0425 ce=0.0027 loop1=0.5352 sec=58.0
[eqr_nohydra stage=2:8-12] step=0450 ce=0.0028 loop1=0.5352 sec=61.7
[eqr_nohydra stage=2:8-12] step=0475 ce=0.0012 loop1=0.4805 sec=64.9
[eqr_nohydra stage=2:8-12] step=0500 ce=0.0123 loop1=0.5430 sec=68.6
[eqr_nohydra stage=2:8-12] step=0525 ce=0.0009 loop1=0.4609 sec=72.0
[eqr_nohydra stage=2:8-12] step=0550 ce=0.0008 loop1=0.5312 sec=75.5
[eqr_nohydra stage=2:8-12] step=0575 ce=0.0027 loop1=0.5156 sec=78.8
[eqr_nohydra stage=2:8-12] step=0600 ce=0.0005 loop1=0.4844 sec=82.5
primary holes8 loop4 exact=1.0000 blank=1.0000 gain=0.9375
decision=Continue: EqR benefits from deeper recurrent refinement with FutureSeed/feature-diff enabled.
wrote /huyang2/double-loop/runs/eqr-fs-featurediff-9x9-clean-20260604T041335Z-cbbfbe9/output/eqr_probe_seed52.json
wrote /huyang2/double-loop/runs/eqr-fs-featurediff-9x9-clean-20260604T041335Z-cbbfbe9/output/eqr_probe_seed52.md
