mode=full
run_dir=/huyang2/double-loop/.worktrees/scratchpad-weakdenoise-code-20260613T1118Z-b03829b/runs/scratchpad-weakdenoise-h120-step6800-d256-l12-loop6-20260613T1119Z-b03829b
git_sha=b03829be2b4ec387f4bf772e5144b6c5dab7af74
git_dirty=0
device=cuda torch=2.7.0+cu126 board=12x12 box=3x4 mainline=future_seed_loop rwkv_kernel=statepassing forward_dtype=bfloat16
checkpoint_eval steps=6800 holes=96,108,120,132
[future_seed_loop stage=1:16-36] step=0100 ce=1.5666 total=1.5666 loop1=1.5671 loop_last=1.5666 scratch_delta=0.371 scratch_gauss=0.4821
[future_seed_loop stage=1:16-36] step=0200 ce=1.2898 total=1.2907 loop1=1.2943 loop_last=1.2898 scratch_delta=0.292 scratch_gauss=0.2979
[future_seed_loop stage=2:36-60] step=0300 ce=1.4649 total=1.4646 loop1=1.4653 loop_last=1.4649 scratch_delta=0.282 scratch_gauss=0.1982
[future_seed_loop stage=2:36-60] step=0400 ce=1.2310 total=1.2351 loop1=1.2526 loop_last=1.2310 scratch_delta=0.298 scratch_gauss=0.1291
[future_seed_loop stage=2:36-60] step=0500 ce=0.4841 total=0.4992 loop1=0.5664 loop_last=0.4841 scratch_delta=0.350 scratch_gauss=0.1766
[future_seed_loop stage=3:60-72] step=0600 ce=0.4228 total=0.4560 loop1=0.6013 loop_last=0.4228 scratch_delta=0.754 scratch_gauss=0.2669
[future_seed_loop stage=3:60-72] step=0700 ce=0.2263 total=0.2640 loop1=0.4315 loop_last=0.2263 scratch_delta=1.252 scratch_gauss=0.3636
[future_seed_loop stage=3:60-72] step=0800 ce=0.1821 total=0.2200 loop1=0.3859 loop_last=0.1821 scratch_delta=1.486 scratch_gauss=0.3118
[future_seed_loop stage=3:60-72] step=0900 ce=0.1720 total=0.2081 loop1=0.3674 loop_last=0.1720 scratch_delta=1.703 scratch_gauss=0.3366
[future_seed_loop stage=3:60-72] step=1000 ce=0.1301 total=0.1666 loop1=0.3297 loop_last=0.1301 scratch_delta=1.793 scratch_gauss=0.3229
[future_seed_loop stage=4:72-84] step=1100 ce=0.3521 total=0.4064 loop1=0.6410 loop_last=0.3521 scratch_delta=2.004 scratch_gauss=0.3073
[future_seed_loop stage=4:72-84] step=1200 ce=0.3174 total=0.3751 loop1=0.6244 loop_last=0.3174 scratch_delta=2.168 scratch_gauss=0.2922
[future_seed_loop stage=4:72-84] step=1300 ce=0.2922 total=0.3476 loop1=0.5827 loop_last=0.2922 scratch_delta=2.335 scratch_gauss=0.2799
[future_seed_loop stage=4:72-84] step=1400 ce=0.2449 total=0.2981 loop1=0.5252 loop_last=0.2449 scratch_delta=2.121 scratch_gauss=0.2476
[future_seed_loop stage=4:72-84] step=1500 ce=0.2802 total=0.3312 loop1=0.5580 loop_last=0.2802 scratch_delta=2.208 scratch_gauss=0.2214
[future_seed_loop stage=4:72-84] step=1600 ce=0.1802 total=0.2348 loop1=0.4690 loop_last=0.1802 scratch_delta=2.125 scratch_gauss=0.2025
[future_seed_loop stage=4:72-84] step=1700 ce=0.1921 total=0.2432 loop1=0.4705 loop_last=0.1921 scratch_delta=2.170 scratch_gauss=0.1888
[future_seed_loop stage=4:72-84] step=1800 ce=0.1737 total=0.2267 loop1=0.4539 loop_last=0.1737 scratch_delta=2.180 scratch_gauss=0.1822
[future_seed_loop stage=4:72-84] step=1900 ce=0.1715 total=0.2220 loop1=0.4363 loop_last=0.1715 scratch_delta=2.257 scratch_gauss=0.2134
[future_seed_loop stage=4:72-84] step=2000 ce=0.1818 total=0.2211 loop1=0.4045 loop_last=0.1818 scratch_delta=2.273 scratch_gauss=0.1700
[future_seed_loop stage=4:72-84] step=2100 ce=0.1352 total=0.1877 loop1=0.4157 loop_last=0.1352 scratch_delta=2.300 scratch_gauss=0.1713
[future_seed_loop stage=4:72-84] step=2200 ce=0.1661 total=0.2136 loop1=0.4192 loop_last=0.1661 scratch_delta=2.309 scratch_gauss=0.1594
[future_seed_loop stage=5:84-96] step=2300 ce=0.5296 total=0.5845 loop1=0.8140 loop_last=0.5296 scratch_delta=2.388 scratch_gauss=0.2030
[future_seed_loop stage=5:84-96] step=2400 ce=0.4865 total=0.5491 loop1=0.8027 loop_last=0.4865 scratch_delta=2.418 scratch_gauss=0.2441
[future_seed_loop stage=5:84-96] step=2500 ce=0.3962 total=0.4671 loop1=0.7550 loop_last=0.3962 scratch_delta=2.410 scratch_gauss=0.1913
[future_seed_loop stage=5:84-96] step=2600 ce=0.4546 total=0.5180 loop1=0.7876 loop_last=0.4546 scratch_delta=2.376 scratch_gauss=0.1995
[future_seed_loop stage=5:84-96] step=2700 ce=0.3829 total=0.4485 loop1=0.7268 loop_last=0.3829 scratch_delta=2.405 scratch_gauss=0.1878
[future_seed_loop stage=5:84-96] step=2800 ce=0.3395 total=0.4144 loop1=0.7125 loop_last=0.3395 scratch_delta=2.480 scratch_gauss=0.2163
[future_seed_loop stage=5:84-96] step=2900 ce=0.3790 total=0.4562 loop1=0.7651 loop_last=0.3790 scratch_delta=2.504 scratch_gauss=0.2503
[future_seed_loop stage=5:84-96] step=3000 ce=0.4086 total=0.4722 loop1=0.7391 loop_last=0.4086 scratch_delta=2.478 scratch_gauss=0.2012
[future_seed_loop stage=5:84-96] step=3100 ce=0.3483 total=0.4179 loop1=0.6967 loop_last=0.3483 scratch_delta=2.499 scratch_gauss=0.1987
[future_seed_loop stage=5:84-96] step=3200 ce=0.3182 total=0.3906 loop1=0.6791 loop_last=0.3182 scratch_delta=2.488 scratch_gauss=0.2100
[future_seed_loop stage=5:84-96] step=3300 ce=0.2866 total=0.3568 loop1=0.6499 loop_last=0.2866 scratch_delta=2.586 scratch_gauss=0.2002
[future_seed_loop stage=5:84-96] step=3400 ce=0.2779 total=0.3628 loop1=0.6965 loop_last=0.2779 scratch_delta=2.604 scratch_gauss=0.2038
[future_seed_loop stage=5:84-96] step=3500 ce=0.2562 total=0.3364 loop1=0.6559 loop_last=0.2562 scratch_delta=2.609 scratch_gauss=0.1829
[future_seed_loop stage=5:84-96] step=3600 ce=0.2154 total=0.2866 loop1=0.5807 loop_last=0.2154 scratch_delta=2.645 scratch_gauss=0.1951
[future_seed_loop stage=5:84-96] step=3700 ce=0.3017 total=0.3781 loop1=0.6775 loop_last=0.3017 scratch_delta=2.728 scratch_gauss=0.1841
[future_seed_loop stage=5:84-96] step=3800 ce=0.2174 total=0.2942 loop1=0.6012 loop_last=0.2174 scratch_delta=2.706 scratch_gauss=0.1762
[future_seed_loop stage=5:84-96] step=3900 ce=0.2351 total=0.3014 loop1=0.5822 loop_last=0.2351 scratch_delta=2.665 scratch_gauss=0.2043
[future_seed_loop stage=5:84-96] step=4000 ce=0.1662 total=0.2472 loop1=0.5787 loop_last=0.1662 scratch_delta=2.676 scratch_gauss=0.2323
[future_seed_loop stage=6:96-108] step=4100 ce=0.6833 total=0.7668 loop1=1.0767 loop_last=0.6833 scratch_delta=2.938 scratch_gauss=0.2247
[future_seed_loop stage=6:96-108] step=4200 ce=0.6455 total=0.7308 loop1=1.0448 loop_last=0.6455 scratch_delta=3.039 scratch_gauss=0.2365
[future_seed_loop stage=6:96-108] step=4300 ce=0.6491 total=0.7411 loop1=1.0740 loop_last=0.6491 scratch_delta=3.029 scratch_gauss=0.2378
[future_seed_loop stage=6:96-108] step=4400 ce=0.5940 total=0.6907 loop1=1.0434 loop_last=0.5940 scratch_delta=3.070 scratch_gauss=0.2222
[future_seed_loop stage=6:96-108] step=4500 ce=0.5445 total=0.6451 loop1=1.0171 loop_last=0.5445 scratch_delta=3.154 scratch_gauss=0.2214
[future_seed_loop stage=6:96-108] step=4600 ce=0.4209 total=0.5331 loop1=0.9595 loop_last=0.4209 scratch_delta=3.144 scratch_gauss=0.2552
[future_seed_loop stage=6:96-108] step=4700 ce=0.3647 total=0.4843 loop1=0.9528 loop_last=0.3647 scratch_delta=3.113 scratch_gauss=0.2653
[future_seed_loop stage=6:96-108] step=4800 ce=0.2526 total=0.3674 loop1=0.8554 loop_last=0.2526 scratch_delta=3.179 scratch_gauss=0.2529
[future_seed_loop stage=6:96-108] step=4900 ce=0.2226 total=0.3266 loop1=0.7830 loop_last=0.2226 scratch_delta=3.113 scratch_gauss=0.2308
[future_seed_loop stage=6:96-108] step=5000 ce=0.2782 total=0.3757 loop1=0.7942 loop_last=0.2782 scratch_delta=3.113 scratch_gauss=0.2544
[future_seed_loop stage=6:96-108] step=5100 ce=0.2675 total=0.3459 loop1=0.7007 loop_last=0.2675 scratch_delta=3.044 scratch_gauss=0.2313
[future_seed_loop stage=6:96-108] step=5200 ce=0.1566 total=0.2404 loop1=0.6167 loop_last=0.1566 scratch_delta=3.016 scratch_gauss=0.2347
[future_seed_loop stage=6:96-108] step=5300 ce=0.2109 total=0.2831 loop1=0.6073 loop_last=0.2109 scratch_delta=3.013 scratch_gauss=0.2550
[future_seed_loop stage=6:96-108] step=5400 ce=0.1891 total=0.2653 loop1=0.6044 loop_last=0.1891 scratch_delta=3.063 scratch_gauss=0.2503
[future_seed_loop stage=6:96-108] step=5500 ce=0.1246 total=0.1954 loop1=0.5141 loop_last=0.1246 scratch_delta=3.110 scratch_gauss=0.2125
[future_seed_loop stage=6:96-108] step=5600 ce=0.1678 total=0.2298 loop1=0.5115 loop_last=0.1678 scratch_delta=3.127 scratch_gauss=0.2106
[future_seed_loop stage=6:96-108] step=5700 ce=0.1746 total=0.2471 loop1=0.5632 loop_last=0.1746 scratch_delta=3.126 scratch_gauss=0.2140
[future_seed_loop stage=6:96-108] step=5800 ce=0.1456 total=0.2138 loop1=0.5113 loop_last=0.1456 scratch_delta=3.128 scratch_gauss=0.2240
[future_seed_loop stage=7:108-120] step=5900 ce=0.6882 total=0.8061 loop1=1.2703 loop_last=0.6882 scratch_delta=3.471 scratch_gauss=0.2211
[future_seed_loop stage=7:108-120] step=6000 ce=0.5844 total=0.6962 loop1=1.1576 loop_last=0.5844 scratch_delta=3.480 scratch_gauss=0.2343
[future_seed_loop stage=7:108-120] step=6100 ce=0.6009 total=0.7049 loop1=1.1459 loop_last=0.6009 scratch_delta=3.584 scratch_gauss=0.2526
[future_seed_loop stage=7:108-120] step=6200 ce=0.4742 total=0.6073 loop1=1.1483 loop_last=0.4742 scratch_delta=3.673 scratch_gauss=0.2635
[future_seed_loop stage=7:108-120] step=6300 ce=0.5807 total=0.6874 loop1=1.1369 loop_last=0.5807 scratch_delta=3.728 scratch_gauss=0.2336
[future_seed_loop stage=7:108-120] step=6400 ce=0.5245 total=0.6399 loop1=1.1146 loop_last=0.5245 scratch_delta=3.751 scratch_gauss=0.2459
[future_seed_loop stage=7:108-120] step=6500 ce=0.3657 total=0.4885 loop1=1.0066 loop_last=0.3657 scratch_delta=3.766 scratch_gauss=0.2441
[future_seed_loop stage=7:108-120] step=6600 ce=0.5165 total=0.6283 loop1=1.0977 loop_last=0.5165 scratch_delta=3.797 scratch_gauss=0.2421
[future_seed_loop stage=7:108-120] step=6700 ce=0.4152 total=0.5407 loop1=1.0651 loop_last=0.4152 scratch_delta=3.854 scratch_gauss=0.2655
[future_seed_loop stage=7:108-120] step=6800 ce=0.3505 total=0.4742 loop1=0.9882 loop_last=0.3505 scratch_delta=3.923 scratch_gauss=0.2728
[checkpoint_eval step=6800 holes120] loop6 exact=0.0000 blank=0.6575

full-board metrics
loop=1 exact=0.0000, valid=0.0000, solved=0.0000, blank_acc=0.4361
        fs_gate=0.634, fs_update=1.000, fs_state_norm=20.274, fs_decay=0.00, fb_in=0.000, fb_next=0.000, loop_time=0.000, scratch_gate=0.205, scratch_decay=0.361, scratch_delta=37.709, scratch_resid=13.621, scratch_var=0.418, scratch_rank=61.2
loop=2 exact=0.0000, valid=0.0000, solved=0.0000, blank_acc=0.6163
        fs_gate=0.634, fs_update=1.000, fs_state_norm=20.274, fs_decay=0.00, fb_in=0.000, fb_next=0.000, loop_time=0.000, scratch_gate=0.218, scratch_decay=0.281, scratch_delta=27.368, scratch_resid=13.183, scratch_var=0.715, scratch_rank=62.2
loop=3 exact=0.0000, valid=0.0000, solved=0.0000, blank_acc=0.6641
        fs_gate=0.634, fs_update=1.000, fs_state_norm=20.274, fs_decay=0.00, fb_in=0.000, fb_next=0.000, loop_time=0.000, scratch_gate=0.220, scratch_decay=0.275, scratch_delta=14.498, scratch_resid=13.013, scratch_var=0.801, scratch_rank=62.5
loop=4 exact=0.0000, valid=0.0000, solved=0.0000, blank_acc=0.6711
        fs_gate=0.634, fs_update=1.000, fs_state_norm=20.274, fs_decay=0.00, fb_in=0.000, fb_next=0.000, loop_time=0.000, scratch_gate=0.221, scratch_decay=0.275, scratch_delta=8.494, scratch_resid=12.984, scratch_var=0.816, scratch_rank=62.5
loop=5 exact=0.0000, valid=0.0000, solved=0.0000, blank_acc=0.6720
        fs_gate=0.634, fs_update=1.000, fs_state_norm=20.274, fs_decay=0.00, fb_in=0.000, fb_next=0.000, loop_time=0.000, scratch_gate=0.221, scratch_decay=0.277, scratch_delta=5.699, scratch_resid=12.978, scratch_var=0.820, scratch_rank=62.5
loop=6 exact=0.0000, valid=0.0000, solved=0.0000, blank_acc=0.6723
        fs_gate=0.634, fs_update=1.000, fs_state_norm=20.274, fs_decay=0.00, fb_in=0.000, fb_next=0.000, loop_time=0.000, scratch_gate=0.221, scratch_decay=0.277, scratch_delta=4.174, scratch_resid=12.977, scratch_var=0.820, scratch_rank=62.5

stochastic rollout metrics
K1 oracle_exact=0.0000 oracle_solved=0.0000 disagree=0.0000
  confidence exact=0.0000, valid=0.0000, solved=0.0000, blank_acc=0.6723; gap=0.0000
  consistency exact=0.0000, valid=0.0000, solved=0.0000, blank_acc=0.6723; gap=0.0000
  residual    exact=0.0000, valid=0.0000, solved=0.0000, blank_acc=0.6723; gap=0.0000
  majority    exact=0.0000, valid=0.0000, solved=0.0000, blank_acc=0.6723; gap=0.0000

compute-scaling rollout metrics
loop1
  K1 oracle_exact=0.0000 confidence_exact=0.0000 residual_exact=0.0000 disagree=0.0000
loop3
  K1 oracle_exact=0.0000 confidence_exact=0.0000 residual_exact=0.0000 disagree=0.0000
loop6
  K1 oracle_exact=0.0000 confidence_exact=0.0000 residual_exact=0.0000 disagree=0.0000
Depth loop is neutral on full-board exact in this run.
wrote /huyang2/double-loop/.worktrees/scratchpad-weakdenoise-code-20260613T1118Z-b03829b/runs/scratchpad-weakdenoise-h120-step6800-d256-l12-loop6-20260613T1119Z-b03829b/output/futureseed_loop_seed52.json
wrote /huyang2/double-loop/.worktrees/scratchpad-weakdenoise-code-20260613T1118Z-b03829b/runs/scratchpad-weakdenoise-h120-step6800-d256-l12-loop6-20260613T1119Z-b03829b/output/futureseed_loop_seed52.md
wrote /huyang2/double-loop/.worktrees/scratchpad-weakdenoise-code-20260613T1118Z-b03829b/runs/scratchpad-weakdenoise-h120-step6800-d256-l12-loop6-20260613T1119Z-b03829b/output/futureseed_loop_case_seed52.html
recorded run=scratchpad-weakdenoise-h120-step6800-d256-l12-loop6-20260613T1119Z-b03829b score=0.0 key=metrics.eval_clean.loop6.label_exact
completed run_dir=/huyang2/double-loop/.worktrees/scratchpad-weakdenoise-code-20260613T1118Z-b03829b/runs/scratchpad-weakdenoise-h120-step6800-d256-l12-loop6-20260613T1119Z-b03829b
