EqR FutureSeed/feature-noise patch already applied at /huyang2/double-loop/repos/eqr
EqR ready: base=aba94e9cde0f273ce644db5261cd6915ba6561f0 dir=/huyang2/double-loop/repos/eqr
No external data or model download is required for the current Sudoku probe.
mode=eqr_probe
run_dir=/huyang2/double-loop/runs/eqr-solid-hardrep_combo-s57-20260604T045905Z-66ff740
git_sha=66ff74066cab22774c03310a20e7bcdf25311f2b
git_dirty=0
device=cuda torch=2.7.0+cu126 params=962692 eqr_dir=/huyang2/double-loop/repos/eqr
[eqr_nohydra stage=1:8-16] step=0100 ce=0.5078 loop1=1.2422 sec=140.7
[eqr_nohydra stage=1:8-16] step=0200 ce=0.0166 loop1=0.6523 sec=281.2
[eqr_nohydra stage=1:8-16] step=0300 ce=0.0148 loop1=0.6797 sec=341.1
[eqr_nohydra stage=2:16-24] step=0400 ce=0.0145 loop1=0.8438 sec=377.9
[eqr_nohydra stage=2:16-24] step=0500 ce=0.0334 loop1=0.8281 sec=414.0
[eqr_nohydra stage=2:16-24] step=0600 ce=0.0193 loop1=0.6875 sec=449.5
[eqr_nohydra stage=2:16-24] step=0700 ce=0.0177 loop1=0.7344 sec=485.4
[eqr_nohydra stage=2:16-24] step=0800 ce=0.0053 loop1=0.6484 sec=521.2
[eqr_nohydra stage=2:16-24] step=0900 ce=0.0055 loop1=0.6875 sec=557.2
primary holes16 loop4 exact=1.0000 blank=1.0000 gain=0.9902
decision=Continue: EqR benefits from deeper recurrent refinement with FutureSeed/feature-diff enabled.
wrote /huyang2/double-loop/runs/eqr-solid-hardrep_combo-s57-20260604T045905Z-66ff740/output/eqr_probe_seed57.json
wrote /huyang2/double-loop/runs/eqr-solid-hardrep_combo-s57-20260604T045905Z-66ff740/output/eqr_probe_seed57.md
recorded run=eqr-solid-hardrep_combo-s57-20260604T045905Z-66ff740 score=1.0 key=metrics.eval_clean.loop4.label_exact
completed run_dir=/huyang2/double-loop/runs/eqr-solid-hardrep_combo-s57-20260604T045905Z-66ff740
