EqR FutureSeed/feature-noise patch already applied at /huyang2/double-loop/repos/eqr
EqR ready: base=aba94e9cde0f273ce644db5261cd6915ba6561f0 dir=/huyang2/double-loop/repos/eqr
No external data or model download is required for the current Sudoku probe.
mode=eqr_probe
run_dir=/huyang2/double-loop/runs/eqr-solid-base-s53-20260604T043657Z-66ff740
git_sha=66ff74066cab22774c03310a20e7bcdf25311f2b
git_dirty=0
device=cuda torch=2.7.0+cu126 params=888962 eqr_dir=/huyang2/double-loop/repos/eqr
[eqr_nohydra stage=1:4-8] step=0050 ce=0.8516 loop1=1.0000 sec=17.6
[eqr_nohydra stage=1:4-8] step=0100 ce=0.4668 loop1=0.8164 sec=34.9
[eqr_nohydra stage=1:4-8] step=0150 ce=0.0728 loop1=0.5977 sec=52.1
[eqr_nohydra stage=1:4-8] step=0200 ce=0.0195 loop1=0.5156 sec=69.3
[eqr_nohydra stage=2:8-12] step=0250 ce=0.0183 loop1=0.6406 sec=86.7
[eqr_nohydra stage=2:8-12] step=0300 ce=0.0121 loop1=0.7109 sec=103.9
[eqr_nohydra stage=2:8-12] step=0350 ce=0.0050 loop1=0.6133 sec=121.1
[eqr_nohydra stage=2:8-12] step=0400 ce=0.0072 loop1=0.7148 sec=138.2
[eqr_nohydra stage=2:8-12] step=0450 ce=0.0007 loop1=0.5977 sec=155.5
[eqr_nohydra stage=2:8-12] step=0500 ce=0.0034 loop1=0.5273 sec=172.7
[eqr_nohydra stage=2:8-12] step=0550 ce=0.0025 loop1=0.5586 sec=189.9
[eqr_nohydra stage=2:8-12] step=0600 ce=0.0112 loop1=0.5391 sec=207.1
primary holes8 loop4 exact=1.0000 blank=1.0000 gain=0.9473
decision=Continue: EqR benefits from deeper recurrent refinement with FutureSeed/feature-diff enabled.
wrote /huyang2/double-loop/runs/eqr-solid-base-s53-20260604T043657Z-66ff740/output/eqr_probe_seed53.json
wrote /huyang2/double-loop/runs/eqr-solid-base-s53-20260604T043657Z-66ff740/output/eqr_probe_seed53.md
recorded run=eqr-solid-base-s53-20260604T043657Z-66ff740 score=1.0 key=metrics.eval_clean.loop4.label_exact
completed run_dir=/huyang2/double-loop/runs/eqr-solid-base-s53-20260604T043657Z-66ff740
