EqR FutureSeed/feature-noise patch already applied at /huyang2/double-loop/repos/eqr
EqR ready: base=aba94e9cde0f273ce644db5261cd6915ba6561f0 dir=/huyang2/double-loop/repos/eqr
No external data or model download is required for the current Sudoku probe.
mode=eqr_probe
run_dir=/huyang2/double-loop/runs/eqr-solid-hardrep_combo-s55-20260604T045905Z-66ff740
git_sha=66ff74066cab22774c03310a20e7bcdf25311f2b
git_dirty=0
device=cuda torch=2.7.0+cu126 params=962692 eqr_dir=/huyang2/double-loop/repos/eqr
[eqr_nohydra stage=1:8-16] step=0100 ce=0.5664 loop1=1.1484 sec=140.9
[eqr_nohydra stage=1:8-16] step=0200 ce=0.0150 loop1=0.6523 sec=281.6
[eqr_nohydra stage=1:8-16] step=0300 ce=0.0099 loop1=0.5273 sec=342.6
[eqr_nohydra stage=2:16-24] step=0400 ce=0.0226 loop1=0.6094 sec=378.1
[eqr_nohydra stage=2:16-24] step=0500 ce=0.0376 loop1=0.5508 sec=413.5
[eqr_nohydra stage=2:16-24] step=0600 ce=0.0082 loop1=0.6523 sec=449.7
[eqr_nohydra stage=2:16-24] step=0700 ce=0.0106 loop1=0.5039 sec=485.1
[eqr_nohydra stage=2:16-24] step=0800 ce=0.0210 loop1=0.6055 sec=521.3
[eqr_nohydra stage=2:16-24] step=0900 ce=0.0092 loop1=0.4824 sec=557.8
primary holes16 loop4 exact=0.9961 blank=0.9991 gain=0.8965
decision=Continue: EqR benefits from deeper recurrent refinement with FutureSeed/feature-diff enabled.
wrote /huyang2/double-loop/runs/eqr-solid-hardrep_combo-s55-20260604T045905Z-66ff740/output/eqr_probe_seed55.json
wrote /huyang2/double-loop/runs/eqr-solid-hardrep_combo-s55-20260604T045905Z-66ff740/output/eqr_probe_seed55.md
recorded run=eqr-solid-hardrep_combo-s55-20260604T045905Z-66ff740 score=0.99609375 key=metrics.eval_clean.loop4.label_exact
completed run_dir=/huyang2/double-loop/runs/eqr-solid-hardrep_combo-s55-20260604T045905Z-66ff740
