mode=eqr_probe
run_dir=/huyang2/double-loop/runs/eqr-fs-featurediff-9x9-20260604T041153Z-cbbfbe9
git_sha=cbbfbe9e1401b1cf3521f4aaf3e36e11cacbe2a3
git_dirty=1
device=cuda torch=2.7.0+cu126 params=962692 eqr_dir=/huyang2/double-loop/repos/eqr
[eqr_nohydra stage=1:4-8] step=0025 ce=1.2500 loop1=1.4375 sec=3.7
[eqr_nohydra stage=1:4-8] step=0050 ce=0.8477 loop1=1.0312 sec=7.5
[eqr_nohydra stage=1:4-8] step=0075 ce=0.7266 loop1=1.0078 sec=11.2
[eqr_nohydra stage=1:4-8] step=0100 ce=0.4414 loop1=0.8672 sec=15.0
[eqr_nohydra stage=1:4-8] step=0125 ce=0.2578 loop1=0.7070 sec=18.5
[eqr_nohydra stage=1:4-8] step=0150 ce=0.0908 loop1=0.6211 sec=22.0
[eqr_nohydra stage=1:4-8] step=0175 ce=0.0588 loop1=0.6445 sec=25.6
[eqr_nohydra stage=1:4-8] step=0200 ce=0.0422 loop1=0.4531 sec=29.0
[eqr_nohydra stage=2:8-12] step=0225 ce=0.0439 loop1=0.6875 sec=32.1
[eqr_nohydra stage=2:8-12] step=0250 ce=0.0273 loop1=0.6250 sec=35.3
[eqr_nohydra stage=2:8-12] step=0275 ce=0.0140 loop1=0.6250 sec=38.5
[eqr_nohydra stage=2:8-12] step=0300 ce=0.0039 loop1=0.6289 sec=41.6
[eqr_nohydra stage=2:8-12] step=0325 ce=0.0080 loop1=0.5117 sec=45.2
[eqr_nohydra stage=2:8-12] step=0350 ce=0.0052 loop1=0.5859 sec=48.7
[eqr_nohydra stage=2:8-12] step=0375 ce=0.0067 loop1=0.5000 sec=51.8
[eqr_nohydra stage=2:8-12] step=0400 ce=0.0022 loop1=0.6484 sec=54.8
[eqr_nohydra stage=2:8-12] step=0425 ce=0.0027 loop1=0.5352 sec=57.9
[eqr_nohydra stage=2:8-12] step=0450 ce=0.0028 loop1=0.5352 sec=60.9
[eqr_nohydra stage=2:8-12] step=0475 ce=0.0012 loop1=0.4805 sec=64.1
[eqr_nohydra stage=2:8-12] step=0500 ce=0.0123 loop1=0.5430 sec=67.5
[eqr_nohydra stage=2:8-12] step=0525 ce=0.0009 loop1=0.4609 sec=70.7
