mode=full
run_dir=/huyang2/double-loop/.worktrees/h96fullclean-20260611T1212Z-4337212/runs/h96fullclean-12x12-d256-l12-loop5-s4800-20260611T1212Z-4337212
git_sha=43372120a550473e7df4f5b45ff146bd72fefed0
git_dirty=0
device=cuda torch=2.7.0+cu126 board=12x12 box=3x4 mainline=future_seed_loop rwkv_kernel=auto forward_dtype=bfloat16
/opt/conda/lib/python3.10/site-packages/torch/utils/cpp_extension.py:2356: UserWarning: TORCH_CUDA_ARCH_LIST is not set, all archs for visible cards are included for compilation.
If this is not desired, please set os.environ['TORCH_CUDA_ARCH_LIST'].
  warnings.warn(
[future_seed_loop stage=1:16-36] step=0100 ce=1.5464 total=1.5464 loop1=1.5470 loop_last=1.5464
[future_seed_loop stage=1:16-36] step=0200 ce=1.2694 total=1.2694 loop1=1.2706 loop_last=1.2694
[future_seed_loop stage=2:36-60] step=0300 ce=1.3935 total=1.3935 loop1=1.4087 loop_last=1.3935
[future_seed_loop stage=2:36-60] step=0400 ce=0.9626 total=0.9626 loop1=1.0846 loop_last=0.9626
[future_seed_loop stage=2:36-60] step=0500 ce=0.5030 total=0.5030 loop1=0.7954 loop_last=0.5030
[future_seed_loop stage=3:60-72] step=0600 ce=0.4638 total=0.4638 loop1=0.9659 loop_last=0.4638
[future_seed_loop stage=3:60-72] step=0700 ce=0.2980 total=0.2980 loop1=0.8700 loop_last=0.2980
[future_seed_loop stage=3:60-72] step=0800 ce=0.2534 total=0.2534 loop1=1.0100 loop_last=0.2534
[future_seed_loop stage=3:60-72] step=0900 ce=0.1666 total=0.1666 loop1=0.9003 loop_last=0.1666
[future_seed_loop stage=3:60-72] step=1000 ce=0.1157 total=0.1157 loop1=0.8227 loop_last=0.1157
[future_seed_loop stage=4:72-84] step=1100 ce=0.3593 total=0.3593 loop1=1.2298 loop_last=0.3593
[future_seed_loop stage=4:72-84] step=1200 ce=0.3411 total=0.3411 loop1=1.2728 loop_last=0.3411
[future_seed_loop stage=4:72-84] step=1300 ce=0.2570 total=0.2570 loop1=1.2335 loop_last=0.2570
[future_seed_loop stage=4:72-84] step=1400 ce=0.2700 total=0.2700 loop1=1.2417 loop_last=0.2700
[future_seed_loop stage=4:72-84] step=1500 ce=0.2739 total=0.2739 loop1=1.3600 loop_last=0.2739
[future_seed_loop stage=4:72-84] step=1600 ce=0.2090 total=0.2090 loop1=1.2766 loop_last=0.2090
[future_seed_loop stage=4:72-84] step=1700 ce=0.2183 total=0.2183 loop1=1.2307 loop_last=0.2183
[future_seed_loop stage=4:72-84] step=1800 ce=0.1825 total=0.1825 loop1=1.2805 loop_last=0.1825
[future_seed_loop stage=4:72-84] step=1900 ce=0.2060 total=0.2060 loop1=1.2534 loop_last=0.2060
[future_seed_loop stage=4:72-84] step=2000 ce=0.1773 total=0.1773 loop1=1.1883 loop_last=0.1773
[future_seed_loop stage=4:72-84] step=2100 ce=0.1706 total=0.1706 loop1=1.3000 loop_last=0.1706
[future_seed_loop stage=4:72-84] step=2200 ce=0.1963 total=0.1963 loop1=1.2176 loop_last=0.1963
[future_seed_loop stage=4:72-84] step=2300 ce=0.1320 total=0.1320 loop1=1.2224 loop_last=0.1320
[future_seed_loop stage=4:72-84] step=2400 ce=0.1655 total=0.1655 loop1=1.2862 loop_last=0.1655
[future_seed_loop stage=5:84-96] step=2500 ce=0.5055 total=0.5055 loop1=1.6346 loop_last=0.5055
[future_seed_loop stage=5:84-96] step=2600 ce=0.5279 total=0.5279 loop1=1.6651 loop_last=0.5279
[future_seed_loop stage=5:84-96] step=2700 ce=0.4473 total=0.4473 loop1=1.6136 loop_last=0.4473
[future_seed_loop stage=5:84-96] step=2800 ce=0.4223 total=0.4223 loop1=1.5056 loop_last=0.4223
[future_seed_loop stage=5:84-96] step=2900 ce=0.4370 total=0.4370 loop1=1.6467 loop_last=0.4370
[future_seed_loop stage=5:84-96] step=3000 ce=0.4267 total=0.4267 loop1=1.5630 loop_last=0.4267
[future_seed_loop stage=5:84-96] step=3100 ce=0.4139 total=0.4139 loop1=1.6078 loop_last=0.4139
[future_seed_loop stage=5:84-96] step=3200 ce=0.3856 total=0.3856 loop1=1.5141 loop_last=0.3856
[future_seed_loop stage=5:84-96] step=3300 ce=0.3840 total=0.3840 loop1=1.6021 loop_last=0.3840
[future_seed_loop stage=5:84-96] step=3400 ce=0.3936 total=0.3936 loop1=1.5418 loop_last=0.3936
[future_seed_loop stage=5:84-96] step=3500 ce=0.3435 total=0.3435 loop1=1.5646 loop_last=0.3435
[future_seed_loop stage=5:84-96] step=3600 ce=0.3273 total=0.3273 loop1=1.5825 loop_last=0.3273
[future_seed_loop stage=5:84-96] step=3700 ce=0.3886 total=0.3886 loop1=1.6090 loop_last=0.3886
[future_seed_loop stage=5:84-96] step=3800 ce=0.3570 total=0.3570 loop1=1.5455 loop_last=0.3570
[future_seed_loop stage=5:84-96] step=3900 ce=0.3697 total=0.3697 loop1=1.6224 loop_last=0.3697
[future_seed_loop stage=5:84-96] step=4000 ce=0.3226 total=0.3226 loop1=1.4729 loop_last=0.3226
[future_seed_loop stage=5:84-96] step=4100 ce=0.3155 total=0.3155 loop1=1.5536 loop_last=0.3155
[future_seed_loop stage=5:84-96] step=4200 ce=0.3384 total=0.3384 loop1=1.5206 loop_last=0.3384
[future_seed_loop stage=5:84-96] step=4300 ce=0.3245 total=0.3245 loop1=1.6884 loop_last=0.3245
[future_seed_loop stage=5:84-96] step=4400 ce=0.2909 total=0.2909 loop1=1.5818 loop_last=0.2909
[future_seed_loop stage=5:84-96] step=4500 ce=0.2721 total=0.2721 loop1=1.7090 loop_last=0.2721
[future_seed_loop stage=5:84-96] step=4600 ce=0.1679 total=0.1679 loop1=1.6780 loop_last=0.1679
[future_seed_loop stage=5:84-96] step=4700 ce=0.1336 total=0.1336 loop1=1.7799 loop_last=0.1336
[future_seed_loop stage=5:84-96] step=4800 ce=0.1178 total=0.1178 loop1=1.8564 loop_last=0.1178

full-board metrics
loop=1 exact=0.0000, valid=0.0000, solved=0.0000, blank_acc=0.4001
        fs_gate=0.599, fs_update=1.000, fs_state_norm=9.578, fs_decay=0.00, fb_in=0.000, fb_next=0.000, loop_time=0.000
loop=2 exact=0.0000, valid=0.0000, solved=0.0000, blank_acc=0.6760
        fs_gate=0.599, fs_update=1.000, fs_state_norm=9.578, fs_decay=0.00, fb_in=0.000, fb_next=0.000, loop_time=0.000
loop=3 exact=0.0293, valid=0.0293, solved=0.0293, blank_acc=0.8703
        fs_gate=0.599, fs_update=1.000, fs_state_norm=9.578, fs_decay=0.00, fb_in=0.000, fb_next=0.000, loop_time=0.000
loop=4 exact=0.2715, valid=0.2715, solved=0.2715, blank_acc=0.9215
        fs_gate=0.599, fs_update=1.000, fs_state_norm=9.578, fs_decay=0.00, fb_in=0.000, fb_next=0.000, loop_time=0.000
loop=5 exact=0.3164, valid=0.3184, solved=0.3184, blank_acc=0.9264
        fs_gate=0.599, fs_update=1.000, fs_state_norm=9.578, fs_decay=0.00, fb_in=0.000, fb_next=0.000, loop_time=0.000

stochastic rollout metrics
K1 oracle_exact=0.3164 oracle_solved=0.3184 disagree=0.0000
  confidence exact=0.3164, valid=0.3184, solved=0.3184, blank_acc=0.9264; gap=0.0000
  consistency exact=0.3164, valid=0.3184, solved=0.3184, blank_acc=0.9264; gap=0.0000
  residual    exact=0.3164, valid=0.3184, solved=0.3184, blank_acc=0.9264; gap=0.0000
  majority    exact=0.3164, valid=0.3184, solved=0.3184, blank_acc=0.9264; gap=0.0000

compute-scaling rollout metrics
loop1
  K1 oracle_exact=0.0000 confidence_exact=0.0000 residual_exact=0.0000 disagree=0.0000
loop3
  K1 oracle_exact=0.0293 confidence_exact=0.0293 residual_exact=0.0293 disagree=0.0000
loop5
  K1 oracle_exact=0.3164 confidence_exact=0.3164 residual_exact=0.3164 disagree=0.0000

hole-transfer metrics
holes=96 exact=0.3164, valid=0.3184, solved=0.3184, blank_acc=0.9264; indep=0.0007, exact/indep=486.46
holes=72 exact=0.9844, valid=0.9863, solved=0.9863, blank_acc=0.9993; indep=0.9523, exact/indep=1.03
holes=84 exact=0.8828, valid=0.8848, solved=0.8828, blank_acc=0.9927; indep=0.5425, exact/indep=1.63
holes=108 exact=0.0000, valid=0.0000, solved=0.0000, blank_acc=0.5904; indep=0.0000, exact/indep=0.00
Depth loop adds useful full-board refinement.
wrote /huyang2/double-loop/.worktrees/h96fullclean-20260611T1212Z-4337212/runs/h96fullclean-12x12-d256-l12-loop5-s4800-20260611T1212Z-4337212/output/futureseed_loop_seed52.json
wrote /huyang2/double-loop/.worktrees/h96fullclean-20260611T1212Z-4337212/runs/h96fullclean-12x12-d256-l12-loop5-s4800-20260611T1212Z-4337212/output/futureseed_loop_seed52.md
wrote /huyang2/double-loop/.worktrees/h96fullclean-20260611T1212Z-4337212/runs/h96fullclean-12x12-d256-l12-loop5-s4800-20260611T1212Z-4337212/output/futureseed_loop_case_seed52.html
