mode=full
run_dir=/huyang2/double-loop/.worktrees/unitmem-79004cf/runs/frontier-16x16-unitmem-d192-l10-loop7-h80-b48-20260605T0803Z-79004cf
git_sha=79004cf56c965ae6e79070bd93bbf350f0da10ca
git_dirty=0
device=cuda torch=2.7.0+cu126 board=16x16 box=4x4 mainline=future_seed_loop rwkv_kernel=cuda
[future_seed_loop stage=1:32-48] step=0100 ce=0.2310 total=0.2310 loop1=0.2250 loop_last=0.2310 unit=0.0193
[future_seed_loop stage=1:32-48] step=0200 ce=0.1054 total=0.1054 loop1=0.1361 loop_last=0.1054 unit=0.0105
[future_seed_loop stage=1:32-48] step=0300 ce=0.1088 total=0.1088 loop1=0.1289 loop_last=0.1088 unit=0.0104
[future_seed_loop stage=2:48-64] step=0400 ce=0.1903 total=0.1903 loop1=0.2395 loop_last=0.1903 unit=0.0231
[future_seed_loop stage=2:48-64] step=0500 ce=0.1751 total=0.1751 loop1=0.2337 loop_last=0.1751 unit=0.0204
[future_seed_loop stage=2:48-64] step=0600 ce=0.1575 total=0.1575 loop1=0.2588 loop_last=0.1575 unit=0.0181
[future_seed_loop stage=2:48-64] step=0700 ce=0.1455 total=0.1455 loop1=0.2622 loop_last=0.1455 unit=0.0162
[future_seed_loop stage=2:48-64] step=0800 ce=0.1352 total=0.1352 loop1=0.2737 loop_last=0.1352 unit=0.0151
[future_seed_loop stage=3:64-80] step=0900 ce=0.2293 total=0.2293 loop1=0.4378 loop_last=0.2293 unit=0.0243
[future_seed_loop stage=3:64-80] step=1000 ce=0.2081 total=0.2081 loop1=0.4503 loop_last=0.2081 unit=0.0216
[future_seed_loop stage=3:64-80] step=1100 ce=0.1742 total=0.1742 loop1=0.4814 loop_last=0.1742 unit=0.0157
[future_seed_loop stage=3:64-80] step=1200 ce=0.1226 total=0.1226 loop1=0.5101 loop_last=0.1226 unit=0.0120

full-board metrics
loop=1 exact=0.0000, valid=0.0000, solved=0.0000, blank_acc=0.8027
        fs_gate=0.505, fs_state_norm=8.084
loop=2 exact=0.2188, valid=0.2227, solved=0.2227, blank_acc=0.9669
        fs_gate=0.505, fs_state_norm=8.084
loop=3 exact=0.2344, valid=0.2344, solved=0.2344, blank_acc=0.9683
        fs_gate=0.505, fs_state_norm=8.084
loop=4 exact=0.2305, valid=0.2305, solved=0.2305, blank_acc=0.9685
        fs_gate=0.505, fs_state_norm=8.084
loop=5 exact=0.2305, valid=0.2305, solved=0.2305, blank_acc=0.9684
        fs_gate=0.505, fs_state_norm=8.084
loop=6 exact=0.2305, valid=0.2305, solved=0.2305, blank_acc=0.9683
        fs_gate=0.505, fs_state_norm=8.084
loop=7 exact=0.2305, valid=0.2305, solved=0.2305, blank_acc=0.9684
        fs_gate=0.505, fs_state_norm=8.084

stochastic rollout metrics
K1 oracle_exact=0.2305 oracle_solved=0.2305 disagree=0.0000
  confidence exact=0.2305, valid=0.2305, solved=0.2305, blank_acc=0.9684; gap=0.0000
  consistency exact=0.2305, valid=0.2305, solved=0.2305, blank_acc=0.9684; gap=0.0000
  residual    exact=0.2305, valid=0.2305, solved=0.2305, blank_acc=0.9684; gap=0.0000
  majority    exact=0.2305, valid=0.2305, solved=0.2305, blank_acc=0.9684; gap=0.0000

compute-scaling rollout metrics
loop1
  K1 oracle_exact=0.0000 confidence_exact=0.0000 residual_exact=0.0000 disagree=0.0000
loop3
  K1 oracle_exact=0.2344 confidence_exact=0.2344 residual_exact=0.2344 disagree=0.0000
loop5
  K1 oracle_exact=0.2305 confidence_exact=0.2305 residual_exact=0.2305 disagree=0.0000
loop7
  K1 oracle_exact=0.2305 confidence_exact=0.2305 residual_exact=0.2305 disagree=0.0000

hole-transfer metrics
holes=64 exact=0.2305, valid=0.2305, solved=0.2305, blank_acc=0.9684; indep=0.1285, exact/indep=1.79
holes=48 exact=0.6992, valid=0.7070, solved=0.7070, blank_acc=0.9896; indep=0.6049, exact/indep=1.16
holes=80 exact=0.0000, valid=0.0000, solved=0.0000, blank_acc=0.9174; indep=0.0010, exact/indep=0.00
holes=96 exact=0.0000, valid=0.0000, solved=0.0000, blank_acc=0.8343; indep=0.0000, exact/indep=0.00
Depth loop adds useful full-board refinement.
wrote /huyang2/double-loop/.worktrees/unitmem-79004cf/runs/frontier-16x16-unitmem-d192-l10-loop7-h80-b48-20260605T0803Z-79004cf/output/futureseed_loop_seed52.json
wrote /huyang2/double-loop/.worktrees/unitmem-79004cf/runs/frontier-16x16-unitmem-d192-l10-loop7-h80-b48-20260605T0803Z-79004cf/output/futureseed_loop_seed52.md
wrote /huyang2/double-loop/.worktrees/unitmem-79004cf/runs/frontier-16x16-unitmem-d192-l10-loop7-h80-b48-20260605T0803Z-79004cf/output/futureseed_loop_case_seed52.html
