mode=eqr_probe
run_dir=/huyang2/double-loop/runs/eqr-solid-fd_only-s52-20260604T043657Z-66ff740
git_sha=66ff74066cab22774c03310a20e7bcdf25311f2b
git_dirty=0
device=cuda torch=2.7.0+cu126 params=888962 eqr_dir=/huyang2/double-loop/repos/eqr
[eqr_nohydra stage=1:4-8] step=0050 ce=0.8477 loop1=1.0391 sec=70.1
[eqr_nohydra stage=1:4-8] step=0100 ce=0.3828 loop1=0.9297 sec=140.0
[eqr_nohydra stage=1:4-8] step=0150 ce=0.1523 loop1=0.6875 sec=209.8
[eqr_nohydra stage=1:4-8] step=0200 ce=0.0476 loop1=0.5703 sec=231.3
[eqr_nohydra stage=2:8-12] step=0250 ce=0.0334 loop1=0.6484 sec=248.7
[eqr_nohydra stage=2:8-12] step=0300 ce=0.0121 loop1=0.6680 sec=267.1
[eqr_nohydra stage=2:8-12] step=0350 ce=0.0109 loop1=0.6250 sec=285.5
[eqr_nohydra stage=2:8-12] step=0400 ce=0.0017 loop1=0.6562 sec=303.7
[eqr_nohydra stage=2:8-12] step=0450 ce=0.0039 loop1=0.5508 sec=321.4
[eqr_nohydra stage=2:8-12] step=0500 ce=0.0061 loop1=0.5586 sec=338.9
[eqr_nohydra stage=2:8-12] step=0550 ce=0.0011 loop1=0.5625 sec=356.8
[eqr_nohydra stage=2:8-12] step=0600 ce=0.0038 loop1=0.6172 sec=374.2
primary holes8 loop4 exact=1.0000 blank=1.0000 gain=0.9629
decision=Continue: EqR benefits from deeper recurrent refinement with FutureSeed/feature-diff enabled.
wrote /huyang2/double-loop/runs/eqr-solid-fd_only-s52-20260604T043657Z-66ff740/output/eqr_probe_seed52.json
wrote /huyang2/double-loop/runs/eqr-solid-fd_only-s52-20260604T043657Z-66ff740/output/eqr_probe_seed52.md
