EqR FutureSeed/feature-noise patch already applied at /huyang2/double-loop/repos/eqr
EqR ready: base=aba94e9cde0f273ce644db5261cd6915ba6561f0 dir=/huyang2/double-loop/repos/eqr
No external data or model download is required for the current Sudoku probe.
mode=eqr_probe
run_dir=/huyang2/double-loop/runs/eqr-solid-base-s52-20260604T043657Z-66ff740
git_sha=66ff74066cab22774c03310a20e7bcdf25311f2b
git_dirty=0
device=cuda torch=2.7.0+cu126 params=888962 eqr_dir=/huyang2/double-loop/repos/eqr
[eqr_nohydra stage=1:4-8] step=0050 ce=0.8242 loop1=1.0078 sec=17.6
[eqr_nohydra stage=1:4-8] step=0100 ce=0.4668 loop1=0.8398 sec=34.8
[eqr_nohydra stage=1:4-8] step=0150 ce=0.1855 loop1=0.6328 sec=52.0
[eqr_nohydra stage=1:4-8] step=0200 ce=0.0605 loop1=0.4297 sec=69.3
[eqr_nohydra stage=2:8-12] step=0250 ce=0.0306 loop1=0.5430 sec=86.6
[eqr_nohydra stage=2:8-12] step=0300 ce=0.0052 loop1=0.5703 sec=103.9
[eqr_nohydra stage=2:8-12] step=0350 ce=0.0031 loop1=0.4863 sec=121.2
[eqr_nohydra stage=2:8-12] step=0400 ce=0.0043 loop1=0.5234 sec=138.5
[eqr_nohydra stage=2:8-12] step=0450 ce=0.0010 loop1=0.5117 sec=155.7
[eqr_nohydra stage=2:8-12] step=0500 ce=0.0007 loop1=0.4707 sec=172.9
[eqr_nohydra stage=2:8-12] step=0550 ce=0.0013 loop1=0.4570 sec=190.1
[eqr_nohydra stage=2:8-12] step=0600 ce=0.0008 loop1=0.4531 sec=207.4
primary holes8 loop4 exact=0.9980 blank=0.9998 gain=0.8945
decision=Continue: EqR benefits from deeper recurrent refinement with FutureSeed/feature-diff enabled.
wrote /huyang2/double-loop/runs/eqr-solid-base-s52-20260604T043657Z-66ff740/output/eqr_probe_seed52.json
wrote /huyang2/double-loop/runs/eqr-solid-base-s52-20260604T043657Z-66ff740/output/eqr_probe_seed52.md
recorded run=eqr-solid-base-s52-20260604T043657Z-66ff740 score=0.998046875 key=metrics.eval_clean.loop4.label_exact
completed run_dir=/huyang2/double-loop/runs/eqr-solid-base-s52-20260604T043657Z-66ff740
