mode=full
run_dir=/huyang2/double-loop/runs/frontier-16x16-allloop-d256-l8-20260604T1234Z-75a8796
git_sha=75a8796b822a80f66ebe9e3d1d5dc341d6505891
git_dirty=0
device=cuda torch=2.7.0+cu126 board=16x16 box=4x4 mainline=future_seed_loop rwkv_kernel=cuda
/opt/conda/lib/python3.10/site-packages/torch/utils/cpp_extension.py:2356: UserWarning: TORCH_CUDA_ARCH_LIST is not set, all archs for visible cards are included for compilation. 
If this is not desired, please set os.environ['TORCH_CUDA_ARCH_LIST'].
  warnings.warn(
[future_seed_loop stage=1:8-24] step=0100 ce=1.3641 total=1.3643 loop1=1.3651 loop_last=1.3641
[future_seed_loop stage=1:8-24] step=0200 ce=1.2472 total=1.2467 loop1=1.2453 loop_last=1.2472
[future_seed_loop stage=1:8-24] step=0300 ce=1.0901 total=1.0910 loop1=1.0963 loop_last=1.0901
[future_seed_loop stage=2:24-32] step=0400 ce=1.2407 total=1.2407 loop1=1.2430 loop_last=1.2407
[future_seed_loop stage=2:24-32] step=0500 ce=1.1559 total=1.1564 loop1=1.1616 loop_last=1.1559
[future_seed_loop stage=2:24-32] step=0600 ce=1.1198 total=1.1185 loop1=1.1144 loop_last=1.1198
[future_seed_loop stage=2:24-32] step=0700 ce=1.1087 total=1.1094 loop1=1.1146 loop_last=1.1087
[future_seed_loop stage=2:24-32] step=0800 ce=1.0134 total=1.0152 loop1=1.0255 loop_last=1.0134
[future_seed_loop stage=3:32-40] step=0900 ce=1.0743 total=1.0747 loop1=1.0797 loop_last=1.0743
[future_seed_loop stage=3:32-40] step=1000 ce=1.0823 total=1.0833 loop1=1.0900 loop_last=1.0823
[future_seed_loop stage=3:32-40] step=1100 ce=1.0064 total=1.0079 loop1=1.0176 loop_last=1.0064
[future_seed_loop stage=3:32-40] step=1200 ce=1.0498 total=1.0510 loop1=1.0595 loop_last=1.0498

full-board metrics
loop=1 exact=0.0000, valid=0.0000, solved=0.0000, blank_acc=0.3806
        fs_gate=0.496, fs_state_norm=7.941
loop=2 exact=0.0000, valid=0.0000, solved=0.0000, blank_acc=0.3857
        fs_gate=0.496, fs_state_norm=7.941
loop=3 exact=0.0000, valid=0.0000, solved=0.0000, blank_acc=0.3868
        fs_gate=0.496, fs_state_norm=7.941
loop=4 exact=0.0000, valid=0.0000, solved=0.0000, blank_acc=0.3877
        fs_gate=0.496, fs_state_norm=7.941
loop=5 exact=0.0000, valid=0.0000, solved=0.0000, blank_acc=0.3873
        fs_gate=0.496, fs_state_norm=7.941
loop=6 exact=0.0000, valid=0.0000, solved=0.0000, blank_acc=0.3873
        fs_gate=0.496, fs_state_norm=7.941
loop=7 exact=0.0000, valid=0.0000, solved=0.0000, blank_acc=0.3872
        fs_gate=0.496, fs_state_norm=7.941
loop=8 exact=0.0000, valid=0.0000, solved=0.0000, blank_acc=0.3872
        fs_gate=0.496, fs_state_norm=7.941

stochastic rollout metrics
K1 oracle_exact=0.0000 oracle_solved=0.0000 disagree=0.0000
  confidence exact=0.0000, valid=0.0000, solved=0.0000, blank_acc=0.3872; gap=0.0000
  consistency exact=0.0000, valid=0.0000, solved=0.0000, blank_acc=0.3872; gap=0.0000
  residual    exact=0.0000, valid=0.0000, solved=0.0000, blank_acc=0.3872; gap=0.0000
  majority    exact=0.0000, valid=0.0000, solved=0.0000, blank_acc=0.3872; gap=0.0000

compute-scaling rollout metrics
loop1
  K1 oracle_exact=0.0000 confidence_exact=0.0000 residual_exact=0.0000 disagree=0.0000
loop3
  K1 oracle_exact=0.0000 confidence_exact=0.0000 residual_exact=0.0000 disagree=0.0000
loop5
  K1 oracle_exact=0.0000 confidence_exact=0.0000 residual_exact=0.0000 disagree=0.0000
loop8
  K1 oracle_exact=0.0000 confidence_exact=0.0000 residual_exact=0.0000 disagree=0.0000

hole-transfer metrics
holes=32 exact=0.0000, valid=0.0000, solved=0.0000, blank_acc=0.3872; indep=0.0000, exact/indep=0.00
holes=24 exact=0.0000, valid=0.0000, solved=0.0000, blank_acc=0.4102; indep=0.0000, exact/indep=0.00
holes=40 exact=0.0000, valid=0.0000, solved=0.0000, blank_acc=0.3955; indep=0.0000, exact/indep=0.00
holes=48 exact=0.0000, valid=0.0000, solved=0.0000, blank_acc=0.3560; indep=0.0000, exact/indep=0.00
Depth loop is neutral on full-board exact in this run.
wrote /huyang2/double-loop/runs/frontier-16x16-allloop-d256-l8-20260604T1234Z-75a8796/output/futureseed_loop_seed52.json
wrote /huyang2/double-loop/runs/frontier-16x16-allloop-d256-l8-20260604T1234Z-75a8796/output/futureseed_loop_seed52.md
wrote /huyang2/double-loop/runs/frontier-16x16-allloop-d256-l8-20260604T1234Z-75a8796/output/futureseed_loop_case_seed52.html
recorded run=frontier-16x16-allloop-d256-l8-20260604T1234Z-75a8796 score=0.0 key=metrics.eval_clean.loop8.label_exact
completed run_dir=/huyang2/double-loop/runs/frontier-16x16-allloop-d256-l8-20260604T1234Z-75a8796
