nohup: ignoring input
mode=full
run_dir=/huyang2/double-loop/runs/frontier-16x16-delayed-unit-d256-l8-20260605T0236Z-37a3d6e
git_sha=37a3d6ebfd64d4ce18d35345a4c0d5458369f6ea
git_dirty=0
device=cuda torch=2.7.0+cu126 board=16x16 box=4x4 mainline=future_seed_loop rwkv_kernel=cuda
/opt/conda/lib/python3.10/site-packages/torch/utils/cpp_extension.py:2356: UserWarning: TORCH_CUDA_ARCH_LIST is not set, all archs for visible cards are included for compilation. 
If this is not desired, please set os.environ['TORCH_CUDA_ARCH_LIST'].
  warnings.warn(
[future_seed_loop stage=1:8-24] step=0100 ce=1.3620 total=1.3743 loop1=1.3611 loop_last=1.3620 unit=0.0494
[future_seed_loop stage=1:8-24] step=0200 ce=1.2306 total=1.2427 loop1=1.2288 loop_last=1.2306 unit=0.0484
[future_seed_loop stage=1:8-24] step=0300 ce=1.1119 total=1.1228 loop1=1.1108 loop_last=1.1119 unit=0.0439
[future_seed_loop stage=2:24-32] step=0400 ce=1.2642 total=1.2811 loop1=1.2629 loop_last=1.2642 unit=0.0677
[future_seed_loop stage=2:24-32] step=0500 ce=1.1679 total=1.1846 loop1=1.1850 loop_last=1.1679 unit=0.0669
[future_seed_loop stage=2:24-32] step=0600 ce=1.1365 total=1.1527 loop1=1.1420 loop_last=1.1365 unit=0.0646
[future_seed_loop stage=2:24-32] step=0700 ce=1.1106 total=1.1269 loop1=1.1229 loop_last=1.1106 unit=0.0652
[future_seed_loop stage=2:24-32] step=0800 ce=1.0258 total=1.0409 loop1=1.0387 loop_last=1.0258 unit=0.0604
[future_seed_loop stage=3:32-40] step=0900 ce=1.0946 total=1.1128 loop1=1.1091 loop_last=1.0946 unit=0.0726
[future_seed_loop stage=3:32-40] step=1000 ce=1.0991 total=1.1180 loop1=1.1152 loop_last=1.0991 unit=0.0759
[future_seed_loop stage=3:32-40] step=1100 ce=1.0155 total=1.0330 loop1=1.0345 loop_last=1.0155 unit=0.0697
[future_seed_loop stage=3:32-40] step=1200 ce=1.0642 total=1.0823 loop1=1.0826 loop_last=1.0642 unit=0.0723

full-board metrics
loop=1 exact=0.0000, valid=0.0000, solved=0.0000, blank_acc=0.3828
        fs_gate=0.498, fs_state_norm=7.965
loop=2 exact=0.0000, valid=0.0000, solved=0.0000, blank_acc=0.3832
        fs_gate=0.498, fs_state_norm=7.965
loop=3 exact=0.0000, valid=0.0000, solved=0.0000, blank_acc=0.3839
        fs_gate=0.498, fs_state_norm=7.965
loop=4 exact=0.0000, valid=0.0000, solved=0.0000, blank_acc=0.3838
        fs_gate=0.498, fs_state_norm=7.965
loop=5 exact=0.0000, valid=0.0000, solved=0.0000, blank_acc=0.3835
        fs_gate=0.498, fs_state_norm=7.965
loop=6 exact=0.0000, valid=0.0000, solved=0.0000, blank_acc=0.3832
        fs_gate=0.498, fs_state_norm=7.965
loop=7 exact=0.0000, valid=0.0000, solved=0.0000, blank_acc=0.3831
        fs_gate=0.498, fs_state_norm=7.965
loop=8 exact=0.0000, valid=0.0000, solved=0.0000, blank_acc=0.3831
        fs_gate=0.498, fs_state_norm=7.965

stochastic rollout metrics
K1 oracle_exact=0.0000 oracle_solved=0.0000 disagree=0.0000
  confidence exact=0.0000, valid=0.0000, solved=0.0000, blank_acc=0.3831; gap=0.0000
  consistency exact=0.0000, valid=0.0000, solved=0.0000, blank_acc=0.3831; gap=0.0000
  residual    exact=0.0000, valid=0.0000, solved=0.0000, blank_acc=0.3831; gap=0.0000
  majority    exact=0.0000, valid=0.0000, solved=0.0000, blank_acc=0.3831; gap=0.0000
K4 oracle_exact=0.0000 oracle_solved=0.0000 disagree=0.0000
  confidence exact=0.0000, valid=0.0000, solved=0.0000, blank_acc=0.3831; gap=0.0000
  consistency exact=0.0000, valid=0.0000, solved=0.0000, blank_acc=0.3831; gap=0.0000
  residual    exact=0.0000, valid=0.0000, solved=0.0000, blank_acc=0.3831; gap=0.0000
  majority    exact=0.0000, valid=0.0000, solved=0.0000, blank_acc=0.3831; gap=0.0000
K8 oracle_exact=0.0000 oracle_solved=0.0000 disagree=0.0000
  confidence exact=0.0000, valid=0.0000, solved=0.0000, blank_acc=0.3831; gap=0.0000
  consistency exact=0.0000, valid=0.0000, solved=0.0000, blank_acc=0.3831; gap=0.0000
  residual    exact=0.0000, valid=0.0000, solved=0.0000, blank_acc=0.3831; gap=0.0000
  majority    exact=0.0000, valid=0.0000, solved=0.0000, blank_acc=0.3831; gap=0.0000

compute-scaling rollout metrics
loop1
  K1 oracle_exact=0.0000 confidence_exact=0.0000 residual_exact=0.0000 disagree=0.0000
  K4 oracle_exact=0.0000 confidence_exact=0.0000 residual_exact=0.0000 disagree=0.0000
  K8 oracle_exact=0.0000 confidence_exact=0.0000 residual_exact=0.0000 disagree=0.0000
loop4
  K1 oracle_exact=0.0000 confidence_exact=0.0000 residual_exact=0.0000 disagree=0.0000
  K4 oracle_exact=0.0000 confidence_exact=0.0000 residual_exact=0.0000 disagree=0.0000
  K8 oracle_exact=0.0000 confidence_exact=0.0000 residual_exact=0.0000 disagree=0.0000
loop8
  K1 oracle_exact=0.0000 confidence_exact=0.0000 residual_exact=0.0000 disagree=0.0000
  K4 oracle_exact=0.0000 confidence_exact=0.0000 residual_exact=0.0000 disagree=0.0000
  K8 oracle_exact=0.0000 confidence_exact=0.0000 residual_exact=0.0000 disagree=0.0000

hole-transfer metrics
holes=32 exact=0.0000, valid=0.0000, solved=0.0000, blank_acc=0.3831; indep=0.0000, exact/indep=0.00
holes=24 exact=0.0000, valid=0.0000, solved=0.0000, blank_acc=0.4106; indep=0.0000, exact/indep=0.00
holes=40 exact=0.0000, valid=0.0000, solved=0.0000, blank_acc=0.3903; indep=0.0000, exact/indep=0.00
holes=48 exact=0.0000, valid=0.0000, solved=0.0000, blank_acc=0.3559; indep=0.0000, exact/indep=0.00
Depth loop is neutral on full-board exact in this run.
wrote /huyang2/double-loop/runs/frontier-16x16-delayed-unit-d256-l8-20260605T0236Z-37a3d6e/output/futureseed_loop_seed52.json
wrote /huyang2/double-loop/runs/frontier-16x16-delayed-unit-d256-l8-20260605T0236Z-37a3d6e/output/futureseed_loop_seed52.md
wrote /huyang2/double-loop/runs/frontier-16x16-delayed-unit-d256-l8-20260605T0236Z-37a3d6e/output/futureseed_loop_case_seed52.html
recorded run=frontier-16x16-delayed-unit-d256-l8-20260605T0236Z-37a3d6e score=0.0 key=metrics.eval_clean.loop8.label_exact
completed run_dir=/huyang2/double-loop/runs/frontier-16x16-delayed-unit-d256-l8-20260605T0236Z-37a3d6e
