EqR FutureSeed/feature-noise patch already applied at /huyang2/double-loop/repos/eqr
EqR ready: base=aba94e9cde0f273ce644db5261cd6915ba6561f0 dir=/huyang2/double-loop/repos/eqr
No external data or model download is required for the current Sudoku probe.
mode=eqr_probe
run_dir=/huyang2/double-loop/runs/eqr-solid-hard_combo-s53-20260604T044639Z-66ff740
git_sha=66ff74066cab22774c03310a20e7bcdf25311f2b
git_dirty=0
device=cuda torch=2.7.0+cu126 params=962692 eqr_dir=/huyang2/double-loop/repos/eqr
[eqr_nohydra stage=1:8-16] step=0100 ce=0.5000 loop1=1.2500 sec=141.1
[eqr_nohydra stage=1:8-16] step=0200 ce=0.0300 loop1=0.6992 sec=255.1
[eqr_nohydra stage=1:8-16] step=0300 ce=0.0023 loop1=0.5742 sec=303.6
[eqr_nohydra stage=2:16-24] step=0400 ce=0.0280 loop1=0.8672 sec=339.4
[eqr_nohydra stage=2:16-24] step=0500 ce=0.0135 loop1=0.6758 sec=374.8
[eqr_nohydra stage=2:16-24] step=0600 ce=0.0132 loop1=0.7773 sec=410.9
[eqr_nohydra stage=2:16-24] step=0700 ce=0.0044 loop1=0.6328 sec=434.1
[eqr_nohydra stage=2:16-24] step=0800 ce=0.0197 loop1=0.6758 sec=455.3
[eqr_nohydra stage=2:16-24] step=0900 ce=0.0031 loop1=0.6797 sec=476.5
primary holes16 loop4 exact=1.0000 blank=1.0000 gain=0.9902
decision=Continue: EqR benefits from deeper recurrent refinement with FutureSeed/feature-diff enabled.
wrote /huyang2/double-loop/runs/eqr-solid-hard_combo-s53-20260604T044639Z-66ff740/output/eqr_probe_seed53.json
wrote /huyang2/double-loop/runs/eqr-solid-hard_combo-s53-20260604T044639Z-66ff740/output/eqr_probe_seed53.md
recorded run=eqr-solid-hard_combo-s53-20260604T044639Z-66ff740 score=1.0 key=metrics.eval_clean.loop4.label_exact
completed run_dir=/huyang2/double-loop/runs/eqr-solid-hard_combo-s53-20260604T044639Z-66ff740
