mode=eqr_probe
run_dir=/huyang2/double-loop/runs/eqr-solid-fs_only-s52-20260604T043657Z-66ff740
git_sha=66ff74066cab22774c03310a20e7bcdf25311f2b
git_dirty=0
device=cuda torch=2.7.0+cu126 params=962692 eqr_dir=/huyang2/double-loop/repos/eqr
[eqr_nohydra stage=1:4-8] step=0050 ce=0.8633 loop1=1.0312 sec=23.3
[eqr_nohydra stage=1:4-8] step=0100 ce=0.5234 loop1=0.8320 sec=41.0
[eqr_nohydra stage=1:4-8] step=0150 ce=0.1040 loop1=0.5977 sec=58.7
[eqr_nohydra stage=1:4-8] step=0200 ce=0.0248 loop1=0.5234 sec=76.5
[eqr_nohydra stage=2:8-12] step=0250 ce=0.0094 loop1=0.5625 sec=94.2
[eqr_nohydra stage=2:8-12] step=0300 ce=0.0018 loop1=0.5977 sec=111.9
[eqr_nohydra stage=2:8-12] step=0350 ce=0.0012 loop1=0.5117 sec=129.7
[eqr_nohydra stage=2:8-12] step=0400 ce=0.0012 loop1=0.5938 sec=147.5
[eqr_nohydra stage=2:8-12] step=0450 ce=0.0021 loop1=0.5742 sec=165.3
[eqr_nohydra stage=2:8-12] step=0500 ce=0.0005 loop1=0.4941 sec=183.0
[eqr_nohydra stage=2:8-12] step=0550 ce=0.0015 loop1=0.4961 sec=200.8
[eqr_nohydra stage=2:8-12] step=0600 ce=0.0007 loop1=0.4668 sec=217.9
primary holes8 loop4 exact=1.0000 blank=1.0000 gain=0.9043
decision=Continue: EqR benefits from deeper recurrent refinement with FutureSeed/feature-diff enabled.
wrote /huyang2/double-loop/runs/eqr-solid-fs_only-s52-20260604T043657Z-66ff740/output/eqr_probe_seed52.json
wrote /huyang2/double-loop/runs/eqr-solid-fs_only-s52-20260604T043657Z-66ff740/output/eqr_probe_seed52.md
