mode=full
run_dir=/huyang2/double-loop/.worktrees/h120curve-20260612T0455Z-2e95bd8/runs/h120curve-12x12-d256-l12-loop6-s9000-ckpt1k2k3k-20260612T0455Z-2e95bd8
git_sha=2e95bd8513402634d973a53e2ae87a625ae69a5c
git_dirty=0
device=cuda torch=2.7.0+cu126 board=12x12 box=3x4 mainline=future_seed_loop rwkv_kernel=statepassing forward_dtype=bfloat16
checkpoint_eval steps=6800,7800,8800 holes=96,108,120,132
/opt/conda/lib/python3.10/site-packages/torch/utils/cpp_extension.py:2356: UserWarning: TORCH_CUDA_ARCH_LIST is not set, all archs for visible cards are included for compilation. 
If this is not desired, please set os.environ['TORCH_CUDA_ARCH_LIST'].
  warnings.warn(
[future_seed_loop stage=1:16-36] step=0100 ce=1.5641 total=1.5636 loop1=1.5626 loop_last=1.5641
[future_seed_loop stage=1:16-36] step=0200 ce=1.2739 total=1.2744 loop1=1.2775 loop_last=1.2739
[future_seed_loop stage=2:36-60] step=0300 ce=1.4103 total=1.4109 loop1=1.4152 loop_last=1.4103
[future_seed_loop stage=2:36-60] step=0400 ce=1.1848 total=1.1915 loop1=1.2190 loop_last=1.1848
[future_seed_loop stage=2:36-60] step=0500 ce=0.5865 total=0.6068 loop1=0.6966 loop_last=0.5865
[future_seed_loop stage=3:60-72] step=0600 ce=0.5051 total=0.5377 loop1=0.6826 loop_last=0.5051
[future_seed_loop stage=3:60-72] step=0700 ce=0.3112 total=0.3447 loop1=0.4894 loop_last=0.3112
[future_seed_loop stage=3:60-72] step=0800 ce=0.2174 total=0.2507 loop1=0.3945 loop_last=0.2174
[future_seed_loop stage=3:60-72] step=0900 ce=0.1749 total=0.2095 loop1=0.3640 loop_last=0.1749
[future_seed_loop stage=3:60-72] step=1000 ce=0.1404 total=0.1766 loop1=0.3347 loop_last=0.1404
[future_seed_loop stage=4:72-84] step=1100 ce=0.3240 total=0.3763 loop1=0.5943 loop_last=0.3240
[future_seed_loop stage=4:72-84] step=1200 ce=0.2752 total=0.3274 loop1=0.5509 loop_last=0.2752
[future_seed_loop stage=4:72-84] step=1300 ce=0.2452 total=0.2991 loop1=0.5357 loop_last=0.2452
[future_seed_loop stage=4:72-84] step=1400 ce=0.2008 total=0.2535 loop1=0.4802 loop_last=0.2008
[future_seed_loop stage=4:72-84] step=1500 ce=0.2773 total=0.3237 loop1=0.5254 loop_last=0.2773
[future_seed_loop stage=4:72-84] step=1600 ce=0.1694 total=0.2212 loop1=0.4453 loop_last=0.1694
[future_seed_loop stage=4:72-84] step=1700 ce=0.1675 total=0.2181 loop1=0.4349 loop_last=0.1675
[future_seed_loop stage=4:72-84] step=1800 ce=0.1685 total=0.2188 loop1=0.4349 loop_last=0.1685
[future_seed_loop stage=4:72-84] step=1900 ce=0.1778 total=0.2251 loop1=0.4313 loop_last=0.1778
[future_seed_loop stage=4:72-84] step=2000 ce=0.1493 total=0.1850 loop1=0.3494 loop_last=0.1493
[future_seed_loop stage=4:72-84] step=2100 ce=0.0985 total=0.1455 loop1=0.3503 loop_last=0.0985
[future_seed_loop stage=4:72-84] step=2200 ce=0.1561 total=0.2000 loop1=0.3917 loop_last=0.1561
[future_seed_loop stage=5:84-96] step=2300 ce=0.4557 total=0.5137 loop1=0.7536 loop_last=0.4557
[future_seed_loop stage=5:84-96] step=2400 ce=0.4288 total=0.4921 loop1=0.7479 loop_last=0.4288
[future_seed_loop stage=5:84-96] step=2500 ce=0.3663 total=0.4333 loop1=0.7026 loop_last=0.3663
[future_seed_loop stage=5:84-96] step=2600 ce=0.3554 total=0.4255 loop1=0.7154 loop_last=0.3554
[future_seed_loop stage=5:84-96] step=2700 ce=0.3697 total=0.4412 loop1=0.7323 loop_last=0.3697
[future_seed_loop stage=5:84-96] step=2800 ce=0.3006 total=0.3729 loop1=0.6624 loop_last=0.3006
[future_seed_loop stage=5:84-96] step=2900 ce=0.2992 total=0.3756 loop1=0.6786 loop_last=0.2992
[future_seed_loop stage=5:84-96] step=3000 ce=0.3905 total=0.4493 loop1=0.6904 loop_last=0.3905
[future_seed_loop stage=5:84-96] step=3100 ce=0.2419 total=0.3185 loop1=0.6101 loop_last=0.2419
[future_seed_loop stage=5:84-96] step=3200 ce=0.2335 total=0.3089 loop1=0.6159 loop_last=0.2335
[future_seed_loop stage=5:84-96] step=3300 ce=0.2312 total=0.3124 loop1=0.6371 loop_last=0.2312
[future_seed_loop stage=5:84-96] step=3400 ce=0.1322 total=0.2266 loop1=0.6044 loop_last=0.1322
[future_seed_loop stage=5:84-96] step=3500 ce=0.1253 total=0.1987 loop1=0.5175 loop_last=0.1253
[future_seed_loop stage=5:84-96] step=3600 ce=0.0510 total=0.1282 loop1=0.4631 loop_last=0.0510
[future_seed_loop stage=5:84-96] step=3700 ce=0.0817 total=0.1623 loop1=0.4991 loop_last=0.0817
[future_seed_loop stage=5:84-96] step=3800 ce=0.0637 total=0.1305 loop1=0.4207 loop_last=0.0637
[future_seed_loop stage=5:84-96] step=3900 ce=0.0339 total=0.0932 loop1=0.3628 loop_last=0.0339
[future_seed_loop stage=5:84-96] step=4000 ce=0.0438 total=0.0970 loop1=0.3445 loop_last=0.0438
[future_seed_loop stage=6:96-108] step=4100 ce=0.2722 total=0.4095 loop1=0.9399 loop_last=0.2722
[future_seed_loop stage=6:96-108] step=4200 ce=0.2343 total=0.3692 loop1=0.9019 loop_last=0.2343
[future_seed_loop stage=6:96-108] step=4300 ce=0.1917 total=0.3182 loop1=0.8446 loop_last=0.1917
[future_seed_loop stage=6:96-108] step=4400 ce=0.1689 total=0.2839 loop1=0.7745 loop_last=0.1689
[future_seed_loop stage=6:96-108] step=4500 ce=0.0718 total=0.1993 loop1=0.7453 loop_last=0.0718
[future_seed_loop stage=6:96-108] step=4600 ce=0.0975 total=0.2113 loop1=0.7075 loop_last=0.0975
[future_seed_loop stage=6:96-108] step=4700 ce=0.0992 total=0.1942 loop1=0.6092 loop_last=0.0992
[future_seed_loop stage=6:96-108] step=4800 ce=0.0639 total=0.1573 loop1=0.5848 loop_last=0.0639
[future_seed_loop stage=6:96-108] step=4900 ce=0.1098 total=0.1988 loop1=0.6159 loop_last=0.1098
[future_seed_loop stage=6:96-108] step=5000 ce=0.0580 total=0.1753 loop1=0.6697 loop_last=0.0580
[future_seed_loop stage=6:96-108] step=5100 ce=0.0528 total=0.1554 loop1=0.6050 loop_last=0.0528
[future_seed_loop stage=6:96-108] step=5200 ce=0.0274 total=0.1105 loop1=0.4894 loop_last=0.0274
[future_seed_loop stage=6:96-108] step=5300 ce=0.0645 total=0.1488 loop1=0.5286 loop_last=0.0645
[future_seed_loop stage=6:96-108] step=5400 ce=0.1041 total=0.1880 loop1=0.5527 loop_last=0.1041
[future_seed_loop stage=6:96-108] step=5500 ce=0.0406 total=0.1202 loop1=0.4791 loop_last=0.0406
[future_seed_loop stage=6:96-108] step=5600 ce=0.1274 total=0.2075 loop1=0.5739 loop_last=0.1274
[future_seed_loop stage=6:96-108] step=5700 ce=0.1058 total=0.1845 loop1=0.5579 loop_last=0.1058
[future_seed_loop stage=6:96-108] step=5800 ce=0.0892 total=0.1628 loop1=0.4966 loop_last=0.0892
[future_seed_loop stage=7:108-120] step=5900 ce=0.7280 total=0.8678 loop1=1.3882 loop_last=0.7280
[future_seed_loop stage=7:108-120] step=6000 ce=0.6758 total=0.8075 loop1=1.3138 loop_last=0.6758
[future_seed_loop stage=7:108-120] step=6100 ce=0.5303 total=0.7005 loop1=1.3300 loop_last=0.5303
[future_seed_loop stage=7:108-120] step=6200 ce=0.5847 total=0.7407 loop1=1.3196 loop_last=0.5847
[future_seed_loop stage=7:108-120] step=6300 ce=0.5579 total=0.7212 loop1=1.3208 loop_last=0.5579
[future_seed_loop stage=7:108-120] step=6400 ce=0.6005 total=0.7738 loop1=1.3970 loop_last=0.6005
[future_seed_loop stage=7:108-120] step=6500 ce=0.4232 total=0.5986 loop1=1.2401 loop_last=0.4232
[future_seed_loop stage=7:108-120] step=6600 ce=0.6016 total=0.7635 loop1=1.3519 loop_last=0.6016
[future_seed_loop stage=7:108-120] step=6700 ce=0.5600 total=0.7345 loop1=1.3701 loop_last=0.5600
[future_seed_loop stage=7:108-120] step=6800 ce=0.5196 total=0.6809 loop1=1.2821 loop_last=0.5196
[checkpoint_eval step=6800 holes120] loop6 exact=0.0137 blank=0.5658
[future_seed_loop stage=7:108-120] step=6900 ce=0.4650 total=0.6314 loop1=1.2430 loop_last=0.4650
[future_seed_loop stage=7:108-120] step=7000 ce=0.5797 total=0.7412 loop1=1.3273 loop_last=0.5797
[future_seed_loop stage=7:108-120] step=7100 ce=0.4408 total=0.6233 loop1=1.2816 loop_last=0.4408
[future_seed_loop stage=7:108-120] step=7200 ce=0.3408 total=0.5302 loop1=1.2366 loop_last=0.3408
[future_seed_loop stage=7:108-120] step=7300 ce=0.3162 total=0.5052 loop1=1.2041 loop_last=0.3162
[future_seed_loop stage=7:108-120] step=7400 ce=0.3605 total=0.5267 loop1=1.1588 loop_last=0.3605
[future_seed_loop stage=7:108-120] step=7500 ce=0.4193 total=0.5815 loop1=1.1885 loop_last=0.4193
[future_seed_loop stage=7:108-120] step=7600 ce=0.6072 total=0.7512 loop1=1.2964 loop_last=0.6072
[future_seed_loop stage=7:108-120] step=7700 ce=0.4619 total=0.6370 loop1=1.2599 loop_last=0.4619
[future_seed_loop stage=7:108-120] step=7800 ce=0.3683 total=0.5356 loop1=1.1607 loop_last=0.3683
[checkpoint_eval step=7800 holes120] loop6 exact=0.0332 blank=0.6062
[future_seed_loop stage=7:108-120] step=7900 ce=0.5092 total=0.6761 loop1=1.2743 loop_last=0.5092
[future_seed_loop stage=7:108-120] step=8000 ce=0.4425 total=0.5993 loop1=1.2029 loop_last=0.4425
[future_seed_loop stage=7:108-120] step=8100 ce=0.4008 total=0.5622 loop1=1.1697 loop_last=0.4008
[future_seed_loop stage=7:108-120] step=8200 ce=0.3793 total=0.5527 loop1=1.2111 loop_last=0.3793
[future_seed_loop stage=7:108-120] step=8300 ce=0.3016 total=0.4522 loop1=1.0448 loop_last=0.3016
[future_seed_loop stage=7:108-120] step=8400 ce=0.4405 total=0.6107 loop1=1.2380 loop_last=0.4405
[future_seed_loop stage=7:108-120] step=8500 ce=0.2813 total=0.4544 loop1=1.1242 loop_last=0.2813
[future_seed_loop stage=7:108-120] step=8600 ce=0.2920 total=0.4606 loop1=1.0828 loop_last=0.2920
[future_seed_loop stage=7:108-120] step=8700 ce=0.2888 total=0.4420 loop1=1.0548 loop_last=0.2888
[future_seed_loop stage=7:108-120] step=8800 ce=0.3833 total=0.5317 loop1=1.0907 loop_last=0.3833
[checkpoint_eval step=8800 holes120] loop6 exact=0.0410 blank=0.6382
[future_seed_loop stage=7:108-120] step=8900 ce=0.2898 total=0.4416 loop1=1.0592 loop_last=0.2898
[future_seed_loop stage=7:108-120] step=9000 ce=0.3685 total=0.5372 loop1=1.1541 loop_last=0.3685

full-board metrics
loop=1 exact=0.0000, valid=0.0000, solved=0.0000, blank_acc=0.3600
        fs_gate=0.659, fs_update=1.000, fs_state_norm=21.094, fs_decay=0.00, fb_in=0.000, fb_next=0.000, loop_time=0.000
loop=2 exact=0.0000, valid=0.0000, solved=0.0000, blank_acc=0.5211
        fs_gate=0.659, fs_update=1.000, fs_state_norm=21.094, fs_decay=0.00, fb_in=0.000, fb_next=0.000, loop_time=0.000
loop=3 exact=0.0195, valid=0.0254, solved=0.0254, blank_acc=0.6045
        fs_gate=0.659, fs_update=1.000, fs_state_norm=21.094, fs_decay=0.00, fb_in=0.000, fb_next=0.000, loop_time=0.000
loop=4 exact=0.0371, valid=0.0488, solved=0.0488, blank_acc=0.6181
        fs_gate=0.659, fs_update=1.000, fs_state_norm=21.094, fs_decay=0.00, fb_in=0.000, fb_next=0.000, loop_time=0.000
loop=5 exact=0.0410, valid=0.0527, solved=0.0527, blank_acc=0.6189
        fs_gate=0.659, fs_update=1.000, fs_state_norm=21.094, fs_decay=0.00, fb_in=0.000, fb_next=0.000, loop_time=0.000
loop=6 exact=0.0449, valid=0.0586, solved=0.0586, blank_acc=0.6196
        fs_gate=0.659, fs_update=1.000, fs_state_norm=21.094, fs_decay=0.00, fb_in=0.000, fb_next=0.000, loop_time=0.000

stochastic rollout metrics
K1 oracle_exact=0.0449 oracle_solved=0.0586 disagree=0.0000
  confidence exact=0.0449, valid=0.0586, solved=0.0586, blank_acc=0.6196; gap=0.0000
  consistency exact=0.0449, valid=0.0586, solved=0.0586, blank_acc=0.6196; gap=0.0000
  residual    exact=0.0449, valid=0.0586, solved=0.0586, blank_acc=0.6196; gap=0.0000
  majority    exact=0.0449, valid=0.0586, solved=0.0586, blank_acc=0.6196; gap=0.0000

hole-transfer metrics
holes=120 exact=0.0449, valid=0.0586, solved=0.0586, blank_acc=0.6196; indep=0.0000, exact/indep=398807633850910468210688.00
holes=96 exact=0.9902, valid=0.9922, solved=0.9922, blank_acc=0.9992; indep=0.9284, exact/indep=1.07
holes=108 exact=0.9355, valid=0.9473, solved=0.9473, blank_acc=0.9938; indep=0.5097, exact/indep=1.84
holes=132 exact=0.0000, valid=0.0000, solved=0.0000, blank_acc=0.1537; indep=0.0000, exact/indep=0.00
Depth loop adds useful full-board refinement.
wrote /huyang2/double-loop/.worktrees/h120curve-20260612T0455Z-2e95bd8/runs/h120curve-12x12-d256-l12-loop6-s9000-ckpt1k2k3k-20260612T0455Z-2e95bd8/output/futureseed_loop_seed52.json
wrote /huyang2/double-loop/.worktrees/h120curve-20260612T0455Z-2e95bd8/runs/h120curve-12x12-d256-l12-loop6-s9000-ckpt1k2k3k-20260612T0455Z-2e95bd8/output/futureseed_loop_seed52.md
wrote /huyang2/double-loop/.worktrees/h120curve-20260612T0455Z-2e95bd8/runs/h120curve-12x12-d256-l12-loop6-s9000-ckpt1k2k3k-20260612T0455Z-2e95bd8/output/futureseed_loop_case_seed52.html
