nohup: ignoring input
mode=full
run_dir=/huyang2/double-loop/runs/rwkv-fs-backbone-cliff2-20260604T070945Z-c9c212a-rwkv_nofs-s52
git_sha=c9c212a9e99aa41bd1ada01c3eb9e3d7a9449324
git_dirty=0
device=cuda torch=2.7.0+cu126 board=9x9 box=3x3 mainline=future_seed_loop rwkv_kernel=cuda
/opt/conda/lib/python3.10/site-packages/torch/utils/cpp_extension.py:2356: UserWarning: TORCH_CUDA_ARCH_LIST is not set, all archs for visible cards are included for compilation. 
If this is not desired, please set os.environ['TORCH_CUDA_ARCH_LIST'].
  warnings.warn(
[future_seed_loop stage=1:8-16] step=0100 ce=1.0923 total=1.0923 loop1=1.0907 loop_last=1.0923
[future_seed_loop stage=1:8-16] step=0200 ce=0.8370 total=0.8370 loop1=0.8414 loop_last=0.8370
[future_seed_loop stage=2:16-24] step=0300 ce=0.7798 total=0.7798 loop1=0.7873 loop_last=0.7798
[future_seed_loop stage=2:16-24] step=0400 ce=0.7177 total=0.7177 loop1=0.7238 loop_last=0.7177
[future_seed_loop stage=2:16-24] step=0500 ce=0.6465 total=0.6465 loop1=0.6534 loop_last=0.6465
[future_seed_loop stage=2:16-24] step=0600 ce=0.6316 total=0.6316 loop1=0.6479 loop_last=0.6316

full-board metrics
loop=1 exact=0.0078, valid=0.0078, solved=0.0078, blank_acc=0.6931
        fs_gate=0.000, fs_state_norm=0.000
loop=2 exact=0.0059, valid=0.0059, solved=0.0059, blank_acc=0.6963
        fs_gate=0.000, fs_state_norm=0.000
loop=3 exact=0.0039, valid=0.0039, solved=0.0039, blank_acc=0.6946
        fs_gate=0.000, fs_state_norm=0.000
loop=4 exact=0.0039, valid=0.0039, solved=0.0039, blank_acc=0.6954
        fs_gate=0.000, fs_state_norm=0.000
loop=5 exact=0.0039, valid=0.0039, solved=0.0039, blank_acc=0.6954
        fs_gate=0.000, fs_state_norm=0.000

stochastic rollout metrics
K1 oracle_exact=0.0039 oracle_solved=0.0039 disagree=0.0000
  confidence exact=0.0039, valid=0.0039, solved=0.0039, blank_acc=0.6954; gap=0.0000
  consistency exact=0.0039, valid=0.0039, solved=0.0039, blank_acc=0.6954; gap=0.0000
  residual    exact=0.0039, valid=0.0039, solved=0.0039, blank_acc=0.6954; gap=0.0000
  majority    exact=0.0039, valid=0.0039, solved=0.0039, blank_acc=0.6954; gap=0.0000
K4 oracle_exact=0.0039 oracle_solved=0.0039 disagree=0.0000
  confidence exact=0.0039, valid=0.0039, solved=0.0039, blank_acc=0.6954; gap=0.0000
  consistency exact=0.0039, valid=0.0039, solved=0.0039, blank_acc=0.6954; gap=0.0000
  residual    exact=0.0039, valid=0.0039, solved=0.0039, blank_acc=0.6954; gap=0.0000
  majority    exact=0.0039, valid=0.0039, solved=0.0039, blank_acc=0.6954; gap=0.0000
K8 oracle_exact=0.0039 oracle_solved=0.0039 disagree=0.0000
  confidence exact=0.0039, valid=0.0039, solved=0.0039, blank_acc=0.6954; gap=0.0000
  consistency exact=0.0039, valid=0.0039, solved=0.0039, blank_acc=0.6954; gap=0.0000
  residual    exact=0.0039, valid=0.0039, solved=0.0039, blank_acc=0.6954; gap=0.0000
  majority    exact=0.0039, valid=0.0039, solved=0.0039, blank_acc=0.6954; gap=0.0000

compute-scaling rollout metrics
loop1
  K1 oracle_exact=0.0078 confidence_exact=0.0078 residual_exact=0.0078 disagree=0.0000
  K4 oracle_exact=0.0078 confidence_exact=0.0078 residual_exact=0.0078 disagree=0.0000
  K8 oracle_exact=0.0078 confidence_exact=0.0078 residual_exact=0.0078 disagree=0.0000
loop3
  K1 oracle_exact=0.0039 confidence_exact=0.0039 residual_exact=0.0039 disagree=0.0000
  K4 oracle_exact=0.0039 confidence_exact=0.0039 residual_exact=0.0039 disagree=0.0000
  K8 oracle_exact=0.0039 confidence_exact=0.0039 residual_exact=0.0039 disagree=0.0000
loop5
  K1 oracle_exact=0.0039 confidence_exact=0.0039 residual_exact=0.0039 disagree=0.0000
  K4 oracle_exact=0.0039 confidence_exact=0.0039 residual_exact=0.0039 disagree=0.0000
  K8 oracle_exact=0.0039 confidence_exact=0.0039 residual_exact=0.0039 disagree=0.0000

hole-transfer metrics
holes=16 exact=0.0039, valid=0.0039, solved=0.0039, blank_acc=0.6954; indep=0.0030, exact/indep=1.31
holes=20 exact=0.0000, valid=0.0000, solved=0.0000, blank_acc=0.6669; indep=0.0003, exact/indep=0.00
holes=24 exact=0.0000, valid=0.0000, solved=0.0000, blank_acc=0.6350; indep=0.0000, exact/indep=0.00
holes=28 exact=0.0000, valid=0.0000, solved=0.0000, blank_acc=0.6004; indep=0.0000, exact/indep=0.00
holes=32 exact=0.0000, valid=0.0000, solved=0.0000, blank_acc=0.5493; indep=0.0000, exact/indep=0.00
Depth loop is not yet stable; later loops reduce full-board exact.
wrote /huyang2/double-loop/runs/rwkv-fs-backbone-cliff2-20260604T070945Z-c9c212a-rwkv_nofs-s52/output/futureseed_loop_seed52.json
wrote /huyang2/double-loop/runs/rwkv-fs-backbone-cliff2-20260604T070945Z-c9c212a-rwkv_nofs-s52/output/futureseed_loop_seed52.md
wrote /huyang2/double-loop/runs/rwkv-fs-backbone-cliff2-20260604T070945Z-c9c212a-rwkv_nofs-s52/output/futureseed_loop_case_seed52.html
recorded run=rwkv-fs-backbone-cliff2-20260604T070945Z-c9c212a-rwkv_nofs-s52 score=0.00390625 key=metrics.eval_clean.loop5.label_exact
completed run_dir=/huyang2/double-loop/runs/rwkv-fs-backbone-cliff2-20260604T070945Z-c9c212a-rwkv_nofs-s52
